[1.815s] Invoking command in '/home/palneel/ros2_ws/src/node_pkg': PYTHONPATH=/home/palneel/ros2_ws/build/node_pkg/prefix_override:/home/palneel/ros2_ws/install/node_pkg/lib/python3.10/site-packages:${PYTHONPATH} /usr/bin/python3 setup.py egg_info --egg-base ../../build/node_pkg build --build-base /home/palneel/ros2_ws/build/node_pkg/build install --record /home/palneel/ros2_ws/build/node_pkg/install.log --single-version-externally-managed
[2.252s] running egg_info
[2.254s] writing ../../build/node_pkg/node_pkg.egg-info/PKG-INFO
[2.255s] writing dependency_links to ../../build/node_pkg/node_pkg.egg-info/dependency_links.txt
[2.255s] writing entry points to ../../build/node_pkg/node_pkg.egg-info/entry_points.txt
[2.256s] writing requirements to ../../build/node_pkg/node_pkg.egg-info/requires.txt
[2.256s] writing top-level names to ../../build/node_pkg/node_pkg.egg-info/top_level.txt
[2.260s] reading manifest file '../../build/node_pkg/node_pkg.egg-info/SOURCES.txt'
[2.262s] writing manifest file '../../build/node_pkg/node_pkg.egg-info/SOURCES.txt'
[2.263s] running build
[2.263s] running build_py
[2.264s] running install
[2.265s] /usr/lib/python3/dist-packages/setuptools/command/install.py:34: SetuptoolsDeprecationWarning: setup.py install is deprecated. Use build and pip and other standards-based tools.
[2.265s]   warnings.warn(
[2.267s] running install_lib
[2.269s] running install_data
[2.271s] running install_egg_info
[2.275s] removing '/home/palneel/ros2_ws/install/node_pkg/lib/python3.10/site-packages/node_pkg-0.0.0-py3.10.egg-info' (and everything under it)
[2.276s] Copying ../../build/node_pkg/node_pkg.egg-info to /home/palneel/ros2_ws/install/node_pkg/lib/python3.10/site-packages/node_pkg-0.0.0-py3.10.egg-info
[2.278s] running install_scripts
[2.330s] Installing Node1 script to /home/palneel/ros2_ws/install/node_pkg/lib/node_pkg
[2.331s] writing list of installed files to '/home/palneel/ros2_ws/build/node_pkg/install.log'
[2.401s] Invoked command in '/home/palneel/ros2_ws/src/node_pkg' returned '0': PYTHONPATH=/home/palneel/ros2_ws/build/node_pkg/prefix_override:/home/palneel/ros2_ws/install/node_pkg/lib/python3.10/site-packages:${PYTHONPATH} /usr/bin/python3 setup.py egg_info --egg-base ../../build/node_pkg build --build-base /home/palneel/ros2_ws/build/node_pkg/build install --record /home/palneel/ros2_ws/build/node_pkg/install.log --single-version-externally-managed
