[1.769s] Invoking command in '/home/palneel/ros2_ws/build/my_package': PYTHONPATH=/home/palneel/ros2_ws/build/my_package/prefix_override:/home/palneel/ros2_ws/install/my_package/lib/python3.10/site-packages:${PYTHONPATH} /usr/bin/python3 setup.py develop --uninstall --editable --build-directory /home/palneel/ros2_ws/build/my_package/build
[2.166s] running develop
[2.167s] /usr/lib/python3/dist-packages/setuptools/command/easy_install.py:158: EasyInstallDeprecationWarning: easy_install command is deprecated. Use build and pip and other standards-based tools.
[2.167s]   warnings.warn(
[2.169s] /usr/lib/python3/dist-packages/setuptools/command/install.py:34: SetuptoolsDeprecationWarning: setup.py install is deprecated. Use build and pip and other standards-based tools.
[2.169s]   warnings.warn(
[2.456s] Invoked command in '/home/palneel/ros2_ws/build/my_package' returned '0': PYTHONPATH=/home/palneel/ros2_ws/build/my_package/prefix_override:/home/palneel/ros2_ws/install/my_package/lib/python3.10/site-packages:${PYTHONPATH} /usr/bin/python3 setup.py develop --uninstall --editable --build-directory /home/palneel/ros2_ws/build/my_package/build
[2.459s] Invoking command in '/home/palneel/ros2_ws/src/my_package': PYTHONPATH=/home/palneel/ros2_ws/build/my_package/prefix_override:/home/palneel/ros2_ws/install/my_package/lib/python3.10/site-packages:${PYTHONPATH} /usr/bin/python3 setup.py egg_info --egg-base ../../build/my_package build --build-base /home/palneel/ros2_ws/build/my_package/build install --record /home/palneel/ros2_ws/build/my_package/install.log --single-version-externally-managed
[2.833s] running egg_info
[2.834s] writing ../../build/my_package/my_package.egg-info/PKG-INFO
[2.835s] writing dependency_links to ../../build/my_package/my_package.egg-info/dependency_links.txt
[2.835s] writing entry points to ../../build/my_package/my_package.egg-info/entry_points.txt
[2.835s] writing requirements to ../../build/my_package/my_package.egg-info/requires.txt
[2.835s] writing top-level names to ../../build/my_package/my_package.egg-info/top_level.txt
[2.838s] reading manifest file '../../build/my_package/my_package.egg-info/SOURCES.txt'
[2.839s] writing manifest file '../../build/my_package/my_package.egg-info/SOURCES.txt'
[2.839s] running build
[2.839s] running build_py
[2.841s] running install
[2.841s] /usr/lib/python3/dist-packages/setuptools/command/install.py:34: SetuptoolsDeprecationWarning: setup.py install is deprecated. Use build and pip and other standards-based tools.
[2.841s]   warnings.warn(
[2.841s] running install_lib
[2.843s] running install_data
[2.844s] running install_egg_info
[2.847s] removing '/home/palneel/ros2_ws/install/my_package/lib/python3.10/site-packages/my_package-0.0.0-py3.10.egg-info' (and everything under it)
[2.847s] Copying ../../build/my_package/my_package.egg-info to /home/palneel/ros2_ws/install/my_package/lib/python3.10/site-packages/my_package-0.0.0-py3.10.egg-info
[2.848s] running install_scripts
[2.883s] Installing add_two_ints_client script to /home/palneel/ros2_ws/install/my_package/lib/my_package
[2.883s] Installing add_two_ints_server script to /home/palneel/ros2_ws/install/my_package/lib/my_package
[2.883s] Installing robot_publisher script to /home/palneel/ros2_ws/install/my_package/lib/my_package
[2.883s] Installing robot_subscriber script to /home/palneel/ros2_ws/install/my_package/lib/my_package
[2.883s] Installing sample script to /home/palneel/ros2_ws/install/my_package/lib/my_package
[2.884s] Installing turtlesim_chase script to /home/palneel/ros2_ws/install/my_package/lib/my_package
[2.884s] Installing turtlesim_controller script to /home/palneel/ros2_ws/install/my_package/lib/my_package
[2.884s] writing list of installed files to '/home/palneel/ros2_ws/build/my_package/install.log'
[2.930s] Invoked command in '/home/palneel/ros2_ws/src/my_package' returned '0': PYTHONPATH=/home/palneel/ros2_ws/build/my_package/prefix_override:/home/palneel/ros2_ws/install/my_package/lib/python3.10/site-packages:${PYTHONPATH} /usr/bin/python3 setup.py egg_info --egg-base ../../build/my_package build --build-base /home/palneel/ros2_ws/build/my_package/build install --record /home/palneel/ros2_ws/build/my_package/install.log --single-version-externally-managed
