[0.398s] Invoking command in '/home/palneel/ros2_ws/build/roboarm': PYTHONPATH=/home/palneel/ros2_ws/build/roboarm/prefix_override:/home/palneel/ros2_ws/install/roboarm/lib/python3.10/site-packages:${PYTHONPATH} /usr/bin/python3 setup.py develop --uninstall --editable --build-directory /home/palneel/ros2_ws/build/roboarm/build
[0.559s] running develop
[0.560s] /usr/lib/python3/dist-packages/setuptools/command/easy_install.py:158: EasyInstallDeprecationWarning: easy_install command is deprecated. Use build and pip and other standards-based tools.
[0.560s]   warnings.warn(
[0.561s] /usr/lib/python3/dist-packages/setuptools/command/install.py:34: SetuptoolsDeprecationWarning: setup.py install is deprecated. Use build and pip and other standards-based tools.
[0.561s]   warnings.warn(
[0.678s] Invoked command in '/home/palneel/ros2_ws/build/roboarm' returned '0': PYTHONPATH=/home/palneel/ros2_ws/build/roboarm/prefix_override:/home/palneel/ros2_ws/install/roboarm/lib/python3.10/site-packages:${PYTHONPATH} /usr/bin/python3 setup.py develop --uninstall --editable --build-directory /home/palneel/ros2_ws/build/roboarm/build
[0.678s] Invoking command in '/home/palneel/ros2_ws/src/roboarm': PYTHONPATH=/home/palneel/ros2_ws/build/roboarm/prefix_override:/home/palneel/ros2_ws/install/roboarm/lib/python3.10/site-packages:${PYTHONPATH} /usr/bin/python3 setup.py egg_info --egg-base ../../build/roboarm build --build-base /home/palneel/ros2_ws/build/roboarm/build install --record /home/palneel/ros2_ws/build/roboarm/install.log --single-version-externally-managed
[0.826s] running egg_info
[0.827s] writing ../../build/roboarm/roboarm.egg-info/PKG-INFO
[0.827s] writing dependency_links to ../../build/roboarm/roboarm.egg-info/dependency_links.txt
[0.827s] writing entry points to ../../build/roboarm/roboarm.egg-info/entry_points.txt
[0.827s] writing requirements to ../../build/roboarm/roboarm.egg-info/requires.txt
[0.827s] writing top-level names to ../../build/roboarm/roboarm.egg-info/top_level.txt
[0.828s] reading manifest file '../../build/roboarm/roboarm.egg-info/SOURCES.txt'
[0.829s] writing manifest file '../../build/roboarm/roboarm.egg-info/SOURCES.txt'
[0.829s] running build
[0.829s] running build_py
[0.829s] running install
[0.829s] /usr/lib/python3/dist-packages/setuptools/command/install.py:34: SetuptoolsDeprecationWarning: setup.py install is deprecated. Use build and pip and other standards-based tools.
[0.830s]   warnings.warn(
[0.830s] running install_lib
[0.831s] running install_data
[0.831s] running install_egg_info
[0.832s] removing '/home/palneel/ros2_ws/install/roboarm/lib/python3.10/site-packages/roboarm-0.0.0-py3.10.egg-info' (and everything under it)
[0.832s] Copying ../../build/roboarm/roboarm.egg-info to /home/palneel/ros2_ws/install/roboarm/lib/python3.10/site-packages/roboarm-0.0.0-py3.10.egg-info
[0.833s] running install_scripts
[0.847s] Installing controller script to /home/palneel/ros2_ws/install/roboarm/lib/roboarm
[0.847s] writing list of installed files to '/home/palneel/ros2_ws/build/roboarm/install.log'
[0.865s] Invoked command in '/home/palneel/ros2_ws/src/roboarm' returned '0': PYTHONPATH=/home/palneel/ros2_ws/build/roboarm/prefix_override:/home/palneel/ros2_ws/install/roboarm/lib/python3.10/site-packages:${PYTHONPATH} /usr/bin/python3 setup.py egg_info --egg-base ../../build/roboarm build --build-base /home/palneel/ros2_ws/build/roboarm/build install --record /home/palneel/ros2_ws/build/roboarm/install.log --single-version-externally-managed
