[0.920s] Invoking command in '/home/palneel/ros2_ws/build/my_package': PYTHONPATH=/home/palneel/ros2_ws/build/my_package/prefix_override:/home/palneel/ros2_ws/install/my_package/lib/python3.10/site-packages:${PYTHONPATH} /usr/bin/python3 setup.py develop --editable --build-directory /home/palneel/ros2_ws/build/my_package/build --no-deps install_data
[1.319s] running develop
[1.320s] /usr/lib/python3/dist-packages/setuptools/command/easy_install.py:158: EasyInstallDeprecationWarning: easy_install command is deprecated. Use build and pip and other standards-based tools.
[1.320s]   warnings.warn(
[1.322s] /usr/lib/python3/dist-packages/setuptools/command/install.py:34: SetuptoolsDeprecationWarning: setup.py install is deprecated. Use build and pip and other standards-based tools.
[1.322s]   warnings.warn(
[1.551s] running egg_info
[1.551s] writing my_package.egg-info/PKG-INFO
[1.551s] writing dependency_links to my_package.egg-info/dependency_links.txt
[1.551s] writing entry points to my_package.egg-info/entry_points.txt
[1.551s] writing requirements to my_package.egg-info/requires.txt
[1.551s] writing top-level names to my_package.egg-info/top_level.txt
[1.554s] reading manifest file 'my_package.egg-info/SOURCES.txt'
[1.555s] writing manifest file 'my_package.egg-info/SOURCES.txt'
[1.557s] running build_ext
[1.558s] Creating /home/palneel/ros2_ws/install/my_package/lib/python3.10/site-packages/my-package.egg-link (link to .)
[1.559s] Installing add_two_intsserver script to /home/palneel/ros2_ws/install/my_package/lib/my_package
[1.559s] Installing robot_publisher script to /home/palneel/ros2_ws/install/my_package/lib/my_package
[1.559s] Installing robot_subscriber script to /home/palneel/ros2_ws/install/my_package/lib/my_package
[1.559s] Installing sample script to /home/palneel/ros2_ws/install/my_package/lib/my_package
[1.559s] Installing turtlesim_controller script to /home/palneel/ros2_ws/install/my_package/lib/my_package
[1.560s] 
[1.560s] Installed /home/palneel/ros2_ws/build/my_package
[1.560s] running install_data
[1.560s] error: can't copy 'pub_sub/my_package_pub_sub.launch.py': doesn't exist or not a regular file
[1.606s] Invoked command in '/home/palneel/ros2_ws/build/my_package' returned '1': PYTHONPATH=/home/palneel/ros2_ws/build/my_package/prefix_override:/home/palneel/ros2_ws/install/my_package/lib/python3.10/site-packages:${PYTHONPATH} /usr/bin/python3 setup.py develop --editable --build-directory /home/palneel/ros2_ws/build/my_package/build --no-deps install_data
