[1.940s] Invoking command in '/home/palneel/ros2_ws/src/lab4': PYTHONPATH=/home/palneel/ros2_ws/build/lab4/prefix_override:/home/palneel/ros2_ws/install/lab4/lib/python3.10/site-packages:${PYTHONPATH} /usr/bin/python3 setup.py egg_info --egg-base ../../build/lab4 build --build-base /home/palneel/ros2_ws/build/lab4/build install --record /home/palneel/ros2_ws/build/lab4/install.log --single-version-externally-managed
[2.318s] running egg_info
[2.321s] writing ../../build/lab4/lab4.egg-info/PKG-INFO
[2.321s] writing dependency_links to ../../build/lab4/lab4.egg-info/dependency_links.txt
[2.322s] writing entry points to ../../build/lab4/lab4.egg-info/entry_points.txt
[2.322s] writing requirements to ../../build/lab4/lab4.egg-info/requires.txt
[2.322s] writing top-level names to ../../build/lab4/lab4.egg-info/top_level.txt
[2.325s] reading manifest file '../../build/lab4/lab4.egg-info/SOURCES.txt'
[2.326s] writing manifest file '../../build/lab4/lab4.egg-info/SOURCES.txt'
[2.326s] running build
[2.327s] running build_py
[2.327s] running install
[2.327s] /usr/lib/python3/dist-packages/setuptools/command/install.py:34: SetuptoolsDeprecationWarning: setup.py install is deprecated. Use build and pip and other standards-based tools.
[2.327s]   warnings.warn(
[2.327s] running install_lib
[2.329s] running install_data
[2.330s] running install_egg_info
[2.334s] removing '/home/palneel/ros2_ws/install/lab4/lib/python3.10/site-packages/lab4-0.0.0-py3.10.egg-info' (and everything under it)
[2.334s] Copying ../../build/lab4/lab4.egg-info to /home/palneel/ros2_ws/install/lab4/lib/python3.10/site-packages/lab4-0.0.0-py3.10.egg-info
[2.336s] running install_scripts
[2.375s] writing list of installed files to '/home/palneel/ros2_ws/build/lab4/install.log'
[2.451s] Invoked command in '/home/palneel/ros2_ws/src/lab4' returned '0': PYTHONPATH=/home/palneel/ros2_ws/build/lab4/prefix_override:/home/palneel/ros2_ws/install/lab4/lib/python3.10/site-packages:${PYTHONPATH} /usr/bin/python3 setup.py egg_info --egg-base ../../build/lab4 build --build-base /home/palneel/ros2_ws/build/lab4/build install --record /home/palneel/ros2_ws/build/lab4/install.log --single-version-externally-managed
