[1.004s] Invoking command in '/home/palneel/ros2_ws/build/roboarm': PYTHONPATH=/home/palneel/ros2_ws/build/roboarm/prefix_override:/home/palneel/ros2_ws/install/roboarm/lib/python3.10/site-packages:${PYTHONPATH} /usr/bin/python3 setup.py develop --editable --build-directory /home/palneel/ros2_ws/build/roboarm/build --no-deps install_data
[1.405s] running develop
[1.406s] /usr/lib/python3/dist-packages/setuptools/command/easy_install.py:158: EasyInstallDeprecationWarning: easy_install command is deprecated. Use build and pip and other standards-based tools.
[1.406s]   warnings.warn(
[1.408s] /usr/lib/python3/dist-packages/setuptools/command/install.py:34: SetuptoolsDeprecationWarning: setup.py install is deprecated. Use build and pip and other standards-based tools.
[1.408s]   warnings.warn(
[1.652s] running egg_info
[1.652s] writing roboarm.egg-info/PKG-INFO
[1.652s] writing dependency_links to roboarm.egg-info/dependency_links.txt
[1.652s] writing entry points to roboarm.egg-info/entry_points.txt
[1.652s] writing requirements to roboarm.egg-info/requires.txt
[1.652s] writing top-level names to roboarm.egg-info/top_level.txt
[1.655s] reading manifest file 'roboarm.egg-info/SOURCES.txt'
[1.657s] writing manifest file 'roboarm.egg-info/SOURCES.txt'
[1.659s] running build_ext
[1.659s] Creating /home/palneel/ros2_ws/install/roboarm/lib/python3.10/site-packages/roboarm.egg-link (link to .)
[1.660s] Installing controller script to /home/palneel/ros2_ws/install/roboarm/lib/roboarm
[1.660s] 
[1.661s] Installed /home/palneel/ros2_ws/build/roboarm
[1.661s] running install_data
[1.661s] copying launch/arm_control.launch.py -> /home/palneel/ros2_ws/install/roboarm/share/roboarm
[1.706s] Invoked command in '/home/palneel/ros2_ws/build/roboarm' returned '0': PYTHONPATH=/home/palneel/ros2_ws/build/roboarm/prefix_override:/home/palneel/ros2_ws/install/roboarm/lib/python3.10/site-packages:${PYTHONPATH} /usr/bin/python3 setup.py develop --editable --build-directory /home/palneel/ros2_ws/build/roboarm/build --no-deps install_data
