[1.017s] Invoking command in '/home/palneel/ros2_ws/build/roboarm': PYTHONPATH=/home/palneel/ros2_ws/build/roboarm/prefix_override:/home/palneel/ros2_ws/install/roboarm/lib/python3.10/site-packages:${PYTHONPATH} /usr/bin/python3 setup.py develop --uninstall --editable --build-directory /home/palneel/ros2_ws/build/roboarm/build
[1.431s] running develop
[1.431s] /usr/lib/python3/dist-packages/setuptools/command/easy_install.py:158: EasyInstallDeprecationWarning: easy_install command is deprecated. Use build and pip and other standards-based tools.
[1.431s]   warnings.warn(
[1.434s] /usr/lib/python3/dist-packages/setuptools/command/install.py:34: SetuptoolsDeprecationWarning: setup.py install is deprecated. Use build and pip and other standards-based tools.
[1.434s]   warnings.warn(
[1.726s] Invoked command in '/home/palneel/ros2_ws/build/roboarm' returned '0': PYTHONPATH=/home/palneel/ros2_ws/build/roboarm/prefix_override:/home/palneel/ros2_ws/install/roboarm/lib/python3.10/site-packages:${PYTHONPATH} /usr/bin/python3 setup.py develop --uninstall --editable --build-directory /home/palneel/ros2_ws/build/roboarm/build
[1.728s] Invoking command in '/home/palneel/ros2_ws/src/roboarm': PYTHONPATH=/home/palneel/ros2_ws/build/roboarm/prefix_override:/home/palneel/ros2_ws/install/roboarm/lib/python3.10/site-packages:${PYTHONPATH} /usr/bin/python3 setup.py egg_info --egg-base ../../build/roboarm build --build-base /home/palneel/ros2_ws/build/roboarm/build install --record /home/palneel/ros2_ws/build/roboarm/install.log --single-version-externally-managed
[2.116s] running egg_info
[2.117s] writing ../../build/roboarm/roboarm.egg-info/PKG-INFO
[2.117s] writing dependency_links to ../../build/roboarm/roboarm.egg-info/dependency_links.txt
[2.118s] writing entry points to ../../build/roboarm/roboarm.egg-info/entry_points.txt
[2.118s] writing requirements to ../../build/roboarm/roboarm.egg-info/requires.txt
[2.118s] writing top-level names to ../../build/roboarm/roboarm.egg-info/top_level.txt
[2.121s] reading manifest file '../../build/roboarm/roboarm.egg-info/SOURCES.txt'
[2.122s] writing manifest file '../../build/roboarm/roboarm.egg-info/SOURCES.txt'
[2.122s] running build
[2.122s] running build_py
[2.123s] running install
[2.123s] /usr/lib/python3/dist-packages/setuptools/command/install.py:34: SetuptoolsDeprecationWarning: setup.py install is deprecated. Use build and pip and other standards-based tools.
[2.123s]   warnings.warn(
[2.123s] running install_lib
[2.125s] running install_data
[2.126s] running install_egg_info
[2.129s] removing '/home/palneel/ros2_ws/install/roboarm/lib/python3.10/site-packages/roboarm-0.0.0-py3.10.egg-info' (and everything under it)
[2.129s] Copying ../../build/roboarm/roboarm.egg-info to /home/palneel/ros2_ws/install/roboarm/lib/python3.10/site-packages/roboarm-0.0.0-py3.10.egg-info
[2.130s] running install_scripts
[2.166s] Installing controller script to /home/palneel/ros2_ws/install/roboarm/lib/roboarm
[2.166s] writing list of installed files to '/home/palneel/ros2_ws/build/roboarm/install.log'
[2.206s] Invoked command in '/home/palneel/ros2_ws/src/roboarm' returned '0': PYTHONPATH=/home/palneel/ros2_ws/build/roboarm/prefix_override:/home/palneel/ros2_ws/install/roboarm/lib/python3.10/site-packages:${PYTHONPATH} /usr/bin/python3 setup.py egg_info --egg-base ../../build/roboarm build --build-base /home/palneel/ros2_ws/build/roboarm/build install --record /home/palneel/ros2_ws/build/roboarm/install.log --single-version-externally-managed
