[0.396s] Invoking command in '/home/palneel/ros2_ws/build/my_package': PYTHONPATH=/home/palneel/ros2_ws/build/my_package/prefix_override:/home/palneel/ros2_ws/install/my_package/lib/python3.10/site-packages:${PYTHONPATH} /usr/bin/python3 setup.py develop --uninstall --editable --build-directory /home/palneel/ros2_ws/build/my_package/build
[0.553s] running develop
[0.554s] /usr/lib/python3/dist-packages/setuptools/command/easy_install.py:158: EasyInstallDeprecationWarning: easy_install command is deprecated. Use build and pip and other standards-based tools.
[0.554s]   warnings.warn(
[0.555s] /usr/lib/python3/dist-packages/setuptools/command/install.py:34: SetuptoolsDeprecationWarning: setup.py install is deprecated. Use build and pip and other standards-based tools.
[0.555s]   warnings.warn(
[0.665s] Invoked command in '/home/palneel/ros2_ws/build/my_package' returned '0': PYTHONPATH=/home/palneel/ros2_ws/build/my_package/prefix_override:/home/palneel/ros2_ws/install/my_package/lib/python3.10/site-packages:${PYTHONPATH} /usr/bin/python3 setup.py develop --uninstall --editable --build-directory /home/palneel/ros2_ws/build/my_package/build
[0.667s] Invoking command in '/home/palneel/ros2_ws/src/my_package': PYTHONPATH=/home/palneel/ros2_ws/build/my_package/prefix_override:/home/palneel/ros2_ws/install/my_package/lib/python3.10/site-packages:${PYTHONPATH} /usr/bin/python3 setup.py egg_info --egg-base ../../build/my_package build --build-base /home/palneel/ros2_ws/build/my_package/build install --record /home/palneel/ros2_ws/build/my_package/install.log --single-version-externally-managed
[0.807s] running egg_info
[0.807s] writing ../../build/my_package/my_package.egg-info/PKG-INFO
[0.809s] writing dependency_links to ../../build/my_package/my_package.egg-info/dependency_links.txt
[0.810s] writing entry points to ../../build/my_package/my_package.egg-info/entry_points.txt
[0.810s] writing requirements to ../../build/my_package/my_package.egg-info/requires.txt
[0.810s] writing top-level names to ../../build/my_package/my_package.egg-info/top_level.txt
[0.811s] reading manifest file '../../build/my_package/my_package.egg-info/SOURCES.txt'
[0.812s] writing manifest file '../../build/my_package/my_package.egg-info/SOURCES.txt'
[0.812s] running build
[0.812s] running build_py
[0.812s] running install
[0.812s] /usr/lib/python3/dist-packages/setuptools/command/install.py:34: SetuptoolsDeprecationWarning: setup.py install is deprecated. Use build and pip and other standards-based tools.
[0.812s]   warnings.warn(
[0.812s] running install_lib
[0.814s] running install_data
[0.814s] running install_egg_info
[0.816s] removing '/home/palneel/ros2_ws/install/my_package/lib/python3.10/site-packages/my_package-0.0.0-py3.10.egg-info' (and everything under it)
[0.816s] Copying ../../build/my_package/my_package.egg-info to /home/palneel/ros2_ws/install/my_package/lib/python3.10/site-packages/my_package-0.0.0-py3.10.egg-info
[0.816s] running install_scripts
[0.830s] Installing robot_publisher script to /home/palneel/ros2_ws/install/my_package/lib/my_package
[0.830s] Installing robot_subscriber script to /home/palneel/ros2_ws/install/my_package/lib/my_package
[0.830s] Installing sample script to /home/palneel/ros2_ws/install/my_package/lib/my_package
[0.830s] writing list of installed files to '/home/palneel/ros2_ws/build/my_package/install.log'
[0.847s] Invoked command in '/home/palneel/ros2_ws/src/my_package' returned '0': PYTHONPATH=/home/palneel/ros2_ws/build/my_package/prefix_override:/home/palneel/ros2_ws/install/my_package/lib/python3.10/site-packages:${PYTHONPATH} /usr/bin/python3 setup.py egg_info --egg-base ../../build/my_package build --build-base /home/palneel/ros2_ws/build/my_package/build install --record /home/palneel/ros2_ws/build/my_package/install.log --single-version-externally-managed
