[0.489s] Invoking command in '/home/palneel/ros2_ws/src/roboarm': PYTHONPATH=/home/palneel/ros2_ws/build/roboarm/prefix_override:/home/palneel/ros2_ws/install/roboarm/lib/python3.10/site-packages:${PYTHONPATH} /usr/bin/python3 setup.py egg_info --egg-base ../../build/roboarm build --build-base /home/palneel/ros2_ws/build/roboarm/build install --record /home/palneel/ros2_ws/build/roboarm/install.log --single-version-externally-managed
[0.636s] running egg_info
[0.637s] writing ../../build/roboarm/roboarm.egg-info/PKG-INFO
[0.639s] writing dependency_links to ../../build/roboarm/roboarm.egg-info/dependency_links.txt
[0.639s] writing entry points to ../../build/roboarm/roboarm.egg-info/entry_points.txt
[0.639s] writing requirements to ../../build/roboarm/roboarm.egg-info/requires.txt
[0.639s] writing top-level names to ../../build/roboarm/roboarm.egg-info/top_level.txt
[0.640s] reading manifest file '../../build/roboarm/roboarm.egg-info/SOURCES.txt'
[0.641s] writing manifest file '../../build/roboarm/roboarm.egg-info/SOURCES.txt'
[0.641s] running build
[0.641s] running build_py
[0.642s] running install
[0.642s] /usr/lib/python3/dist-packages/setuptools/command/install.py:34: SetuptoolsDeprecationWarning: setup.py install is deprecated. Use build and pip and other standards-based tools.
[0.642s]   warnings.warn(
[0.642s] running install_lib
[0.643s] running install_data
[0.644s] running install_egg_info
[0.645s] removing '/home/palneel/ros2_ws/install/roboarm/lib/python3.10/site-packages/roboarm-0.0.0-py3.10.egg-info' (and everything under it)
[0.645s] Copying ../../build/roboarm/roboarm.egg-info to /home/palneel/ros2_ws/install/roboarm/lib/python3.10/site-packages/roboarm-0.0.0-py3.10.egg-info
[0.646s] running install_scripts
[0.659s] Installing controller script to /home/palneel/ros2_ws/install/roboarm/lib/roboarm
[0.660s] writing list of installed files to '/home/palneel/ros2_ws/build/roboarm/install.log'
[0.677s] Invoked command in '/home/palneel/ros2_ws/src/roboarm' returned '0': PYTHONPATH=/home/palneel/ros2_ws/build/roboarm/prefix_override:/home/palneel/ros2_ws/install/roboarm/lib/python3.10/site-packages:${PYTHONPATH} /usr/bin/python3 setup.py egg_info --egg-base ../../build/roboarm build --build-base /home/palneel/ros2_ws/build/roboarm/build install --record /home/palneel/ros2_ws/build/roboarm/install.log --single-version-externally-managed
