[0.313s] DEBUG:colcon:Command line arguments: ['/usr/bin/colcon', 'list', '-p', '--base-paths', '/home/palneel/ros2_ws']
[0.314s] DEBUG:colcon:Parsed command line arguments: Namespace(log_base=None, log_level=None, verb_name='list', build_base='build', ignore_user_meta=False, metas=['./colcon.meta'], base_paths=['/home/palneel/ros2_ws'], packages_ignore=None, packages_ignore_regex=None, paths=None, packages_up_to=None, packages_up_to_regex=None, packages_above=None, packages_above_and_dependencies=None, packages_above_depth=None, packages_select_by_dep=None, packages_skip_by_dep=None, packages_skip_up_to=None, packages_select_build_failed=False, packages_skip_build_finished=False, packages_select_test_failures=False, packages_skip_test_passed=False, packages_select=None, packages_skip=None, packages_select_regex=None, packages_skip_regex=None, packages_start=None, packages_end=None, allow_overriding=[], topological_order=False, names_only=False, paths_only=True, topological_graph=False, topological_graph_dot=False, topological_graph_density=False, topological_graph_legend=False, topological_graph_dot_cluster=False, topological_graph_dot_include_skipped=False, verb_parser=<colcon_defaults.argument_parser.defaults.DefaultArgumentsDecorator object at 0x7f26786d9e70>, verb_extension=<colcon_package_information.verb.list.ListVerb object at 0x7f2678647d30>, main=<bound method ListVerb.main of <colcon_package_information.verb.list.ListVerb object at 0x7f2678647d30>>)
[0.347s] Level 1:colcon.colcon_core.package_discovery:discover_packages(colcon_meta) check parameters
[0.348s] Level 1:colcon.colcon_core.package_discovery:discover_packages(recursive) check parameters
[0.348s] Level 1:colcon.colcon_core.package_discovery:discover_packages(ignore) check parameters
[0.348s] Level 1:colcon.colcon_core.package_discovery:discover_packages(path) check parameters
[0.348s] Level 1:colcon.colcon_core.package_discovery:discover_packages(recursive) discover
[0.348s] INFO:colcon.colcon_core.package_discovery:Crawling recursively for packages in '/home/palneel/ros2_ws'
[0.348s] Level 1:colcon.colcon_core.package_identification:_identify(/home/palneel/ros2_ws) by extensions ['ignore', 'ignore_ament_install']
[0.348s] Level 1:colcon.colcon_core.package_identification:_identify(/home/palneel/ros2_ws) by extension 'ignore'
[0.348s] Level 1:colcon.colcon_core.package_identification:_identify(/home/palneel/ros2_ws) by extension 'ignore_ament_install'
[0.348s] Level 1:colcon.colcon_core.package_identification:_identify(/home/palneel/ros2_ws) by extensions ['colcon_pkg']
[0.348s] Level 1:colcon.colcon_core.package_identification:_identify(/home/palneel/ros2_ws) by extension 'colcon_pkg'
[0.348s] Level 1:colcon.colcon_core.package_identification:_identify(/home/palneel/ros2_ws) by extensions ['colcon_meta']
[0.348s] Level 1:colcon.colcon_core.package_identification:_identify(/home/palneel/ros2_ws) by extension 'colcon_meta'
[0.348s] Level 1:colcon.colcon_core.package_identification:_identify(/home/palneel/ros2_ws) by extensions ['ros']
[0.348s] Level 1:colcon.colcon_core.package_identification:_identify(/home/palneel/ros2_ws) by extension 'ros'
[0.362s] Level 1:colcon.colcon_core.package_identification:_identify(/home/palneel/ros2_ws) by extensions ['cmake', 'python']
[0.362s] Level 1:colcon.colcon_core.package_identification:_identify(/home/palneel/ros2_ws) by extension 'cmake'
[0.362s] Level 1:colcon.colcon_core.package_identification:_identify(/home/palneel/ros2_ws) by extension 'python'
[0.362s] Level 1:colcon.colcon_core.package_identification:_identify(/home/palneel/ros2_ws) by extensions ['python_setup_py']
[0.362s] Level 1:colcon.colcon_core.package_identification:_identify(/home/palneel/ros2_ws) by extension 'python_setup_py'
[0.362s] Level 1:colcon.colcon_core.package_identification:_identify(/home/palneel/ros2_ws/build) by extensions ['ignore', 'ignore_ament_install']
[0.362s] Level 1:colcon.colcon_core.package_identification:_identify(/home/palneel/ros2_ws/build) by extension 'ignore'
[0.363s] Level 1:colcon.colcon_core.package_identification:_identify(/home/palneel/ros2_ws/build) ignored
[0.363s] Level 1:colcon.colcon_core.package_identification:_identify(/home/palneel/ros2_ws/install) by extensions ['ignore', 'ignore_ament_install']
[0.363s] Level 1:colcon.colcon_core.package_identification:_identify(/home/palneel/ros2_ws/install) by extension 'ignore'
[0.363s] Level 1:colcon.colcon_core.package_identification:_identify(/home/palneel/ros2_ws/install) ignored
[0.363s] Level 1:colcon.colcon_core.package_identification:_identify(/home/palneel/ros2_ws/log) by extensions ['ignore', 'ignore_ament_install']
[0.363s] Level 1:colcon.colcon_core.package_identification:_identify(/home/palneel/ros2_ws/log) by extension 'ignore'
[0.363s] Level 1:colcon.colcon_core.package_identification:_identify(/home/palneel/ros2_ws/log) ignored
[0.363s] Level 1:colcon.colcon_core.package_identification:_identify(/home/palneel/ros2_ws/src) by extensions ['ignore', 'ignore_ament_install']
[0.363s] Level 1:colcon.colcon_core.package_identification:_identify(/home/palneel/ros2_ws/src) by extension 'ignore'
[0.363s] Level 1:colcon.colcon_core.package_identification:_identify(/home/palneel/ros2_ws/src) by extension 'ignore_ament_install'
[0.364s] Level 1:colcon.colcon_core.package_identification:_identify(/home/palneel/ros2_ws/src) by extensions ['colcon_pkg']
[0.364s] Level 1:colcon.colcon_core.package_identification:_identify(/home/palneel/ros2_ws/src) by extension 'colcon_pkg'
[0.364s] Level 1:colcon.colcon_core.package_identification:_identify(/home/palneel/ros2_ws/src) by extensions ['colcon_meta']
[0.364s] Level 1:colcon.colcon_core.package_identification:_identify(/home/palneel/ros2_ws/src) by extension 'colcon_meta'
[0.364s] Level 1:colcon.colcon_core.package_identification:_identify(/home/palneel/ros2_ws/src) by extensions ['ros']
[0.364s] Level 1:colcon.colcon_core.package_identification:_identify(/home/palneel/ros2_ws/src) by extension 'ros'
[0.364s] Level 1:colcon.colcon_core.package_identification:_identify(/home/palneel/ros2_ws/src) by extensions ['cmake', 'python']
[0.364s] Level 1:colcon.colcon_core.package_identification:_identify(/home/palneel/ros2_ws/src) by extension 'cmake'
[0.364s] Level 1:colcon.colcon_core.package_identification:_identify(/home/palneel/ros2_ws/src) by extension 'python'
[0.364s] Level 1:colcon.colcon_core.package_identification:_identify(/home/palneel/ros2_ws/src) by extensions ['python_setup_py']
[0.364s] Level 1:colcon.colcon_core.package_identification:_identify(/home/palneel/ros2_ws/src) by extension 'python_setup_py'
[0.364s] Level 1:colcon.colcon_core.package_identification:_identify(/home/palneel/ros2_ws/src/lab4) by extensions ['ignore', 'ignore_ament_install']
[0.364s] Level 1:colcon.colcon_core.package_identification:_identify(/home/palneel/ros2_ws/src/lab4) by extension 'ignore'
[0.364s] Level 1:colcon.colcon_core.package_identification:_identify(/home/palneel/ros2_ws/src/lab4) by extension 'ignore_ament_install'
[0.364s] Level 1:colcon.colcon_core.package_identification:_identify(/home/palneel/ros2_ws/src/lab4) by extensions ['colcon_pkg']
[0.364s] Level 1:colcon.colcon_core.package_identification:_identify(/home/palneel/ros2_ws/src/lab4) by extension 'colcon_pkg'
[0.364s] Level 1:colcon.colcon_core.package_identification:_identify(/home/palneel/ros2_ws/src/lab4) by extensions ['colcon_meta']
[0.364s] Level 1:colcon.colcon_core.package_identification:_identify(/home/palneel/ros2_ws/src/lab4) by extension 'colcon_meta'
[0.364s] Level 1:colcon.colcon_core.package_identification:_identify(/home/palneel/ros2_ws/src/lab4) by extensions ['ros']
[0.365s] Level 1:colcon.colcon_core.package_identification:_identify(/home/palneel/ros2_ws/src/lab4) by extension 'ros'
[0.368s] DEBUG:colcon.colcon_core.package_identification:Package '/home/palneel/ros2_ws/src/lab4' with type 'ros.ament_python' and name 'lab4'
[0.368s] Level 1:colcon.colcon_core.package_identification:_identify(/home/palneel/ros2_ws/src/learning_tf2_py) by extensions ['ignore', 'ignore_ament_install']
[0.368s] Level 1:colcon.colcon_core.package_identification:_identify(/home/palneel/ros2_ws/src/learning_tf2_py) by extension 'ignore'
[0.368s] Level 1:colcon.colcon_core.package_identification:_identify(/home/palneel/ros2_ws/src/learning_tf2_py) by extension 'ignore_ament_install'
[0.368s] Level 1:colcon.colcon_core.package_identification:_identify(/home/palneel/ros2_ws/src/learning_tf2_py) by extensions ['colcon_pkg']
[0.368s] Level 1:colcon.colcon_core.package_identification:_identify(/home/palneel/ros2_ws/src/learning_tf2_py) by extension 'colcon_pkg'
[0.368s] Level 1:colcon.colcon_core.package_identification:_identify(/home/palneel/ros2_ws/src/learning_tf2_py) by extensions ['colcon_meta']
[0.368s] Level 1:colcon.colcon_core.package_identification:_identify(/home/palneel/ros2_ws/src/learning_tf2_py) by extension 'colcon_meta'
[0.368s] Level 1:colcon.colcon_core.package_identification:_identify(/home/palneel/ros2_ws/src/learning_tf2_py) by extensions ['ros']
[0.368s] Level 1:colcon.colcon_core.package_identification:_identify(/home/palneel/ros2_ws/src/learning_tf2_py) by extension 'ros'
[0.369s] DEBUG:colcon.colcon_core.package_identification:Package '/home/palneel/ros2_ws/src/learning_tf2_py' with type 'ros.ament_python' and name 'learning_tf2_py'
[0.369s] Level 1:colcon.colcon_core.package_identification:_identify(/home/palneel/ros2_ws/src/my_package) by extensions ['ignore', 'ignore_ament_install']
[0.369s] Level 1:colcon.colcon_core.package_identification:_identify(/home/palneel/ros2_ws/src/my_package) by extension 'ignore'
[0.369s] Level 1:colcon.colcon_core.package_identification:_identify(/home/palneel/ros2_ws/src/my_package) by extension 'ignore_ament_install'
[0.369s] Level 1:colcon.colcon_core.package_identification:_identify(/home/palneel/ros2_ws/src/my_package) by extensions ['colcon_pkg']
[0.369s] Level 1:colcon.colcon_core.package_identification:_identify(/home/palneel/ros2_ws/src/my_package) by extension 'colcon_pkg'
[0.369s] Level 1:colcon.colcon_core.package_identification:_identify(/home/palneel/ros2_ws/src/my_package) by extensions ['colcon_meta']
[0.369s] Level 1:colcon.colcon_core.package_identification:_identify(/home/palneel/ros2_ws/src/my_package) by extension 'colcon_meta'
[0.370s] Level 1:colcon.colcon_core.package_identification:_identify(/home/palneel/ros2_ws/src/my_package) by extensions ['ros']
[0.370s] Level 1:colcon.colcon_core.package_identification:_identify(/home/palneel/ros2_ws/src/my_package) by extension 'ros'
[0.370s] DEBUG:colcon.colcon_core.package_identification:Package '/home/palneel/ros2_ws/src/my_package' with type 'ros.ament_python' and name 'my_package'
[0.370s] Level 1:colcon.colcon_core.package_identification:_identify(/home/palneel/ros2_ws/src/node_pkg) by extensions ['ignore', 'ignore_ament_install']
[0.371s] Level 1:colcon.colcon_core.package_identification:_identify(/home/palneel/ros2_ws/src/node_pkg) by extension 'ignore'
[0.371s] Level 1:colcon.colcon_core.package_identification:_identify(/home/palneel/ros2_ws/src/node_pkg) by extension 'ignore_ament_install'
[0.371s] Level 1:colcon.colcon_core.package_identification:_identify(/home/palneel/ros2_ws/src/node_pkg) by extensions ['colcon_pkg']
[0.371s] Level 1:colcon.colcon_core.package_identification:_identify(/home/palneel/ros2_ws/src/node_pkg) by extension 'colcon_pkg'
[0.371s] Level 1:colcon.colcon_core.package_identification:_identify(/home/palneel/ros2_ws/src/node_pkg) by extensions ['colcon_meta']
[0.371s] Level 1:colcon.colcon_core.package_identification:_identify(/home/palneel/ros2_ws/src/node_pkg) by extension 'colcon_meta'
[0.371s] Level 1:colcon.colcon_core.package_identification:_identify(/home/palneel/ros2_ws/src/node_pkg) by extensions ['ros']
[0.371s] Level 1:colcon.colcon_core.package_identification:_identify(/home/palneel/ros2_ws/src/node_pkg) by extension 'ros'
[0.371s] DEBUG:colcon.colcon_core.package_identification:Package '/home/palneel/ros2_ws/src/node_pkg' with type 'ros.ament_python' and name 'node_pkg'
[0.372s] Level 1:colcon.colcon_core.package_identification:_identify(/home/palneel/ros2_ws/src/pub_sub) by extensions ['ignore', 'ignore_ament_install']
[0.372s] Level 1:colcon.colcon_core.package_identification:_identify(/home/palneel/ros2_ws/src/pub_sub) by extension 'ignore'
[0.372s] Level 1:colcon.colcon_core.package_identification:_identify(/home/palneel/ros2_ws/src/pub_sub) by extension 'ignore_ament_install'
[0.372s] Level 1:colcon.colcon_core.package_identification:_identify(/home/palneel/ros2_ws/src/pub_sub) by extensions ['colcon_pkg']
[0.372s] Level 1:colcon.colcon_core.package_identification:_identify(/home/palneel/ros2_ws/src/pub_sub) by extension 'colcon_pkg'
[0.372s] Level 1:colcon.colcon_core.package_identification:_identify(/home/palneel/ros2_ws/src/pub_sub) by extensions ['colcon_meta']
[0.372s] Level 1:colcon.colcon_core.package_identification:_identify(/home/palneel/ros2_ws/src/pub_sub) by extension 'colcon_meta'
[0.372s] Level 1:colcon.colcon_core.package_identification:_identify(/home/palneel/ros2_ws/src/pub_sub) by extensions ['ros']
[0.372s] Level 1:colcon.colcon_core.package_identification:_identify(/home/palneel/ros2_ws/src/pub_sub) by extension 'ros'
[0.373s] DEBUG:colcon.colcon_core.package_identification:Package '/home/palneel/ros2_ws/src/pub_sub' with type 'ros.ament_python' and name 'pub_sub'
[0.373s] Level 1:colcon.colcon_core.package_identification:_identify(/home/palneel/ros2_ws/src/roboarm) by extensions ['ignore', 'ignore_ament_install']
[0.373s] Level 1:colcon.colcon_core.package_identification:_identify(/home/palneel/ros2_ws/src/roboarm) by extension 'ignore'
[0.373s] Level 1:colcon.colcon_core.package_identification:_identify(/home/palneel/ros2_ws/src/roboarm) by extension 'ignore_ament_install'
[0.373s] Level 1:colcon.colcon_core.package_identification:_identify(/home/palneel/ros2_ws/src/roboarm) by extensions ['colcon_pkg']
[0.373s] Level 1:colcon.colcon_core.package_identification:_identify(/home/palneel/ros2_ws/src/roboarm) by extension 'colcon_pkg'
[0.373s] Level 1:colcon.colcon_core.package_identification:_identify(/home/palneel/ros2_ws/src/roboarm) by extensions ['colcon_meta']
[0.373s] Level 1:colcon.colcon_core.package_identification:_identify(/home/palneel/ros2_ws/src/roboarm) by extension 'colcon_meta'
[0.373s] Level 1:colcon.colcon_core.package_identification:_identify(/home/palneel/ros2_ws/src/roboarm) by extensions ['ros']
[0.373s] Level 1:colcon.colcon_core.package_identification:_identify(/home/palneel/ros2_ws/src/roboarm) by extension 'ros'
[0.374s] DEBUG:colcon.colcon_core.package_identification:Package '/home/palneel/ros2_ws/src/roboarm' with type 'ros.ament_python' and name 'roboarm'
[0.374s] Level 1:colcon.colcon_core.package_discovery:discover_packages(recursive) using defaults
