[0.249s] DEBUG:colcon:Command line arguments: ['/usr/bin/colcon', 'build']
[0.249s] DEBUG:colcon:Parsed command line arguments: Namespace(log_base=None, log_level=None, verb_name='build', build_base='build', install_base='install', merge_install=False, symlink_install=False, test_result_base=None, continue_on_error=False, executor='parallel', parallel_workers=8, event_handlers=None, ignore_user_meta=False, metas=['./colcon.meta'], base_paths=['.'], packages_ignore=None, packages_ignore_regex=None, paths=None, packages_up_to=None, packages_up_to_regex=None, packages_above=None, packages_above_and_dependencies=None, packages_above_depth=None, packages_select_by_dep=None, packages_skip_by_dep=None, packages_skip_up_to=None, packages_select_build_failed=False, packages_skip_build_finished=False, packages_select_test_failures=False, packages_skip_test_passed=False, packages_select=None, packages_skip=None, packages_select_regex=None, packages_skip_regex=None, packages_start=None, packages_end=None, allow_overriding=[], cmake_args=None, cmake_target=None, cmake_target_skip_unavailable=False, cmake_clean_cache=False, cmake_clean_first=False, cmake_force_configure=False, ament_cmake_args=None, catkin_cmake_args=None, catkin_skip_building_tests=False, verb_parser=<colcon_defaults.argument_parser.defaults.DefaultArgumentsDecorator object at 0x7f15a73734f0>, verb_extension=<colcon_core.verb.build.BuildVerb object at 0x7f15a7ba1cf0>, main=<bound method BuildVerb.main of <colcon_core.verb.build.BuildVerb object at 0x7f15a7ba1cf0>>)
[0.279s] Level 1:colcon.colcon_core.package_discovery:discover_packages(colcon_meta) check parameters
[0.279s] Level 1:colcon.colcon_core.package_discovery:discover_packages(recursive) check parameters
[0.279s] Level 1:colcon.colcon_core.package_discovery:discover_packages(ignore) check parameters
[0.279s] Level 1:colcon.colcon_core.package_discovery:discover_packages(path) check parameters
[0.279s] Level 1:colcon.colcon_core.package_discovery:discover_packages(colcon_meta) discover
[0.279s] Level 1:colcon.colcon_core.package_discovery:discover_packages(recursive) discover
[0.279s] INFO:colcon.colcon_core.package_discovery:Crawling recursively for packages in '/home/palneel/ros2_ws'
[0.279s] Level 1:colcon.colcon_core.package_identification:_identify(.) by extensions ['ignore', 'ignore_ament_install']
[0.279s] Level 1:colcon.colcon_core.package_identification:_identify(.) by extension 'ignore'
[0.279s] Level 1:colcon.colcon_core.package_identification:_identify(.) by extension 'ignore_ament_install'
[0.279s] Level 1:colcon.colcon_core.package_identification:_identify(.) by extensions ['colcon_pkg']
[0.279s] Level 1:colcon.colcon_core.package_identification:_identify(.) by extension 'colcon_pkg'
[0.279s] Level 1:colcon.colcon_core.package_identification:_identify(.) by extensions ['colcon_meta']
[0.279s] Level 1:colcon.colcon_core.package_identification:_identify(.) by extension 'colcon_meta'
[0.279s] Level 1:colcon.colcon_core.package_identification:_identify(.) by extensions ['ros']
[0.279s] Level 1:colcon.colcon_core.package_identification:_identify(.) by extension 'ros'
[0.290s] Level 1:colcon.colcon_core.package_identification:_identify(.) by extensions ['cmake', 'python']
[0.290s] Level 1:colcon.colcon_core.package_identification:_identify(.) by extension 'cmake'
[0.290s] Level 1:colcon.colcon_core.package_identification:_identify(.) by extension 'python'
[0.290s] Level 1:colcon.colcon_core.package_identification:_identify(.) by extensions ['python_setup_py']
[0.290s] Level 1:colcon.colcon_core.package_identification:_identify(.) by extension 'python_setup_py'
[0.290s] Level 1:colcon.colcon_core.package_identification:_identify(build) by extensions ['ignore', 'ignore_ament_install']
[0.290s] Level 1:colcon.colcon_core.package_identification:_identify(build) by extension 'ignore'
[0.290s] Level 1:colcon.colcon_core.package_identification:_identify(build) ignored
[0.290s] Level 1:colcon.colcon_core.package_identification:_identify(install) by extensions ['ignore', 'ignore_ament_install']
[0.290s] Level 1:colcon.colcon_core.package_identification:_identify(install) by extension 'ignore'
[0.290s] Level 1:colcon.colcon_core.package_identification:_identify(install) ignored
[0.290s] Level 1:colcon.colcon_core.package_identification:_identify(log) by extensions ['ignore', 'ignore_ament_install']
[0.290s] Level 1:colcon.colcon_core.package_identification:_identify(log) by extension 'ignore'
[0.290s] Level 1:colcon.colcon_core.package_identification:_identify(log) ignored
[0.291s] Level 1:colcon.colcon_core.package_identification:_identify(src) by extensions ['ignore', 'ignore_ament_install']
[0.291s] Level 1:colcon.colcon_core.package_identification:_identify(src) by extension 'ignore'
[0.291s] Level 1:colcon.colcon_core.package_identification:_identify(src) by extension 'ignore_ament_install'
[0.291s] Level 1:colcon.colcon_core.package_identification:_identify(src) by extensions ['colcon_pkg']
[0.291s] Level 1:colcon.colcon_core.package_identification:_identify(src) by extension 'colcon_pkg'
[0.291s] Level 1:colcon.colcon_core.package_identification:_identify(src) by extensions ['colcon_meta']
[0.291s] Level 1:colcon.colcon_core.package_identification:_identify(src) by extension 'colcon_meta'
[0.291s] Level 1:colcon.colcon_core.package_identification:_identify(src) by extensions ['ros']
[0.291s] Level 1:colcon.colcon_core.package_identification:_identify(src) by extension 'ros'
[0.291s] Level 1:colcon.colcon_core.package_identification:_identify(src) by extensions ['cmake', 'python']
[0.291s] Level 1:colcon.colcon_core.package_identification:_identify(src) by extension 'cmake'
[0.291s] Level 1:colcon.colcon_core.package_identification:_identify(src) by extension 'python'
[0.291s] Level 1:colcon.colcon_core.package_identification:_identify(src) by extensions ['python_setup_py']
[0.291s] Level 1:colcon.colcon_core.package_identification:_identify(src) by extension 'python_setup_py'
[0.291s] Level 1:colcon.colcon_core.package_identification:_identify(src/lab4) by extensions ['ignore', 'ignore_ament_install']
[0.291s] Level 1:colcon.colcon_core.package_identification:_identify(src/lab4) by extension 'ignore'
[0.291s] Level 1:colcon.colcon_core.package_identification:_identify(src/lab4) by extension 'ignore_ament_install'
[0.291s] Level 1:colcon.colcon_core.package_identification:_identify(src/lab4) by extensions ['colcon_pkg']
[0.291s] Level 1:colcon.colcon_core.package_identification:_identify(src/lab4) by extension 'colcon_pkg'
[0.291s] Level 1:colcon.colcon_core.package_identification:_identify(src/lab4) by extensions ['colcon_meta']
[0.291s] Level 1:colcon.colcon_core.package_identification:_identify(src/lab4) by extension 'colcon_meta'
[0.291s] Level 1:colcon.colcon_core.package_identification:_identify(src/lab4) by extensions ['ros']
[0.291s] Level 1:colcon.colcon_core.package_identification:_identify(src/lab4) by extension 'ros'
[0.294s] DEBUG:colcon.colcon_core.package_identification:Package 'src/lab4' with type 'ros.ament_python' and name 'lab4'
[0.294s] Level 1:colcon.colcon_core.package_identification:_identify(src/learning_tf2_py) by extensions ['ignore', 'ignore_ament_install']
[0.294s] Level 1:colcon.colcon_core.package_identification:_identify(src/learning_tf2_py) by extension 'ignore'
[0.294s] Level 1:colcon.colcon_core.package_identification:_identify(src/learning_tf2_py) by extension 'ignore_ament_install'
[0.294s] Level 1:colcon.colcon_core.package_identification:_identify(src/learning_tf2_py) by extensions ['colcon_pkg']
[0.294s] Level 1:colcon.colcon_core.package_identification:_identify(src/learning_tf2_py) by extension 'colcon_pkg'
[0.294s] Level 1:colcon.colcon_core.package_identification:_identify(src/learning_tf2_py) by extensions ['colcon_meta']
[0.294s] Level 1:colcon.colcon_core.package_identification:_identify(src/learning_tf2_py) by extension 'colcon_meta'
[0.294s] Level 1:colcon.colcon_core.package_identification:_identify(src/learning_tf2_py) by extensions ['ros']
[0.294s] Level 1:colcon.colcon_core.package_identification:_identify(src/learning_tf2_py) by extension 'ros'
[0.294s] DEBUG:colcon.colcon_core.package_identification:Package 'src/learning_tf2_py' with type 'ros.ament_python' and name 'learning_tf2_py'
[0.294s] Level 1:colcon.colcon_core.package_identification:_identify(src/my_package) by extensions ['ignore', 'ignore_ament_install']
[0.295s] Level 1:colcon.colcon_core.package_identification:_identify(src/my_package) by extension 'ignore'
[0.295s] Level 1:colcon.colcon_core.package_identification:_identify(src/my_package) by extension 'ignore_ament_install'
[0.295s] Level 1:colcon.colcon_core.package_identification:_identify(src/my_package) by extensions ['colcon_pkg']
[0.295s] Level 1:colcon.colcon_core.package_identification:_identify(src/my_package) by extension 'colcon_pkg'
[0.295s] Level 1:colcon.colcon_core.package_identification:_identify(src/my_package) by extensions ['colcon_meta']
[0.295s] Level 1:colcon.colcon_core.package_identification:_identify(src/my_package) by extension 'colcon_meta'
[0.295s] Level 1:colcon.colcon_core.package_identification:_identify(src/my_package) by extensions ['ros']
[0.295s] Level 1:colcon.colcon_core.package_identification:_identify(src/my_package) by extension 'ros'
[0.295s] DEBUG:colcon.colcon_core.package_identification:Package 'src/my_package' with type 'ros.ament_python' and name 'my_package'
[0.295s] Level 1:colcon.colcon_core.package_identification:_identify(src/node_pkg) by extensions ['ignore', 'ignore_ament_install']
[0.295s] Level 1:colcon.colcon_core.package_identification:_identify(src/node_pkg) by extension 'ignore'
[0.295s] Level 1:colcon.colcon_core.package_identification:_identify(src/node_pkg) by extension 'ignore_ament_install'
[0.295s] Level 1:colcon.colcon_core.package_identification:_identify(src/node_pkg) by extensions ['colcon_pkg']
[0.295s] Level 1:colcon.colcon_core.package_identification:_identify(src/node_pkg) by extension 'colcon_pkg'
[0.295s] Level 1:colcon.colcon_core.package_identification:_identify(src/node_pkg) by extensions ['colcon_meta']
[0.295s] Level 1:colcon.colcon_core.package_identification:_identify(src/node_pkg) by extension 'colcon_meta'
[0.296s] Level 1:colcon.colcon_core.package_identification:_identify(src/node_pkg) by extensions ['ros']
[0.296s] Level 1:colcon.colcon_core.package_identification:_identify(src/node_pkg) by extension 'ros'
[0.296s] DEBUG:colcon.colcon_core.package_identification:Package 'src/node_pkg' with type 'ros.ament_python' and name 'node_pkg'
[0.296s] Level 1:colcon.colcon_core.package_identification:_identify(src/pub_sub) by extensions ['ignore', 'ignore_ament_install']
[0.296s] Level 1:colcon.colcon_core.package_identification:_identify(src/pub_sub) by extension 'ignore'
[0.296s] Level 1:colcon.colcon_core.package_identification:_identify(src/pub_sub) by extension 'ignore_ament_install'
[0.296s] Level 1:colcon.colcon_core.package_identification:_identify(src/pub_sub) by extensions ['colcon_pkg']
[0.296s] Level 1:colcon.colcon_core.package_identification:_identify(src/pub_sub) by extension 'colcon_pkg'
[0.296s] Level 1:colcon.colcon_core.package_identification:_identify(src/pub_sub) by extensions ['colcon_meta']
[0.296s] Level 1:colcon.colcon_core.package_identification:_identify(src/pub_sub) by extension 'colcon_meta'
[0.296s] Level 1:colcon.colcon_core.package_identification:_identify(src/pub_sub) by extensions ['ros']
[0.296s] Level 1:colcon.colcon_core.package_identification:_identify(src/pub_sub) by extension 'ros'
[0.297s] DEBUG:colcon.colcon_core.package_identification:Package 'src/pub_sub' with type 'ros.ament_python' and name 'pub_sub'
[0.297s] Level 1:colcon.colcon_core.package_discovery:discover_packages(recursive) using defaults
[0.297s] Level 1:colcon.colcon_core.package_discovery:discover_packages(ignore) discover
[0.297s] Level 1:colcon.colcon_core.package_discovery:discover_packages(ignore) using defaults
[0.297s] Level 1:colcon.colcon_core.package_discovery:discover_packages(path) discover
[0.297s] Level 1:colcon.colcon_core.package_discovery:discover_packages(path) using defaults
[0.319s] Level 1:colcon.colcon_core.package_discovery:discover_packages(prefix_path) check parameters
[0.319s] Level 1:colcon.colcon_core.package_discovery:discover_packages(prefix_path) discover
[0.322s] DEBUG:colcon.colcon_installed_package_information.package_discovery:Found 5 installed packages in /home/palneel/ros2_ws/install
[0.323s] DEBUG:colcon.colcon_installed_package_information.package_discovery:Found 293 installed packages in /opt/ros/humble
[0.325s] Level 1:colcon.colcon_core.package_discovery:discover_packages(prefix_path) using defaults
[0.379s] Level 5:colcon.colcon_core.verb:set package 'lab4' build argument 'cmake_args' from command line to 'None'
[0.379s] Level 5:colcon.colcon_core.verb:set package 'lab4' build argument 'cmake_target' from command line to 'None'
[0.379s] Level 5:colcon.colcon_core.verb:set package 'lab4' build argument 'cmake_target_skip_unavailable' from command line to 'False'
[0.379s] Level 5:colcon.colcon_core.verb:set package 'lab4' build argument 'cmake_clean_cache' from command line to 'False'
[0.379s] Level 5:colcon.colcon_core.verb:set package 'lab4' build argument 'cmake_clean_first' from command line to 'False'
[0.379s] Level 5:colcon.colcon_core.verb:set package 'lab4' build argument 'cmake_force_configure' from command line to 'False'
[0.379s] Level 5:colcon.colcon_core.verb:set package 'lab4' build argument 'ament_cmake_args' from command line to 'None'
[0.379s] Level 5:colcon.colcon_core.verb:set package 'lab4' build argument 'catkin_cmake_args' from command line to 'None'
[0.379s] Level 5:colcon.colcon_core.verb:set package 'lab4' build argument 'catkin_skip_building_tests' from command line to 'False'
[0.379s] DEBUG:colcon.colcon_core.verb:Building package 'lab4' with the following arguments: {'ament_cmake_args': None, 'build_base': '/home/palneel/ros2_ws/build/lab4', 'catkin_cmake_args': None, 'catkin_skip_building_tests': False, 'cmake_args': None, 'cmake_clean_cache': False, 'cmake_clean_first': False, 'cmake_force_configure': False, 'cmake_target': None, 'cmake_target_skip_unavailable': False, 'install_base': '/home/palneel/ros2_ws/install/lab4', 'merge_install': False, 'path': '/home/palneel/ros2_ws/src/lab4', 'symlink_install': False, 'test_result_base': None}
[0.380s] Level 5:colcon.colcon_core.verb:set package 'learning_tf2_py' build argument 'cmake_args' from command line to 'None'
[0.380s] Level 5:colcon.colcon_core.verb:set package 'learning_tf2_py' build argument 'cmake_target' from command line to 'None'
[0.380s] Level 5:colcon.colcon_core.verb:set package 'learning_tf2_py' build argument 'cmake_target_skip_unavailable' from command line to 'False'
[0.380s] Level 5:colcon.colcon_core.verb:set package 'learning_tf2_py' build argument 'cmake_clean_cache' from command line to 'False'
[0.380s] Level 5:colcon.colcon_core.verb:set package 'learning_tf2_py' build argument 'cmake_clean_first' from command line to 'False'
[0.380s] Level 5:colcon.colcon_core.verb:set package 'learning_tf2_py' build argument 'cmake_force_configure' from command line to 'False'
[0.380s] Level 5:colcon.colcon_core.verb:set package 'learning_tf2_py' build argument 'ament_cmake_args' from command line to 'None'
[0.380s] Level 5:colcon.colcon_core.verb:set package 'learning_tf2_py' build argument 'catkin_cmake_args' from command line to 'None'
[0.380s] Level 5:colcon.colcon_core.verb:set package 'learning_tf2_py' build argument 'catkin_skip_building_tests' from command line to 'False'
[0.380s] DEBUG:colcon.colcon_core.verb:Building package 'learning_tf2_py' with the following arguments: {'ament_cmake_args': None, 'build_base': '/home/palneel/ros2_ws/build/learning_tf2_py', 'catkin_cmake_args': None, 'catkin_skip_building_tests': False, 'cmake_args': None, 'cmake_clean_cache': False, 'cmake_clean_first': False, 'cmake_force_configure': False, 'cmake_target': None, 'cmake_target_skip_unavailable': False, 'install_base': '/home/palneel/ros2_ws/install/learning_tf2_py', 'merge_install': False, 'path': '/home/palneel/ros2_ws/src/learning_tf2_py', 'symlink_install': False, 'test_result_base': None}
[0.381s] Level 5:colcon.colcon_core.verb:set package 'my_package' build argument 'cmake_args' from command line to 'None'
[0.381s] Level 5:colcon.colcon_core.verb:set package 'my_package' build argument 'cmake_target' from command line to 'None'
[0.381s] Level 5:colcon.colcon_core.verb:set package 'my_package' build argument 'cmake_target_skip_unavailable' from command line to 'False'
[0.381s] Level 5:colcon.colcon_core.verb:set package 'my_package' build argument 'cmake_clean_cache' from command line to 'False'
[0.381s] Level 5:colcon.colcon_core.verb:set package 'my_package' build argument 'cmake_clean_first' from command line to 'False'
[0.381s] Level 5:colcon.colcon_core.verb:set package 'my_package' build argument 'cmake_force_configure' from command line to 'False'
[0.381s] Level 5:colcon.colcon_core.verb:set package 'my_package' build argument 'ament_cmake_args' from command line to 'None'
[0.381s] Level 5:colcon.colcon_core.verb:set package 'my_package' build argument 'catkin_cmake_args' from command line to 'None'
[0.381s] Level 5:colcon.colcon_core.verb:set package 'my_package' build argument 'catkin_skip_building_tests' from command line to 'False'
[0.381s] DEBUG:colcon.colcon_core.verb:Building package 'my_package' with the following arguments: {'ament_cmake_args': None, 'build_base': '/home/palneel/ros2_ws/build/my_package', 'catkin_cmake_args': None, 'catkin_skip_building_tests': False, 'cmake_args': None, 'cmake_clean_cache': False, 'cmake_clean_first': False, 'cmake_force_configure': False, 'cmake_target': None, 'cmake_target_skip_unavailable': False, 'install_base': '/home/palneel/ros2_ws/install/my_package', 'merge_install': False, 'path': '/home/palneel/ros2_ws/src/my_package', 'symlink_install': False, 'test_result_base': None}
[0.382s] Level 5:colcon.colcon_core.verb:set package 'node_pkg' build argument 'cmake_args' from command line to 'None'
[0.382s] Level 5:colcon.colcon_core.verb:set package 'node_pkg' build argument 'cmake_target' from command line to 'None'
[0.382s] Level 5:colcon.colcon_core.verb:set package 'node_pkg' build argument 'cmake_target_skip_unavailable' from command line to 'False'
[0.382s] Level 5:colcon.colcon_core.verb:set package 'node_pkg' build argument 'cmake_clean_cache' from command line to 'False'
[0.382s] Level 5:colcon.colcon_core.verb:set package 'node_pkg' build argument 'cmake_clean_first' from command line to 'False'
[0.382s] Level 5:colcon.colcon_core.verb:set package 'node_pkg' build argument 'cmake_force_configure' from command line to 'False'
[0.382s] Level 5:colcon.colcon_core.verb:set package 'node_pkg' build argument 'ament_cmake_args' from command line to 'None'
[0.382s] Level 5:colcon.colcon_core.verb:set package 'node_pkg' build argument 'catkin_cmake_args' from command line to 'None'
[0.382s] Level 5:colcon.colcon_core.verb:set package 'node_pkg' build argument 'catkin_skip_building_tests' from command line to 'False'
[0.382s] DEBUG:colcon.colcon_core.verb:Building package 'node_pkg' with the following arguments: {'ament_cmake_args': None, 'build_base': '/home/palneel/ros2_ws/build/node_pkg', 'catkin_cmake_args': None, 'catkin_skip_building_tests': False, 'cmake_args': None, 'cmake_clean_cache': False, 'cmake_clean_first': False, 'cmake_force_configure': False, 'cmake_target': None, 'cmake_target_skip_unavailable': False, 'install_base': '/home/palneel/ros2_ws/install/node_pkg', 'merge_install': False, 'path': '/home/palneel/ros2_ws/src/node_pkg', 'symlink_install': False, 'test_result_base': None}
[0.383s] Level 5:colcon.colcon_core.verb:set package 'pub_sub' build argument 'cmake_args' from command line to 'None'
[0.383s] Level 5:colcon.colcon_core.verb:set package 'pub_sub' build argument 'cmake_target' from command line to 'None'
[0.383s] Level 5:colcon.colcon_core.verb:set package 'pub_sub' build argument 'cmake_target_skip_unavailable' from command line to 'False'
[0.383s] Level 5:colcon.colcon_core.verb:set package 'pub_sub' build argument 'cmake_clean_cache' from command line to 'False'
[0.383s] Level 5:colcon.colcon_core.verb:set package 'pub_sub' build argument 'cmake_clean_first' from command line to 'False'
[0.383s] Level 5:colcon.colcon_core.verb:set package 'pub_sub' build argument 'cmake_force_configure' from command line to 'False'
[0.383s] Level 5:colcon.colcon_core.verb:set package 'pub_sub' build argument 'ament_cmake_args' from command line to 'None'
[0.383s] Level 5:colcon.colcon_core.verb:set package 'pub_sub' build argument 'catkin_cmake_args' from command line to 'None'
[0.383s] Level 5:colcon.colcon_core.verb:set package 'pub_sub' build argument 'catkin_skip_building_tests' from command line to 'False'
[0.383s] DEBUG:colcon.colcon_core.verb:Building package 'pub_sub' with the following arguments: {'ament_cmake_args': None, 'build_base': '/home/palneel/ros2_ws/build/pub_sub', 'catkin_cmake_args': None, 'catkin_skip_building_tests': False, 'cmake_args': None, 'cmake_clean_cache': False, 'cmake_clean_first': False, 'cmake_force_configure': False, 'cmake_target': None, 'cmake_target_skip_unavailable': False, 'install_base': '/home/palneel/ros2_ws/install/pub_sub', 'merge_install': False, 'path': '/home/palneel/ros2_ws/src/pub_sub', 'symlink_install': False, 'test_result_base': None}
[0.384s] INFO:colcon.colcon_core.executor:Executing jobs using 'parallel' executor
[0.387s] DEBUG:colcon.colcon_parallel_executor.executor.parallel:run_until_complete
[0.387s] INFO:colcon.colcon_ros.task.ament_python.build:Building ROS package in '/home/palneel/ros2_ws/src/lab4' with build type 'ament_python'
[0.387s] Level 1:colcon.colcon_core.shell:create_environment_hook('lab4', 'ament_prefix_path')
[0.391s] INFO:colcon.colcon_core.plugin_system:Skipping extension 'colcon_core.shell.bat': Not used on non-Windows systems
[0.391s] INFO:colcon.colcon_core.shell:Creating environment hook '/home/palneel/ros2_ws/install/lab4/share/lab4/hook/ament_prefix_path.ps1'
[0.391s] INFO:colcon.colcon_core.shell:Creating environment descriptor '/home/palneel/ros2_ws/install/lab4/share/lab4/hook/ament_prefix_path.dsv'
[0.392s] INFO:colcon.colcon_core.shell:Creating environment hook '/home/palneel/ros2_ws/install/lab4/share/lab4/hook/ament_prefix_path.sh'
[0.393s] INFO:colcon.colcon_core.shell:Skip shell extension 'powershell' for command environment: Not usable outside of PowerShell
[0.393s] DEBUG:colcon.colcon_core.shell:Skip shell extension 'dsv' for command environment
[0.397s] INFO:colcon.colcon_ros.task.ament_python.build:Building ROS package in '/home/palneel/ros2_ws/src/learning_tf2_py' with build type 'ament_python'
[0.398s] Level 1:colcon.colcon_core.shell:create_environment_hook('learning_tf2_py', 'ament_prefix_path')
[0.399s] INFO:colcon.colcon_core.shell:Creating environment hook '/home/palneel/ros2_ws/install/learning_tf2_py/share/learning_tf2_py/hook/ament_prefix_path.ps1'
[0.400s] INFO:colcon.colcon_core.shell:Creating environment descriptor '/home/palneel/ros2_ws/install/learning_tf2_py/share/learning_tf2_py/hook/ament_prefix_path.dsv'
[0.401s] INFO:colcon.colcon_core.shell:Creating environment hook '/home/palneel/ros2_ws/install/learning_tf2_py/share/learning_tf2_py/hook/ament_prefix_path.sh'
[0.402s] INFO:colcon.colcon_core.shell:Skip shell extension 'powershell' for command environment: Not usable outside of PowerShell
[0.402s] DEBUG:colcon.colcon_core.shell:Skip shell extension 'dsv' for command environment
[0.406s] INFO:colcon.colcon_ros.task.ament_python.build:Building ROS package in '/home/palneel/ros2_ws/src/my_package' with build type 'ament_python'
[0.406s] Level 1:colcon.colcon_core.shell:create_environment_hook('my_package', 'ament_prefix_path')
[0.407s] INFO:colcon.colcon_core.shell:Creating environment hook '/home/palneel/ros2_ws/install/my_package/share/my_package/hook/ament_prefix_path.ps1'
[0.408s] INFO:colcon.colcon_core.shell:Creating environment descriptor '/home/palneel/ros2_ws/install/my_package/share/my_package/hook/ament_prefix_path.dsv'
[0.408s] INFO:colcon.colcon_core.shell:Creating environment hook '/home/palneel/ros2_ws/install/my_package/share/my_package/hook/ament_prefix_path.sh'
[0.409s] INFO:colcon.colcon_core.shell:Skip shell extension 'powershell' for command environment: Not usable outside of PowerShell
[0.409s] DEBUG:colcon.colcon_core.shell:Skip shell extension 'dsv' for command environment
[0.413s] INFO:colcon.colcon_ros.task.ament_python.build:Building ROS package in '/home/palneel/ros2_ws/src/node_pkg' with build type 'ament_python'
[0.414s] Level 1:colcon.colcon_core.shell:create_environment_hook('node_pkg', 'ament_prefix_path')
[0.415s] INFO:colcon.colcon_core.shell:Creating environment hook '/home/palneel/ros2_ws/install/node_pkg/share/node_pkg/hook/ament_prefix_path.ps1'
[0.416s] INFO:colcon.colcon_core.shell:Creating environment descriptor '/home/palneel/ros2_ws/install/node_pkg/share/node_pkg/hook/ament_prefix_path.dsv'
[0.417s] INFO:colcon.colcon_core.shell:Creating environment hook '/home/palneel/ros2_ws/install/node_pkg/share/node_pkg/hook/ament_prefix_path.sh'
[0.418s] INFO:colcon.colcon_core.shell:Skip shell extension 'powershell' for command environment: Not usable outside of PowerShell
[0.419s] DEBUG:colcon.colcon_core.shell:Skip shell extension 'dsv' for command environment
[0.422s] INFO:colcon.colcon_ros.task.ament_python.build:Building ROS package in '/home/palneel/ros2_ws/src/pub_sub' with build type 'ament_python'
[0.422s] Level 1:colcon.colcon_core.shell:create_environment_hook('pub_sub', 'ament_prefix_path')
[0.423s] INFO:colcon.colcon_core.shell:Creating environment hook '/home/palneel/ros2_ws/install/pub_sub/share/pub_sub/hook/ament_prefix_path.ps1'
[0.424s] INFO:colcon.colcon_core.shell:Creating environment descriptor '/home/palneel/ros2_ws/install/pub_sub/share/pub_sub/hook/ament_prefix_path.dsv'
[0.424s] INFO:colcon.colcon_core.shell:Creating environment hook '/home/palneel/ros2_ws/install/pub_sub/share/pub_sub/hook/ament_prefix_path.sh'
[0.426s] INFO:colcon.colcon_core.shell:Skip shell extension 'powershell' for command environment: Not usable outside of PowerShell
[0.426s] DEBUG:colcon.colcon_core.shell:Skip shell extension 'dsv' for command environment
[0.664s] INFO:colcon.colcon_core.task.python.build:Building Python package in '/home/palneel/ros2_ws/src/lab4'
[0.665s] INFO:colcon.colcon_core.shell:Skip shell extension 'powershell' for command environment: Not usable outside of PowerShell
[0.665s] DEBUG:colcon.colcon_core.shell:Skip shell extension 'dsv' for command environment
[0.900s] INFO:colcon.colcon_core.task.python.build:Building Python package in '/home/palneel/ros2_ws/src/learning_tf2_py'
[0.901s] INFO:colcon.colcon_core.shell:Skip shell extension 'powershell' for command environment: Not usable outside of PowerShell
[0.901s] DEBUG:colcon.colcon_core.shell:Skip shell extension 'dsv' for command environment
[1.130s] INFO:colcon.colcon_core.task.python.build:Building Python package in '/home/palneel/ros2_ws/src/my_package'
[1.132s] INFO:colcon.colcon_core.shell:Skip shell extension 'powershell' for command environment: Not usable outside of PowerShell
[1.132s] DEBUG:colcon.colcon_core.shell:Skip shell extension 'dsv' for command environment
[1.372s] INFO:colcon.colcon_core.task.python.build:Building Python package in '/home/palneel/ros2_ws/src/node_pkg'
[1.373s] INFO:colcon.colcon_core.shell:Skip shell extension 'powershell' for command environment: Not usable outside of PowerShell
[1.373s] DEBUG:colcon.colcon_core.shell:Skip shell extension 'dsv' for command environment
[1.607s] INFO:colcon.colcon_core.task.python.build:Building Python package in '/home/palneel/ros2_ws/src/pub_sub'
[1.609s] INFO:colcon.colcon_core.shell:Skip shell extension 'powershell' for command environment: Not usable outside of PowerShell
[1.609s] DEBUG:colcon.colcon_core.shell:Skip shell extension 'dsv' for command environment
[2.039s] DEBUG:colcon.colcon_core.event_handler.log_command:Invoking command in '/home/palneel/ros2_ws/build/my_package': PYTHONPATH=/home/palneel/ros2_ws/build/my_package/prefix_override:/home/palneel/ros2_ws/install/my_package/lib/python3.10/site-packages:${PYTHONPATH} /usr/bin/python3 setup.py develop --uninstall --editable --build-directory /home/palneel/ros2_ws/build/my_package/build
[2.099s] DEBUG:colcon.colcon_core.event_handler.log_command:Invoking command in '/home/palneel/ros2_ws/src/lab4': PYTHONPATH=/home/palneel/ros2_ws/build/lab4/prefix_override:/home/palneel/ros2_ws/install/lab4/lib/python3.10/site-packages:${PYTHONPATH} /usr/bin/python3 setup.py egg_info --egg-base ../../build/lab4 build --build-base /home/palneel/ros2_ws/build/lab4/build install --record /home/palneel/ros2_ws/build/lab4/install.log --single-version-externally-managed
[2.135s] DEBUG:colcon.colcon_core.event_handler.log_command:Invoking command in '/home/palneel/ros2_ws/src/node_pkg': PYTHONPATH=/home/palneel/ros2_ws/build/node_pkg/prefix_override:/home/palneel/ros2_ws/install/node_pkg/lib/python3.10/site-packages:${PYTHONPATH} /usr/bin/python3 setup.py egg_info --egg-base ../../build/node_pkg build --build-base /home/palneel/ros2_ws/build/node_pkg/build install --record /home/palneel/ros2_ws/build/node_pkg/install.log --single-version-externally-managed
[2.155s] DEBUG:colcon.colcon_core.event_handler.log_command:Invoking command in '/home/palneel/ros2_ws/build/pub_sub': PYTHONPATH=/home/palneel/ros2_ws/build/pub_sub/prefix_override:/home/palneel/ros2_ws/install/pub_sub/lib/python3.10/site-packages:${PYTHONPATH} /usr/bin/python3 setup.py develop --uninstall --editable --build-directory /home/palneel/ros2_ws/build/pub_sub/build
[2.197s] DEBUG:colcon.colcon_core.event_handler.log_command:Invoking command in '/home/palneel/ros2_ws/src/learning_tf2_py': PYTHONPATH=/home/palneel/ros2_ws/build/learning_tf2_py/prefix_override:/home/palneel/ros2_ws/install/learning_tf2_py/lib/python3.10/site-packages:${PYTHONPATH} /usr/bin/python3 setup.py egg_info --egg-base ../../build/learning_tf2_py build --build-base /home/palneel/ros2_ws/build/learning_tf2_py/build install --record /home/palneel/ros2_ws/build/learning_tf2_py/install.log --single-version-externally-managed
[2.595s] DEBUG:colcon.colcon_core.event_handler.log_command:Invoked command in '/home/palneel/ros2_ws/src/node_pkg' returned '0': PYTHONPATH=/home/palneel/ros2_ws/build/node_pkg/prefix_override:/home/palneel/ros2_ws/install/node_pkg/lib/python3.10/site-packages:${PYTHONPATH} /usr/bin/python3 setup.py egg_info --egg-base ../../build/node_pkg build --build-base /home/palneel/ros2_ws/build/node_pkg/build install --record /home/palneel/ros2_ws/build/node_pkg/install.log --single-version-externally-managed
[2.602s] Level 1:colcon.colcon_core.environment:checking '/home/palneel/ros2_ws/install/node_pkg' for CMake module files
[2.603s] Level 1:colcon.colcon_core.environment:checking '/home/palneel/ros2_ws/install/node_pkg' for CMake config files
[2.604s] Level 1:colcon.colcon_core.environment:checking '/home/palneel/ros2_ws/install/node_pkg/lib'
[2.604s] Level 1:colcon.colcon_core.environment:checking '/home/palneel/ros2_ws/install/node_pkg/bin'
[2.604s] Level 1:colcon.colcon_core.environment:checking '/home/palneel/ros2_ws/install/node_pkg/lib/pkgconfig/node_pkg.pc'
[2.604s] Level 1:colcon.colcon_core.environment:checking '/home/palneel/ros2_ws/install/node_pkg/lib/python3.10/site-packages'
[2.605s] Level 1:colcon.colcon_core.shell:create_environment_hook('node_pkg', 'pythonpath')
[2.607s] INFO:colcon.colcon_core.shell:Creating environment hook '/home/palneel/ros2_ws/install/node_pkg/share/node_pkg/hook/pythonpath.ps1'
[2.608s] INFO:colcon.colcon_core.shell:Creating environment descriptor '/home/palneel/ros2_ws/install/node_pkg/share/node_pkg/hook/pythonpath.dsv'
[2.609s] INFO:colcon.colcon_core.shell:Creating environment hook '/home/palneel/ros2_ws/install/node_pkg/share/node_pkg/hook/pythonpath.sh'
[2.609s] Level 1:colcon.colcon_core.environment:checking '/home/palneel/ros2_ws/install/node_pkg/bin'
[2.610s] Level 1:colcon.colcon_core.environment:create_environment_scripts_only(node_pkg)
[2.612s] INFO:colcon.colcon_core.shell:Creating package script '/home/palneel/ros2_ws/install/node_pkg/share/node_pkg/package.ps1'
[2.613s] INFO:colcon.colcon_core.shell:Creating package descriptor '/home/palneel/ros2_ws/install/node_pkg/share/node_pkg/package.dsv'
[2.614s] INFO:colcon.colcon_core.shell:Creating package script '/home/palneel/ros2_ws/install/node_pkg/share/node_pkg/package.sh'
[2.615s] INFO:colcon.colcon_core.shell:Creating package script '/home/palneel/ros2_ws/install/node_pkg/share/node_pkg/package.bash'
[2.616s] INFO:colcon.colcon_core.shell:Creating package script '/home/palneel/ros2_ws/install/node_pkg/share/node_pkg/package.zsh'
[2.617s] Level 1:colcon.colcon_core.environment:create_file_with_runtime_dependencies(/home/palneel/ros2_ws/install/node_pkg/share/colcon-core/packages/node_pkg)
[2.632s] Level 1:colcon.colcon_core.environment:checking '/home/palneel/ros2_ws/install/learning_tf2_py' for CMake module files
[2.633s] DEBUG:colcon.colcon_core.event_handler.log_command:Invoked command in '/home/palneel/ros2_ws/src/learning_tf2_py' returned '0': PYTHONPATH=/home/palneel/ros2_ws/build/learning_tf2_py/prefix_override:/home/palneel/ros2_ws/install/learning_tf2_py/lib/python3.10/site-packages:${PYTHONPATH} /usr/bin/python3 setup.py egg_info --egg-base ../../build/learning_tf2_py build --build-base /home/palneel/ros2_ws/build/learning_tf2_py/build install --record /home/palneel/ros2_ws/build/learning_tf2_py/install.log --single-version-externally-managed
[2.633s] Level 1:colcon.colcon_core.environment:checking '/home/palneel/ros2_ws/install/learning_tf2_py' for CMake config files
[2.634s] Level 1:colcon.colcon_core.environment:checking '/home/palneel/ros2_ws/install/learning_tf2_py/lib'
[2.634s] Level 1:colcon.colcon_core.environment:checking '/home/palneel/ros2_ws/install/learning_tf2_py/bin'
[2.634s] Level 1:colcon.colcon_core.environment:checking '/home/palneel/ros2_ws/install/learning_tf2_py/lib/pkgconfig/learning_tf2_py.pc'
[2.634s] Level 1:colcon.colcon_core.environment:checking '/home/palneel/ros2_ws/install/learning_tf2_py/lib/python3.10/site-packages'
[2.634s] Level 1:colcon.colcon_core.shell:create_environment_hook('learning_tf2_py', 'pythonpath')
[2.636s] INFO:colcon.colcon_core.shell:Creating environment hook '/home/palneel/ros2_ws/install/learning_tf2_py/share/learning_tf2_py/hook/pythonpath.ps1'
[2.636s] INFO:colcon.colcon_core.shell:Creating environment descriptor '/home/palneel/ros2_ws/install/learning_tf2_py/share/learning_tf2_py/hook/pythonpath.dsv'
[2.636s] INFO:colcon.colcon_core.shell:Creating environment hook '/home/palneel/ros2_ws/install/learning_tf2_py/share/learning_tf2_py/hook/pythonpath.sh'
[2.637s] Level 1:colcon.colcon_core.environment:checking '/home/palneel/ros2_ws/install/learning_tf2_py/bin'
[2.637s] Level 1:colcon.colcon_core.environment:create_environment_scripts_only(learning_tf2_py)
[2.639s] INFO:colcon.colcon_core.shell:Creating package script '/home/palneel/ros2_ws/install/learning_tf2_py/share/learning_tf2_py/package.ps1'
[2.639s] INFO:colcon.colcon_core.shell:Creating package descriptor '/home/palneel/ros2_ws/install/learning_tf2_py/share/learning_tf2_py/package.dsv'
[2.640s] INFO:colcon.colcon_core.shell:Creating package script '/home/palneel/ros2_ws/install/learning_tf2_py/share/learning_tf2_py/package.sh'
[2.640s] INFO:colcon.colcon_core.shell:Creating package script '/home/palneel/ros2_ws/install/learning_tf2_py/share/learning_tf2_py/package.bash'
[2.641s] INFO:colcon.colcon_core.shell:Creating package script '/home/palneel/ros2_ws/install/learning_tf2_py/share/learning_tf2_py/package.zsh'
[2.641s] Level 1:colcon.colcon_core.environment:create_file_with_runtime_dependencies(/home/palneel/ros2_ws/install/learning_tf2_py/share/colcon-core/packages/learning_tf2_py)
[2.645s] Level 1:colcon.colcon_core.environment:checking '/home/palneel/ros2_ws/install/lab4' for CMake module files
[2.646s] Level 1:colcon.colcon_core.environment:checking '/home/palneel/ros2_ws/install/lab4' for CMake config files
[2.646s] DEBUG:colcon.colcon_core.event_handler.log_command:Invoked command in '/home/palneel/ros2_ws/src/lab4' returned '0': PYTHONPATH=/home/palneel/ros2_ws/build/lab4/prefix_override:/home/palneel/ros2_ws/install/lab4/lib/python3.10/site-packages:${PYTHONPATH} /usr/bin/python3 setup.py egg_info --egg-base ../../build/lab4 build --build-base /home/palneel/ros2_ws/build/lab4/build install --record /home/palneel/ros2_ws/build/lab4/install.log --single-version-externally-managed
[2.647s] Level 1:colcon.colcon_core.environment:checking '/home/palneel/ros2_ws/install/lab4/lib'
[2.647s] Level 1:colcon.colcon_core.environment:checking '/home/palneel/ros2_ws/install/lab4/bin'
[2.647s] Level 1:colcon.colcon_core.environment:checking '/home/palneel/ros2_ws/install/lab4/lib/pkgconfig/lab4.pc'
[2.647s] Level 1:colcon.colcon_core.environment:checking '/home/palneel/ros2_ws/install/lab4/lib/python3.10/site-packages'
[2.648s] Level 1:colcon.colcon_core.shell:create_environment_hook('lab4', 'pythonpath')
[2.649s] INFO:colcon.colcon_core.shell:Creating environment hook '/home/palneel/ros2_ws/install/lab4/share/lab4/hook/pythonpath.ps1'
[2.650s] INFO:colcon.colcon_core.shell:Creating environment descriptor '/home/palneel/ros2_ws/install/lab4/share/lab4/hook/pythonpath.dsv'
[2.650s] INFO:colcon.colcon_core.shell:Creating environment hook '/home/palneel/ros2_ws/install/lab4/share/lab4/hook/pythonpath.sh'
[2.651s] Level 1:colcon.colcon_core.environment:checking '/home/palneel/ros2_ws/install/lab4/bin'
[2.651s] Level 1:colcon.colcon_core.environment:create_environment_scripts_only(lab4)
[2.653s] INFO:colcon.colcon_core.shell:Creating package script '/home/palneel/ros2_ws/install/lab4/share/lab4/package.ps1'
[2.654s] INFO:colcon.colcon_core.shell:Creating package descriptor '/home/palneel/ros2_ws/install/lab4/share/lab4/package.dsv'
[2.655s] INFO:colcon.colcon_core.shell:Creating package script '/home/palneel/ros2_ws/install/lab4/share/lab4/package.sh'
[2.656s] INFO:colcon.colcon_core.shell:Creating package script '/home/palneel/ros2_ws/install/lab4/share/lab4/package.bash'
[2.656s] INFO:colcon.colcon_core.shell:Creating package script '/home/palneel/ros2_ws/install/lab4/share/lab4/package.zsh'
[2.657s] Level 1:colcon.colcon_core.environment:create_file_with_runtime_dependencies(/home/palneel/ros2_ws/install/lab4/share/colcon-core/packages/lab4)
[2.741s] DEBUG:colcon.colcon_core.event_handler.log_command:Invoked command in '/home/palneel/ros2_ws/build/my_package' returned '0': PYTHONPATH=/home/palneel/ros2_ws/build/my_package/prefix_override:/home/palneel/ros2_ws/install/my_package/lib/python3.10/site-packages:${PYTHONPATH} /usr/bin/python3 setup.py develop --uninstall --editable --build-directory /home/palneel/ros2_ws/build/my_package/build
[2.743s] DEBUG:colcon.colcon_core.event_handler.log_command:Invoking command in '/home/palneel/ros2_ws/src/my_package': PYTHONPATH=/home/palneel/ros2_ws/build/my_package/prefix_override:/home/palneel/ros2_ws/install/my_package/lib/python3.10/site-packages:${PYTHONPATH} /usr/bin/python3 setup.py egg_info --egg-base ../../build/my_package build --build-base /home/palneel/ros2_ws/build/my_package/build install --record /home/palneel/ros2_ws/build/my_package/install.log --single-version-externally-managed
[2.881s] DEBUG:colcon.colcon_core.event_handler.log_command:Invoked command in '/home/palneel/ros2_ws/build/pub_sub' returned '0': PYTHONPATH=/home/palneel/ros2_ws/build/pub_sub/prefix_override:/home/palneel/ros2_ws/install/pub_sub/lib/python3.10/site-packages:${PYTHONPATH} /usr/bin/python3 setup.py develop --uninstall --editable --build-directory /home/palneel/ros2_ws/build/pub_sub/build
[2.883s] DEBUG:colcon.colcon_core.event_handler.log_command:Invoking command in '/home/palneel/ros2_ws/src/pub_sub': PYTHONPATH=/home/palneel/ros2_ws/build/pub_sub/prefix_override:/home/palneel/ros2_ws/install/pub_sub/lib/python3.10/site-packages:${PYTHONPATH} /usr/bin/python3 setup.py egg_info --egg-base ../../build/pub_sub build --build-base /home/palneel/ros2_ws/build/pub_sub/build install --record /home/palneel/ros2_ws/build/pub_sub/install.log --single-version-externally-managed
[3.042s] DEBUG:colcon.colcon_core.event_handler.log_command:Invoked command in '/home/palneel/ros2_ws/src/my_package' returned '1': PYTHONPATH=/home/palneel/ros2_ws/build/my_package/prefix_override:/home/palneel/ros2_ws/install/my_package/lib/python3.10/site-packages:${PYTHONPATH} /usr/bin/python3 setup.py egg_info --egg-base ../../build/my_package build --build-base /home/palneel/ros2_ws/build/my_package/build install --record /home/palneel/ros2_ws/build/my_package/install.log --single-version-externally-managed
[3.217s] DEBUG:colcon.colcon_parallel_executor.executor.parallel:closing loop
[3.217s] DEBUG:colcon.colcon_parallel_executor.executor.parallel:loop closed
[3.217s] DEBUG:colcon.colcon_parallel_executor.executor.parallel:run_until_complete finished with '1'
[3.217s] DEBUG:colcon.colcon_core.event_reactor:joining thread
[3.224s] INFO:colcon.colcon_core.plugin_system:Skipping extension 'colcon_notification.desktop_notification.terminal_notifier': Not used on non-Darwin systems
[3.224s] INFO:colcon.colcon_core.plugin_system:Skipping extension 'colcon_notification.desktop_notification.win32': Not used on non-Windows systems
[3.224s] INFO:colcon.colcon_notification.desktop_notification:Sending desktop notification using 'notify2'
[3.233s] DEBUG:colcon.colcon_core.event_reactor:joined thread
[3.235s] INFO:colcon.colcon_core.shell:Creating prefix script '/home/palneel/ros2_ws/install/local_setup.ps1'
[3.236s] INFO:colcon.colcon_core.shell:Creating prefix util module '/home/palneel/ros2_ws/install/_local_setup_util_ps1.py'
[3.237s] INFO:colcon.colcon_core.shell:Creating prefix chain script '/home/palneel/ros2_ws/install/setup.ps1'
[3.239s] INFO:colcon.colcon_core.shell:Creating prefix script '/home/palneel/ros2_ws/install/local_setup.sh'
[3.239s] INFO:colcon.colcon_core.shell:Creating prefix util module '/home/palneel/ros2_ws/install/_local_setup_util_sh.py'
[3.239s] INFO:colcon.colcon_core.shell:Creating prefix chain script '/home/palneel/ros2_ws/install/setup.sh'
[3.241s] INFO:colcon.colcon_core.shell:Creating prefix script '/home/palneel/ros2_ws/install/local_setup.bash'
[3.241s] INFO:colcon.colcon_core.shell:Creating prefix chain script '/home/palneel/ros2_ws/install/setup.bash'
[3.242s] INFO:colcon.colcon_core.shell:Creating prefix script '/home/palneel/ros2_ws/install/local_setup.zsh'
[3.243s] INFO:colcon.colcon_core.shell:Creating prefix chain script '/home/palneel/ros2_ws/install/setup.zsh'
