[1.711s] Invoking command in '/home/palneel/ros2_ws/src/lab4': PYTHONPATH=/home/palneel/ros2_ws/build/lab4/prefix_override:/home/palneel/ros2_ws/install/lab4/lib/python3.10/site-packages:${PYTHONPATH} /usr/bin/python3 setup.py egg_info --egg-base ../../build/lab4 build --build-base /home/palneel/ros2_ws/build/lab4/build install --record /home/palneel/ros2_ws/build/lab4/install.log --single-version-externally-managed
[2.128s] running egg_info
[2.129s] writing ../../build/lab4/lab4.egg-info/PKG-INFO
[2.130s] writing dependency_links to ../../build/lab4/lab4.egg-info/dependency_links.txt
[2.130s] writing entry points to ../../build/lab4/lab4.egg-info/entry_points.txt
[2.130s] writing requirements to ../../build/lab4/lab4.egg-info/requires.txt
[2.130s] writing top-level names to ../../build/lab4/lab4.egg-info/top_level.txt
[2.134s] reading manifest file '../../build/lab4/lab4.egg-info/SOURCES.txt'
[2.135s] writing manifest file '../../build/lab4/lab4.egg-info/SOURCES.txt'
[2.136s] running build
[2.136s] running build_py
[2.136s] running install
[2.136s] /usr/lib/python3/dist-packages/setuptools/command/install.py:34: SetuptoolsDeprecationWarning: setup.py install is deprecated. Use build and pip and other standards-based tools.
[2.136s]   warnings.warn(
[2.137s] running install_lib
[2.139s] running install_data
[2.141s] running install_egg_info
[2.144s] removing '/home/palneel/ros2_ws/install/lab4/lib/python3.10/site-packages/lab4-0.0.0-py3.10.egg-info' (and everything under it)
[2.145s] Copying ../../build/lab4/lab4.egg-info to /home/palneel/ros2_ws/install/lab4/lib/python3.10/site-packages/lab4-0.0.0-py3.10.egg-info
[2.147s] running install_scripts
[2.192s] writing list of installed files to '/home/palneel/ros2_ws/build/lab4/install.log'
[2.258s] Invoked command in '/home/palneel/ros2_ws/src/lab4' returned '0': PYTHONPATH=/home/palneel/ros2_ws/build/lab4/prefix_override:/home/palneel/ros2_ws/install/lab4/lib/python3.10/site-packages:${PYTHONPATH} /usr/bin/python3 setup.py egg_info --egg-base ../../build/lab4 build --build-base /home/palneel/ros2_ws/build/lab4/build install --record /home/palneel/ros2_ws/build/lab4/install.log --single-version-externally-managed
