[1.385s] Invoking command in '/home/palneel/ros2_ws/src/learning_tf2_py': PYTHONPATH=/home/palneel/ros2_ws/build/learning_tf2_py/prefix_override:/home/palneel/ros2_ws/install/learning_tf2_py/lib/python3.10/site-packages:${PYTHONPATH} /usr/bin/python3 setup.py egg_info --egg-base ../../build/learning_tf2_py build --build-base /home/palneel/ros2_ws/build/learning_tf2_py/build install --record /home/palneel/ros2_ws/build/learning_tf2_py/install.log --single-version-externally-managed
[1.677s] running egg_info
[1.678s] writing ../../build/learning_tf2_py/learning_tf2_py.egg-info/PKG-INFO
[1.678s] writing dependency_links to ../../build/learning_tf2_py/learning_tf2_py.egg-info/dependency_links.txt
[1.679s] writing entry points to ../../build/learning_tf2_py/learning_tf2_py.egg-info/entry_points.txt
[1.679s] writing requirements to ../../build/learning_tf2_py/learning_tf2_py.egg-info/requires.txt
[1.679s] writing top-level names to ../../build/learning_tf2_py/learning_tf2_py.egg-info/top_level.txt
[1.681s] reading manifest file '../../build/learning_tf2_py/learning_tf2_py.egg-info/SOURCES.txt'
[1.682s] writing manifest file '../../build/learning_tf2_py/learning_tf2_py.egg-info/SOURCES.txt'
[1.682s] running build
[1.683s] running build_py
[1.683s] running install
[1.683s] /usr/lib/python3/dist-packages/setuptools/command/install.py:34: SetuptoolsDeprecationWarning: setup.py install is deprecated. Use build and pip and other standards-based tools.
[1.683s]   warnings.warn(
[1.683s] running install_lib
[1.685s] running install_data
[1.685s] running install_egg_info
[1.687s] removing '/home/palneel/ros2_ws/install/learning_tf2_py/lib/python3.10/site-packages/learning_tf2_py-0.0.0-py3.10.egg-info' (and everything under it)
[1.687s] Copying ../../build/learning_tf2_py/learning_tf2_py.egg-info to /home/palneel/ros2_ws/install/learning_tf2_py/lib/python3.10/site-packages/learning_tf2_py-0.0.0-py3.10.egg-info
[1.688s] running install_scripts
[1.715s] Installing static_turtle_tf2_broadcaster script to /home/palneel/ros2_ws/install/learning_tf2_py/lib/learning_tf2_py
[1.715s] writing list of installed files to '/home/palneel/ros2_ws/build/learning_tf2_py/install.log'
[1.751s] Invoked command in '/home/palneel/ros2_ws/src/learning_tf2_py' returned '0': PYTHONPATH=/home/palneel/ros2_ws/build/learning_tf2_py/prefix_override:/home/palneel/ros2_ws/install/learning_tf2_py/lib/python3.10/site-packages:${PYTHONPATH} /usr/bin/python3 setup.py egg_info --egg-base ../../build/learning_tf2_py build --build-base /home/palneel/ros2_ws/build/learning_tf2_py/build install --record /home/palneel/ros2_ws/build/learning_tf2_py/install.log --single-version-externally-managed
