[0.492s] DEBUG:colcon:Command line arguments: ['/usr/bin/colcon', 'build']
[0.492s] DEBUG:colcon:Parsed command line arguments: Namespace(log_base=None, log_level=None, verb_name='build', build_base='build', install_base='install', merge_install=False, symlink_install=False, test_result_base=None, continue_on_error=False, executor='parallel', parallel_workers=8, event_handlers=None, ignore_user_meta=False, metas=['./colcon.meta'], base_paths=['.'], packages_ignore=None, packages_ignore_regex=None, paths=None, packages_up_to=None, packages_up_to_regex=None, packages_above=None, packages_above_and_dependencies=None, packages_above_depth=None, packages_select_by_dep=None, packages_skip_by_dep=None, packages_skip_up_to=None, packages_select_build_failed=False, packages_skip_build_finished=False, packages_select_test_failures=False, packages_skip_test_passed=False, packages_select=None, packages_skip=None, packages_select_regex=None, packages_skip_regex=None, packages_start=None, packages_end=None, allow_overriding=[], cmake_args=None, cmake_target=None, cmake_target_skip_unavailable=False, cmake_clean_cache=False, cmake_clean_first=False, cmake_force_configure=False, ament_cmake_args=None, catkin_cmake_args=None, catkin_skip_building_tests=False, verb_parser=<colcon_defaults.argument_parser.defaults.DefaultArgumentsDecorator object at 0x7fe67fff4880>, verb_extension=<colcon_core.verb.build.BuildVerb object at 0x7fe67ff1afe0>, main=<bound method BuildVerb.main of <colcon_core.verb.build.BuildVerb object at 0x7fe67ff1afe0>>)
[0.546s] Level 1:colcon.colcon_core.package_discovery:discover_packages(colcon_meta) check parameters
[0.546s] Level 1:colcon.colcon_core.package_discovery:discover_packages(recursive) check parameters
[0.546s] Level 1:colcon.colcon_core.package_discovery:discover_packages(ignore) check parameters
[0.546s] Level 1:colcon.colcon_core.package_discovery:discover_packages(path) check parameters
[0.546s] Level 1:colcon.colcon_core.package_discovery:discover_packages(colcon_meta) discover
[0.546s] Level 1:colcon.colcon_core.package_discovery:discover_packages(recursive) discover
[0.546s] INFO:colcon.colcon_core.package_discovery:Crawling recursively for packages in '/home/palneel/ros2_ws'
[0.546s] Level 1:colcon.colcon_core.package_identification:_identify(.) by extensions ['ignore', 'ignore_ament_install']
[0.547s] Level 1:colcon.colcon_core.package_identification:_identify(.) by extension 'ignore'
[0.547s] Level 1:colcon.colcon_core.package_identification:_identify(.) by extension 'ignore_ament_install'
[0.547s] Level 1:colcon.colcon_core.package_identification:_identify(.) by extensions ['colcon_pkg']
[0.547s] Level 1:colcon.colcon_core.package_identification:_identify(.) by extension 'colcon_pkg'
[0.547s] Level 1:colcon.colcon_core.package_identification:_identify(.) by extensions ['colcon_meta']
[0.547s] Level 1:colcon.colcon_core.package_identification:_identify(.) by extension 'colcon_meta'
[0.547s] Level 1:colcon.colcon_core.package_identification:_identify(.) by extensions ['ros']
[0.547s] Level 1:colcon.colcon_core.package_identification:_identify(.) by extension 'ros'
[0.567s] Level 1:colcon.colcon_core.package_identification:_identify(.) by extensions ['cmake', 'python']
[0.567s] Level 1:colcon.colcon_core.package_identification:_identify(.) by extension 'cmake'
[0.567s] Level 1:colcon.colcon_core.package_identification:_identify(.) by extension 'python'
[0.567s] Level 1:colcon.colcon_core.package_identification:_identify(.) by extensions ['python_setup_py']
[0.567s] Level 1:colcon.colcon_core.package_identification:_identify(.) by extension 'python_setup_py'
[0.568s] Level 1:colcon.colcon_core.package_identification:_identify(build) by extensions ['ignore', 'ignore_ament_install']
[0.568s] Level 1:colcon.colcon_core.package_identification:_identify(build) by extension 'ignore'
[0.568s] Level 1:colcon.colcon_core.package_identification:_identify(build) ignored
[0.568s] Level 1:colcon.colcon_core.package_identification:_identify(install) by extensions ['ignore', 'ignore_ament_install']
[0.568s] Level 1:colcon.colcon_core.package_identification:_identify(install) by extension 'ignore'
[0.568s] Level 1:colcon.colcon_core.package_identification:_identify(install) ignored
[0.569s] Level 1:colcon.colcon_core.package_identification:_identify(log) by extensions ['ignore', 'ignore_ament_install']
[0.569s] Level 1:colcon.colcon_core.package_identification:_identify(log) by extension 'ignore'
[0.569s] Level 1:colcon.colcon_core.package_identification:_identify(log) ignored
[0.569s] Level 1:colcon.colcon_core.package_identification:_identify(src) by extensions ['ignore', 'ignore_ament_install']
[0.569s] Level 1:colcon.colcon_core.package_identification:_identify(src) by extension 'ignore'
[0.569s] Level 1:colcon.colcon_core.package_identification:_identify(src) by extension 'ignore_ament_install'
[0.569s] Level 1:colcon.colcon_core.package_identification:_identify(src) by extensions ['colcon_pkg']
[0.569s] Level 1:colcon.colcon_core.package_identification:_identify(src) by extension 'colcon_pkg'
[0.569s] Level 1:colcon.colcon_core.package_identification:_identify(src) by extensions ['colcon_meta']
[0.569s] Level 1:colcon.colcon_core.package_identification:_identify(src) by extension 'colcon_meta'
[0.569s] Level 1:colcon.colcon_core.package_identification:_identify(src) by extensions ['ros']
[0.569s] Level 1:colcon.colcon_core.package_identification:_identify(src) by extension 'ros'
[0.570s] Level 1:colcon.colcon_core.package_identification:_identify(src) by extensions ['cmake', 'python']
[0.570s] Level 1:colcon.colcon_core.package_identification:_identify(src) by extension 'cmake'
[0.570s] Level 1:colcon.colcon_core.package_identification:_identify(src) by extension 'python'
[0.570s] Level 1:colcon.colcon_core.package_identification:_identify(src) by extensions ['python_setup_py']
[0.570s] Level 1:colcon.colcon_core.package_identification:_identify(src) by extension 'python_setup_py'
[0.570s] Level 1:colcon.colcon_core.package_identification:_identify(src/lab4) by extensions ['ignore', 'ignore_ament_install']
[0.570s] Level 1:colcon.colcon_core.package_identification:_identify(src/lab4) by extension 'ignore'
[0.570s] Level 1:colcon.colcon_core.package_identification:_identify(src/lab4) by extension 'ignore_ament_install'
[0.570s] Level 1:colcon.colcon_core.package_identification:_identify(src/lab4) by extensions ['colcon_pkg']
[0.570s] Level 1:colcon.colcon_core.package_identification:_identify(src/lab4) by extension 'colcon_pkg'
[0.570s] Level 1:colcon.colcon_core.package_identification:_identify(src/lab4) by extensions ['colcon_meta']
[0.570s] Level 1:colcon.colcon_core.package_identification:_identify(src/lab4) by extension 'colcon_meta'
[0.570s] Level 1:colcon.colcon_core.package_identification:_identify(src/lab4) by extensions ['ros']
[0.570s] Level 1:colcon.colcon_core.package_identification:_identify(src/lab4) by extension 'ros'
[0.575s] DEBUG:colcon.colcon_core.package_identification:Package 'src/lab4' with type 'ros.ament_python' and name 'lab4'
[0.575s] Level 1:colcon.colcon_core.package_identification:_identify(src/learning_tf2_py) by extensions ['ignore', 'ignore_ament_install']
[0.575s] Level 1:colcon.colcon_core.package_identification:_identify(src/learning_tf2_py) by extension 'ignore'
[0.575s] Level 1:colcon.colcon_core.package_identification:_identify(src/learning_tf2_py) by extension 'ignore_ament_install'
[0.575s] Level 1:colcon.colcon_core.package_identification:_identify(src/learning_tf2_py) by extensions ['colcon_pkg']
[0.575s] Level 1:colcon.colcon_core.package_identification:_identify(src/learning_tf2_py) by extension 'colcon_pkg'
[0.575s] Level 1:colcon.colcon_core.package_identification:_identify(src/learning_tf2_py) by extensions ['colcon_meta']
[0.575s] Level 1:colcon.colcon_core.package_identification:_identify(src/learning_tf2_py) by extension 'colcon_meta'
[0.575s] Level 1:colcon.colcon_core.package_identification:_identify(src/learning_tf2_py) by extensions ['ros']
[0.575s] Level 1:colcon.colcon_core.package_identification:_identify(src/learning_tf2_py) by extension 'ros'
[0.576s] DEBUG:colcon.colcon_core.package_identification:Package 'src/learning_tf2_py' with type 'ros.ament_python' and name 'learning_tf2_py'
[0.577s] Level 1:colcon.colcon_core.package_identification:_identify(src/my_package) by extensions ['ignore', 'ignore_ament_install']
[0.577s] Level 1:colcon.colcon_core.package_identification:_identify(src/my_package) by extension 'ignore'
[0.577s] Level 1:colcon.colcon_core.package_identification:_identify(src/my_package) by extension 'ignore_ament_install'
[0.577s] Level 1:colcon.colcon_core.package_identification:_identify(src/my_package) by extensions ['colcon_pkg']
[0.577s] Level 1:colcon.colcon_core.package_identification:_identify(src/my_package) by extension 'colcon_pkg'
[0.577s] Level 1:colcon.colcon_core.package_identification:_identify(src/my_package) by extensions ['colcon_meta']
[0.577s] Level 1:colcon.colcon_core.package_identification:_identify(src/my_package) by extension 'colcon_meta'
[0.577s] Level 1:colcon.colcon_core.package_identification:_identify(src/my_package) by extensions ['ros']
[0.577s] Level 1:colcon.colcon_core.package_identification:_identify(src/my_package) by extension 'ros'
[0.578s] DEBUG:colcon.colcon_core.package_identification:Package 'src/my_package' with type 'ros.ament_python' and name 'my_package'
[0.578s] Level 1:colcon.colcon_core.package_identification:_identify(src/node_pkg) by extensions ['ignore', 'ignore_ament_install']
[0.578s] Level 1:colcon.colcon_core.package_identification:_identify(src/node_pkg) by extension 'ignore'
[0.578s] Level 1:colcon.colcon_core.package_identification:_identify(src/node_pkg) by extension 'ignore_ament_install'
[0.579s] Level 1:colcon.colcon_core.package_identification:_identify(src/node_pkg) by extensions ['colcon_pkg']
[0.579s] Level 1:colcon.colcon_core.package_identification:_identify(src/node_pkg) by extension 'colcon_pkg'
[0.579s] Level 1:colcon.colcon_core.package_identification:_identify(src/node_pkg) by extensions ['colcon_meta']
[0.579s] Level 1:colcon.colcon_core.package_identification:_identify(src/node_pkg) by extension 'colcon_meta'
[0.579s] Level 1:colcon.colcon_core.package_identification:_identify(src/node_pkg) by extensions ['ros']
[0.579s] Level 1:colcon.colcon_core.package_identification:_identify(src/node_pkg) by extension 'ros'
[0.580s] DEBUG:colcon.colcon_core.package_identification:Package 'src/node_pkg' with type 'ros.ament_python' and name 'node_pkg'
[0.580s] Level 1:colcon.colcon_core.package_identification:_identify(src/pub_sub) by extensions ['ignore', 'ignore_ament_install']
[0.580s] Level 1:colcon.colcon_core.package_identification:_identify(src/pub_sub) by extension 'ignore'
[0.580s] Level 1:colcon.colcon_core.package_identification:_identify(src/pub_sub) by extension 'ignore_ament_install'
[0.580s] Level 1:colcon.colcon_core.package_identification:_identify(src/pub_sub) by extensions ['colcon_pkg']
[0.580s] Level 1:colcon.colcon_core.package_identification:_identify(src/pub_sub) by extension 'colcon_pkg'
[0.580s] Level 1:colcon.colcon_core.package_identification:_identify(src/pub_sub) by extensions ['colcon_meta']
[0.580s] Level 1:colcon.colcon_core.package_identification:_identify(src/pub_sub) by extension 'colcon_meta'
[0.580s] Level 1:colcon.colcon_core.package_identification:_identify(src/pub_sub) by extensions ['ros']
[0.580s] Level 1:colcon.colcon_core.package_identification:_identify(src/pub_sub) by extension 'ros'
[0.581s] DEBUG:colcon.colcon_core.package_identification:Package 'src/pub_sub' with type 'ros.ament_python' and name 'pub_sub'
[0.581s] Level 1:colcon.colcon_core.package_identification:_identify(src/roboarm) by extensions ['ignore', 'ignore_ament_install']
[0.581s] Level 1:colcon.colcon_core.package_identification:_identify(src/roboarm) by extension 'ignore'
[0.581s] Level 1:colcon.colcon_core.package_identification:_identify(src/roboarm) by extension 'ignore_ament_install'
[0.581s] Level 1:colcon.colcon_core.package_identification:_identify(src/roboarm) by extensions ['colcon_pkg']
[0.582s] Level 1:colcon.colcon_core.package_identification:_identify(src/roboarm) by extension 'colcon_pkg'
[0.582s] Level 1:colcon.colcon_core.package_identification:_identify(src/roboarm) by extensions ['colcon_meta']
[0.582s] Level 1:colcon.colcon_core.package_identification:_identify(src/roboarm) by extension 'colcon_meta'
[0.582s] Level 1:colcon.colcon_core.package_identification:_identify(src/roboarm) by extensions ['ros']
[0.582s] Level 1:colcon.colcon_core.package_identification:_identify(src/roboarm) by extension 'ros'
[0.583s] DEBUG:colcon.colcon_core.package_identification:Package 'src/roboarm' with type 'ros.ament_python' and name 'roboarm'
[0.583s] Level 1:colcon.colcon_core.package_discovery:discover_packages(recursive) using defaults
[0.583s] Level 1:colcon.colcon_core.package_discovery:discover_packages(ignore) discover
[0.583s] Level 1:colcon.colcon_core.package_discovery:discover_packages(ignore) using defaults
[0.583s] Level 1:colcon.colcon_core.package_discovery:discover_packages(path) discover
[0.583s] Level 1:colcon.colcon_core.package_discovery:discover_packages(path) using defaults
[0.623s] Level 1:colcon.colcon_core.package_discovery:discover_packages(prefix_path) check parameters
[0.623s] Level 1:colcon.colcon_core.package_discovery:discover_packages(prefix_path) discover
[0.627s] DEBUG:colcon.colcon_installed_package_information.package_discovery:Found 1 installed packages in /home/palneel/install
[0.630s] DEBUG:colcon.colcon_installed_package_information.package_discovery:Found 332 installed packages in /opt/ros/humble
[0.633s] Level 1:colcon.colcon_core.package_discovery:discover_packages(prefix_path) using defaults
[0.736s] Level 5:colcon.colcon_core.verb:set package 'lab4' build argument 'cmake_args' from command line to 'None'
[0.736s] Level 5:colcon.colcon_core.verb:set package 'lab4' build argument 'cmake_target' from command line to 'None'
[0.736s] Level 5:colcon.colcon_core.verb:set package 'lab4' build argument 'cmake_target_skip_unavailable' from command line to 'False'
[0.736s] Level 5:colcon.colcon_core.verb:set package 'lab4' build argument 'cmake_clean_cache' from command line to 'False'
[0.736s] Level 5:colcon.colcon_core.verb:set package 'lab4' build argument 'cmake_clean_first' from command line to 'False'
[0.736s] Level 5:colcon.colcon_core.verb:set package 'lab4' build argument 'cmake_force_configure' from command line to 'False'
[0.736s] Level 5:colcon.colcon_core.verb:set package 'lab4' build argument 'ament_cmake_args' from command line to 'None'
[0.736s] Level 5:colcon.colcon_core.verb:set package 'lab4' build argument 'catkin_cmake_args' from command line to 'None'
[0.736s] Level 5:colcon.colcon_core.verb:set package 'lab4' build argument 'catkin_skip_building_tests' from command line to 'False'
[0.737s] DEBUG:colcon.colcon_core.verb:Building package 'lab4' with the following arguments: {'ament_cmake_args': None, 'build_base': '/home/palneel/ros2_ws/build/lab4', 'catkin_cmake_args': None, 'catkin_skip_building_tests': False, 'cmake_args': None, 'cmake_clean_cache': False, 'cmake_clean_first': False, 'cmake_force_configure': False, 'cmake_target': None, 'cmake_target_skip_unavailable': False, 'install_base': '/home/palneel/ros2_ws/install/lab4', 'merge_install': False, 'path': '/home/palneel/ros2_ws/src/lab4', 'symlink_install': False, 'test_result_base': None}
[0.738s] Level 5:colcon.colcon_core.verb:set package 'learning_tf2_py' build argument 'cmake_args' from command line to 'None'
[0.738s] Level 5:colcon.colcon_core.verb:set package 'learning_tf2_py' build argument 'cmake_target' from command line to 'None'
[0.738s] Level 5:colcon.colcon_core.verb:set package 'learning_tf2_py' build argument 'cmake_target_skip_unavailable' from command line to 'False'
[0.738s] Level 5:colcon.colcon_core.verb:set package 'learning_tf2_py' build argument 'cmake_clean_cache' from command line to 'False'
[0.738s] Level 5:colcon.colcon_core.verb:set package 'learning_tf2_py' build argument 'cmake_clean_first' from command line to 'False'
[0.738s] Level 5:colcon.colcon_core.verb:set package 'learning_tf2_py' build argument 'cmake_force_configure' from command line to 'False'
[0.738s] Level 5:colcon.colcon_core.verb:set package 'learning_tf2_py' build argument 'ament_cmake_args' from command line to 'None'
[0.738s] Level 5:colcon.colcon_core.verb:set package 'learning_tf2_py' build argument 'catkin_cmake_args' from command line to 'None'
[0.738s] Level 5:colcon.colcon_core.verb:set package 'learning_tf2_py' build argument 'catkin_skip_building_tests' from command line to 'False'
[0.738s] DEBUG:colcon.colcon_core.verb:Building package 'learning_tf2_py' with the following arguments: {'ament_cmake_args': None, 'build_base': '/home/palneel/ros2_ws/build/learning_tf2_py', 'catkin_cmake_args': None, 'catkin_skip_building_tests': False, 'cmake_args': None, 'cmake_clean_cache': False, 'cmake_clean_first': False, 'cmake_force_configure': False, 'cmake_target': None, 'cmake_target_skip_unavailable': False, 'install_base': '/home/palneel/ros2_ws/install/learning_tf2_py', 'merge_install': False, 'path': '/home/palneel/ros2_ws/src/learning_tf2_py', 'symlink_install': False, 'test_result_base': None}
[0.740s] Level 5:colcon.colcon_core.verb:set package 'my_package' build argument 'cmake_args' from command line to 'None'
[0.740s] Level 5:colcon.colcon_core.verb:set package 'my_package' build argument 'cmake_target' from command line to 'None'
[0.740s] Level 5:colcon.colcon_core.verb:set package 'my_package' build argument 'cmake_target_skip_unavailable' from command line to 'False'
[0.740s] Level 5:colcon.colcon_core.verb:set package 'my_package' build argument 'cmake_clean_cache' from command line to 'False'
[0.740s] Level 5:colcon.colcon_core.verb:set package 'my_package' build argument 'cmake_clean_first' from command line to 'False'
[0.740s] Level 5:colcon.colcon_core.verb:set package 'my_package' build argument 'cmake_force_configure' from command line to 'False'
[0.740s] Level 5:colcon.colcon_core.verb:set package 'my_package' build argument 'ament_cmake_args' from command line to 'None'
[0.740s] Level 5:colcon.colcon_core.verb:set package 'my_package' build argument 'catkin_cmake_args' from command line to 'None'
[0.740s] Level 5:colcon.colcon_core.verb:set package 'my_package' build argument 'catkin_skip_building_tests' from command line to 'False'
[0.740s] DEBUG:colcon.colcon_core.verb:Building package 'my_package' with the following arguments: {'ament_cmake_args': None, 'build_base': '/home/palneel/ros2_ws/build/my_package', 'catkin_cmake_args': None, 'catkin_skip_building_tests': False, 'cmake_args': None, 'cmake_clean_cache': False, 'cmake_clean_first': False, 'cmake_force_configure': False, 'cmake_target': None, 'cmake_target_skip_unavailable': False, 'install_base': '/home/palneel/ros2_ws/install/my_package', 'merge_install': False, 'path': '/home/palneel/ros2_ws/src/my_package', 'symlink_install': False, 'test_result_base': None}
[0.742s] Level 5:colcon.colcon_core.verb:set package 'node_pkg' build argument 'cmake_args' from command line to 'None'
[0.742s] Level 5:colcon.colcon_core.verb:set package 'node_pkg' build argument 'cmake_target' from command line to 'None'
[0.742s] Level 5:colcon.colcon_core.verb:set package 'node_pkg' build argument 'cmake_target_skip_unavailable' from command line to 'False'
[0.742s] Level 5:colcon.colcon_core.verb:set package 'node_pkg' build argument 'cmake_clean_cache' from command line to 'False'
[0.742s] Level 5:colcon.colcon_core.verb:set package 'node_pkg' build argument 'cmake_clean_first' from command line to 'False'
[0.742s] Level 5:colcon.colcon_core.verb:set package 'node_pkg' build argument 'cmake_force_configure' from command line to 'False'
[0.742s] Level 5:colcon.colcon_core.verb:set package 'node_pkg' build argument 'ament_cmake_args' from command line to 'None'
[0.742s] Level 5:colcon.colcon_core.verb:set package 'node_pkg' build argument 'catkin_cmake_args' from command line to 'None'
[0.742s] Level 5:colcon.colcon_core.verb:set package 'node_pkg' build argument 'catkin_skip_building_tests' from command line to 'False'
[0.742s] DEBUG:colcon.colcon_core.verb:Building package 'node_pkg' with the following arguments: {'ament_cmake_args': None, 'build_base': '/home/palneel/ros2_ws/build/node_pkg', 'catkin_cmake_args': None, 'catkin_skip_building_tests': False, 'cmake_args': None, 'cmake_clean_cache': False, 'cmake_clean_first': False, 'cmake_force_configure': False, 'cmake_target': None, 'cmake_target_skip_unavailable': False, 'install_base': '/home/palneel/ros2_ws/install/node_pkg', 'merge_install': False, 'path': '/home/palneel/ros2_ws/src/node_pkg', 'symlink_install': False, 'test_result_base': None}
[0.743s] Level 5:colcon.colcon_core.verb:set package 'pub_sub' build argument 'cmake_args' from command line to 'None'
[0.743s] Level 5:colcon.colcon_core.verb:set package 'pub_sub' build argument 'cmake_target' from command line to 'None'
[0.743s] Level 5:colcon.colcon_core.verb:set package 'pub_sub' build argument 'cmake_target_skip_unavailable' from command line to 'False'
[0.743s] Level 5:colcon.colcon_core.verb:set package 'pub_sub' build argument 'cmake_clean_cache' from command line to 'False'
[0.744s] Level 5:colcon.colcon_core.verb:set package 'pub_sub' build argument 'cmake_clean_first' from command line to 'False'
[0.744s] Level 5:colcon.colcon_core.verb:set package 'pub_sub' build argument 'cmake_force_configure' from command line to 'False'
[0.744s] Level 5:colcon.colcon_core.verb:set package 'pub_sub' build argument 'ament_cmake_args' from command line to 'None'
[0.744s] Level 5:colcon.colcon_core.verb:set package 'pub_sub' build argument 'catkin_cmake_args' from command line to 'None'
[0.744s] Level 5:colcon.colcon_core.verb:set package 'pub_sub' build argument 'catkin_skip_building_tests' from command line to 'False'
[0.744s] DEBUG:colcon.colcon_core.verb:Building package 'pub_sub' with the following arguments: {'ament_cmake_args': None, 'build_base': '/home/palneel/ros2_ws/build/pub_sub', 'catkin_cmake_args': None, 'catkin_skip_building_tests': False, 'cmake_args': None, 'cmake_clean_cache': False, 'cmake_clean_first': False, 'cmake_force_configure': False, 'cmake_target': None, 'cmake_target_skip_unavailable': False, 'install_base': '/home/palneel/ros2_ws/install/pub_sub', 'merge_install': False, 'path': '/home/palneel/ros2_ws/src/pub_sub', 'symlink_install': False, 'test_result_base': None}
[0.745s] Level 5:colcon.colcon_core.verb:set package 'roboarm' build argument 'cmake_args' from command line to 'None'
[0.745s] Level 5:colcon.colcon_core.verb:set package 'roboarm' build argument 'cmake_target' from command line to 'None'
[0.745s] Level 5:colcon.colcon_core.verb:set package 'roboarm' build argument 'cmake_target_skip_unavailable' from command line to 'False'
[0.745s] Level 5:colcon.colcon_core.verb:set package 'roboarm' build argument 'cmake_clean_cache' from command line to 'False'
[0.745s] Level 5:colcon.colcon_core.verb:set package 'roboarm' build argument 'cmake_clean_first' from command line to 'False'
[0.745s] Level 5:colcon.colcon_core.verb:set package 'roboarm' build argument 'cmake_force_configure' from command line to 'False'
[0.745s] Level 5:colcon.colcon_core.verb:set package 'roboarm' build argument 'ament_cmake_args' from command line to 'None'
[0.745s] Level 5:colcon.colcon_core.verb:set package 'roboarm' build argument 'catkin_cmake_args' from command line to 'None'
[0.745s] Level 5:colcon.colcon_core.verb:set package 'roboarm' build argument 'catkin_skip_building_tests' from command line to 'False'
[0.745s] DEBUG:colcon.colcon_core.verb:Building package 'roboarm' with the following arguments: {'ament_cmake_args': None, 'build_base': '/home/palneel/ros2_ws/build/roboarm', 'catkin_cmake_args': None, 'catkin_skip_building_tests': False, 'cmake_args': None, 'cmake_clean_cache': False, 'cmake_clean_first': False, 'cmake_force_configure': False, 'cmake_target': None, 'cmake_target_skip_unavailable': False, 'install_base': '/home/palneel/ros2_ws/install/roboarm', 'merge_install': False, 'path': '/home/palneel/ros2_ws/src/roboarm', 'symlink_install': False, 'test_result_base': None}
[0.746s] INFO:colcon.colcon_core.executor:Executing jobs using 'parallel' executor
[0.751s] DEBUG:colcon.colcon_parallel_executor.executor.parallel:run_until_complete
[0.752s] INFO:colcon.colcon_ros.task.ament_python.build:Building ROS package in '/home/palneel/ros2_ws/src/lab4' with build type 'ament_python'
[0.752s] Level 1:colcon.colcon_core.shell:create_environment_hook('lab4', 'ament_prefix_path')
[0.758s] INFO:colcon.colcon_core.plugin_system:Skipping extension 'colcon_core.shell.bat': Not used on non-Windows systems
[0.759s] INFO:colcon.colcon_core.shell:Creating environment hook '/home/palneel/ros2_ws/install/lab4/share/lab4/hook/ament_prefix_path.ps1'
[0.760s] INFO:colcon.colcon_core.shell:Creating environment descriptor '/home/palneel/ros2_ws/install/lab4/share/lab4/hook/ament_prefix_path.dsv'
[0.761s] INFO:colcon.colcon_core.shell:Creating environment hook '/home/palneel/ros2_ws/install/lab4/share/lab4/hook/ament_prefix_path.sh'
[0.763s] INFO:colcon.colcon_core.shell:Skip shell extension 'powershell' for command environment: Not usable outside of PowerShell
[0.764s] DEBUG:colcon.colcon_core.shell:Skip shell extension 'dsv' for command environment
[0.771s] INFO:colcon.colcon_ros.task.ament_python.build:Building ROS package in '/home/palneel/ros2_ws/src/learning_tf2_py' with build type 'ament_python'
[0.771s] Level 1:colcon.colcon_core.shell:create_environment_hook('learning_tf2_py', 'ament_prefix_path')
[0.773s] INFO:colcon.colcon_core.shell:Creating environment hook '/home/palneel/ros2_ws/install/learning_tf2_py/share/learning_tf2_py/hook/ament_prefix_path.ps1'
[0.774s] INFO:colcon.colcon_core.shell:Creating environment descriptor '/home/palneel/ros2_ws/install/learning_tf2_py/share/learning_tf2_py/hook/ament_prefix_path.dsv'
[0.774s] INFO:colcon.colcon_core.shell:Creating environment hook '/home/palneel/ros2_ws/install/learning_tf2_py/share/learning_tf2_py/hook/ament_prefix_path.sh'
[0.776s] INFO:colcon.colcon_core.shell:Skip shell extension 'powershell' for command environment: Not usable outside of PowerShell
[0.776s] DEBUG:colcon.colcon_core.shell:Skip shell extension 'dsv' for command environment
[0.783s] INFO:colcon.colcon_ros.task.ament_python.build:Building ROS package in '/home/palneel/ros2_ws/src/my_package' with build type 'ament_python'
[0.783s] Level 1:colcon.colcon_core.shell:create_environment_hook('my_package', 'ament_prefix_path')
[0.786s] INFO:colcon.colcon_core.shell:Creating environment hook '/home/palneel/ros2_ws/install/my_package/share/my_package/hook/ament_prefix_path.ps1'
[0.787s] INFO:colcon.colcon_core.shell:Creating environment descriptor '/home/palneel/ros2_ws/install/my_package/share/my_package/hook/ament_prefix_path.dsv'
[0.788s] INFO:colcon.colcon_core.shell:Creating environment hook '/home/palneel/ros2_ws/install/my_package/share/my_package/hook/ament_prefix_path.sh'
[0.791s] INFO:colcon.colcon_core.shell:Skip shell extension 'powershell' for command environment: Not usable outside of PowerShell
[0.791s] DEBUG:colcon.colcon_core.shell:Skip shell extension 'dsv' for command environment
[0.798s] INFO:colcon.colcon_ros.task.ament_python.build:Building ROS package in '/home/palneel/ros2_ws/src/node_pkg' with build type 'ament_python'
[0.799s] Level 1:colcon.colcon_core.shell:create_environment_hook('node_pkg', 'ament_prefix_path')
[0.801s] INFO:colcon.colcon_core.shell:Creating environment hook '/home/palneel/ros2_ws/install/node_pkg/share/node_pkg/hook/ament_prefix_path.ps1'
[0.802s] INFO:colcon.colcon_core.shell:Creating environment descriptor '/home/palneel/ros2_ws/install/node_pkg/share/node_pkg/hook/ament_prefix_path.dsv'
[0.802s] INFO:colcon.colcon_core.shell:Creating environment hook '/home/palneel/ros2_ws/install/node_pkg/share/node_pkg/hook/ament_prefix_path.sh'
[0.805s] INFO:colcon.colcon_core.shell:Skip shell extension 'powershell' for command environment: Not usable outside of PowerShell
[0.805s] DEBUG:colcon.colcon_core.shell:Skip shell extension 'dsv' for command environment
[0.812s] INFO:colcon.colcon_ros.task.ament_python.build:Building ROS package in '/home/palneel/ros2_ws/src/pub_sub' with build type 'ament_python'
[0.812s] Level 1:colcon.colcon_core.shell:create_environment_hook('pub_sub', 'ament_prefix_path')
[0.814s] INFO:colcon.colcon_core.shell:Creating environment hook '/home/palneel/ros2_ws/install/pub_sub/share/pub_sub/hook/ament_prefix_path.ps1'
[0.816s] INFO:colcon.colcon_core.shell:Creating environment descriptor '/home/palneel/ros2_ws/install/pub_sub/share/pub_sub/hook/ament_prefix_path.dsv'
[0.816s] INFO:colcon.colcon_core.shell:Creating environment hook '/home/palneel/ros2_ws/install/pub_sub/share/pub_sub/hook/ament_prefix_path.sh'
[0.819s] INFO:colcon.colcon_core.shell:Skip shell extension 'powershell' for command environment: Not usable outside of PowerShell
[0.819s] DEBUG:colcon.colcon_core.shell:Skip shell extension 'dsv' for command environment
[0.827s] INFO:colcon.colcon_ros.task.ament_python.build:Building ROS package in '/home/palneel/ros2_ws/src/roboarm' with build type 'ament_python'
[0.827s] Level 1:colcon.colcon_core.shell:create_environment_hook('roboarm', 'ament_prefix_path')
[0.829s] INFO:colcon.colcon_core.shell:Creating environment hook '/home/palneel/ros2_ws/install/roboarm/share/roboarm/hook/ament_prefix_path.ps1'
[0.831s] INFO:colcon.colcon_core.shell:Creating environment descriptor '/home/palneel/ros2_ws/install/roboarm/share/roboarm/hook/ament_prefix_path.dsv'
[0.831s] INFO:colcon.colcon_core.shell:Creating environment hook '/home/palneel/ros2_ws/install/roboarm/share/roboarm/hook/ament_prefix_path.sh'
[0.834s] INFO:colcon.colcon_core.shell:Skip shell extension 'powershell' for command environment: Not usable outside of PowerShell
[0.834s] DEBUG:colcon.colcon_core.shell:Skip shell extension 'dsv' for command environment
[1.269s] INFO:colcon.colcon_core.task.python.build:Building Python package in '/home/palneel/ros2_ws/src/lab4'
[1.272s] INFO:colcon.colcon_core.shell:Skip shell extension 'powershell' for command environment: Not usable outside of PowerShell
[1.272s] DEBUG:colcon.colcon_core.shell:Skip shell extension 'dsv' for command environment
[1.696s] INFO:colcon.colcon_core.task.python.build:Building Python package in '/home/palneel/ros2_ws/src/learning_tf2_py'
[1.698s] INFO:colcon.colcon_core.shell:Skip shell extension 'powershell' for command environment: Not usable outside of PowerShell
[1.698s] DEBUG:colcon.colcon_core.shell:Skip shell extension 'dsv' for command environment
[2.145s] INFO:colcon.colcon_core.task.python.build:Building Python package in '/home/palneel/ros2_ws/src/my_package'
[2.148s] INFO:colcon.colcon_core.shell:Skip shell extension 'powershell' for command environment: Not usable outside of PowerShell
[2.148s] DEBUG:colcon.colcon_core.shell:Skip shell extension 'dsv' for command environment
[2.558s] INFO:colcon.colcon_core.task.python.build:Building Python package in '/home/palneel/ros2_ws/src/node_pkg'
[2.560s] INFO:colcon.colcon_core.shell:Skip shell extension 'powershell' for command environment: Not usable outside of PowerShell
[2.560s] DEBUG:colcon.colcon_core.shell:Skip shell extension 'dsv' for command environment
[2.955s] INFO:colcon.colcon_core.task.python.build:Building Python package in '/home/palneel/ros2_ws/src/pub_sub'
[2.958s] INFO:colcon.colcon_core.shell:Skip shell extension 'powershell' for command environment: Not usable outside of PowerShell
[2.958s] DEBUG:colcon.colcon_core.shell:Skip shell extension 'dsv' for command environment
[3.500s] INFO:colcon.colcon_core.task.python.build:Building Python package in '/home/palneel/ros2_ws/src/roboarm'
[3.504s] INFO:colcon.colcon_core.shell:Skip shell extension 'powershell' for command environment: Not usable outside of PowerShell
[3.505s] DEBUG:colcon.colcon_core.shell:Skip shell extension 'dsv' for command environment
[4.407s] DEBUG:colcon.colcon_core.event_handler.log_command:Invoking command in '/home/palneel/ros2_ws/src/learning_tf2_py': PYTHONPATH=/home/palneel/ros2_ws/build/learning_tf2_py/prefix_override:/home/palneel/ros2_ws/install/learning_tf2_py/lib/python3.10/site-packages:${PYTHONPATH} /usr/bin/python3 setup.py egg_info --egg-base ../../build/learning_tf2_py build --build-base /home/palneel/ros2_ws/build/learning_tf2_py/build install --record /home/palneel/ros2_ws/build/learning_tf2_py/install.log --single-version-externally-managed
[4.496s] DEBUG:colcon.colcon_core.event_handler.log_command:Invoking command in '/home/palneel/ros2_ws/build/my_package': PYTHONPATH=/home/palneel/ros2_ws/build/my_package/prefix_override:/home/palneel/ros2_ws/install/my_package/lib/python3.10/site-packages:${PYTHONPATH} /usr/bin/python3 setup.py develop --uninstall --editable --build-directory /home/palneel/ros2_ws/build/my_package/build
[4.540s] DEBUG:colcon.colcon_core.event_handler.log_command:Invoking command in '/home/palneel/ros2_ws/src/lab4': PYTHONPATH=/home/palneel/ros2_ws/build/lab4/prefix_override:/home/palneel/ros2_ws/install/lab4/lib/python3.10/site-packages:${PYTHONPATH} /usr/bin/python3 setup.py egg_info --egg-base ../../build/lab4 build --build-base /home/palneel/ros2_ws/build/lab4/build install --record /home/palneel/ros2_ws/build/lab4/install.log --single-version-externally-managed
[4.555s] DEBUG:colcon.colcon_core.event_handler.log_command:Invoking command in '/home/palneel/ros2_ws/src/node_pkg': PYTHONPATH=/home/palneel/ros2_ws/build/node_pkg/prefix_override:/home/palneel/ros2_ws/install/node_pkg/lib/python3.10/site-packages:${PYTHONPATH} /usr/bin/python3 setup.py egg_info --egg-base ../../build/node_pkg build --build-base /home/palneel/ros2_ws/build/node_pkg/build install --record /home/palneel/ros2_ws/build/node_pkg/install.log --single-version-externally-managed
[4.596s] DEBUG:colcon.colcon_core.event_handler.log_command:Invoking command in '/home/palneel/ros2_ws/src/roboarm': PYTHONPATH=/home/palneel/ros2_ws/build/roboarm/prefix_override:/home/palneel/ros2_ws/install/roboarm/lib/python3.10/site-packages:${PYTHONPATH} /usr/bin/python3 setup.py egg_info --egg-base ../../build/roboarm build --build-base /home/palneel/ros2_ws/build/roboarm/build install --record /home/palneel/ros2_ws/build/roboarm/install.log --single-version-externally-managed
[4.611s] DEBUG:colcon.colcon_core.event_handler.log_command:Invoking command in '/home/palneel/ros2_ws/build/pub_sub': PYTHONPATH=/home/palneel/ros2_ws/build/pub_sub/prefix_override:/home/palneel/ros2_ws/install/pub_sub/lib/python3.10/site-packages:${PYTHONPATH} /usr/bin/python3 setup.py develop --uninstall --editable --build-directory /home/palneel/ros2_ws/build/pub_sub/build
[5.242s] DEBUG:colcon.colcon_core.event_handler.log_command:Invoked command in '/home/palneel/ros2_ws/src/roboarm' returned '0': PYTHONPATH=/home/palneel/ros2_ws/build/roboarm/prefix_override:/home/palneel/ros2_ws/install/roboarm/lib/python3.10/site-packages:${PYTHONPATH} /usr/bin/python3 setup.py egg_info --egg-base ../../build/roboarm build --build-base /home/palneel/ros2_ws/build/roboarm/build install --record /home/palneel/ros2_ws/build/roboarm/install.log --single-version-externally-managed
[5.254s] Level 1:colcon.colcon_core.environment:checking '/home/palneel/ros2_ws/install/roboarm' for CMake module files
[5.256s] Level 1:colcon.colcon_core.environment:checking '/home/palneel/ros2_ws/install/roboarm' for CMake config files
[5.257s] Level 1:colcon.colcon_core.environment:checking '/home/palneel/ros2_ws/install/roboarm/lib'
[5.258s] Level 1:colcon.colcon_core.environment:checking '/home/palneel/ros2_ws/install/roboarm/bin'
[5.258s] Level 1:colcon.colcon_core.environment:checking '/home/palneel/ros2_ws/install/roboarm/lib/pkgconfig/roboarm.pc'
[5.259s] Level 1:colcon.colcon_core.environment:checking '/home/palneel/ros2_ws/install/roboarm/lib/python3.10/site-packages'
[5.259s] Level 1:colcon.colcon_core.shell:create_environment_hook('roboarm', 'pythonpath')
[5.261s] INFO:colcon.colcon_core.shell:Creating environment hook '/home/palneel/ros2_ws/install/roboarm/share/roboarm/hook/pythonpath.ps1'
[5.263s] INFO:colcon.colcon_core.shell:Creating environment descriptor '/home/palneel/ros2_ws/install/roboarm/share/roboarm/hook/pythonpath.dsv'
[5.264s] INFO:colcon.colcon_core.shell:Creating environment hook '/home/palneel/ros2_ws/install/roboarm/share/roboarm/hook/pythonpath.sh'
[5.265s] Level 1:colcon.colcon_core.environment:checking '/home/palneel/ros2_ws/install/roboarm/bin'
[5.265s] Level 1:colcon.colcon_core.environment:create_environment_scripts_only(roboarm)
[5.269s] INFO:colcon.colcon_core.shell:Creating package script '/home/palneel/ros2_ws/install/roboarm/share/roboarm/package.ps1'
[5.271s] INFO:colcon.colcon_core.shell:Creating package descriptor '/home/palneel/ros2_ws/install/roboarm/share/roboarm/package.dsv'
[5.273s] INFO:colcon.colcon_core.shell:Creating package script '/home/palneel/ros2_ws/install/roboarm/share/roboarm/package.sh'
[5.275s] INFO:colcon.colcon_core.shell:Creating package script '/home/palneel/ros2_ws/install/roboarm/share/roboarm/package.bash'
[5.277s] INFO:colcon.colcon_core.shell:Creating package script '/home/palneel/ros2_ws/install/roboarm/share/roboarm/package.zsh'
[5.278s] Level 1:colcon.colcon_core.environment:create_file_with_runtime_dependencies(/home/palneel/ros2_ws/install/roboarm/share/colcon-core/packages/roboarm)
[5.285s] Level 1:colcon.colcon_core.environment:checking '/home/palneel/ros2_ws/install/learning_tf2_py' for CMake module files
[5.287s] DEBUG:colcon.colcon_core.event_handler.log_command:Invoked command in '/home/palneel/ros2_ws/src/learning_tf2_py' returned '0': PYTHONPATH=/home/palneel/ros2_ws/build/learning_tf2_py/prefix_override:/home/palneel/ros2_ws/install/learning_tf2_py/lib/python3.10/site-packages:${PYTHONPATH} /usr/bin/python3 setup.py egg_info --egg-base ../../build/learning_tf2_py build --build-base /home/palneel/ros2_ws/build/learning_tf2_py/build install --record /home/palneel/ros2_ws/build/learning_tf2_py/install.log --single-version-externally-managed
[5.287s] Level 1:colcon.colcon_core.environment:checking '/home/palneel/ros2_ws/install/learning_tf2_py' for CMake config files
[5.288s] Level 1:colcon.colcon_core.environment:checking '/home/palneel/ros2_ws/install/learning_tf2_py/lib'
[5.289s] Level 1:colcon.colcon_core.environment:checking '/home/palneel/ros2_ws/install/learning_tf2_py/bin'
[5.289s] Level 1:colcon.colcon_core.environment:checking '/home/palneel/ros2_ws/install/learning_tf2_py/lib/pkgconfig/learning_tf2_py.pc'
[5.289s] Level 1:colcon.colcon_core.environment:checking '/home/palneel/ros2_ws/install/learning_tf2_py/lib/python3.10/site-packages'
[5.289s] Level 1:colcon.colcon_core.shell:create_environment_hook('learning_tf2_py', 'pythonpath')
[5.292s] INFO:colcon.colcon_core.shell:Creating environment hook '/home/palneel/ros2_ws/install/learning_tf2_py/share/learning_tf2_py/hook/pythonpath.ps1'
[5.293s] INFO:colcon.colcon_core.shell:Creating environment descriptor '/home/palneel/ros2_ws/install/learning_tf2_py/share/learning_tf2_py/hook/pythonpath.dsv'
[5.294s] INFO:colcon.colcon_core.shell:Creating environment hook '/home/palneel/ros2_ws/install/learning_tf2_py/share/learning_tf2_py/hook/pythonpath.sh'
[5.295s] Level 1:colcon.colcon_core.environment:checking '/home/palneel/ros2_ws/install/learning_tf2_py/bin'
[5.295s] Level 1:colcon.colcon_core.environment:create_environment_scripts_only(learning_tf2_py)
[5.298s] INFO:colcon.colcon_core.shell:Creating package script '/home/palneel/ros2_ws/install/learning_tf2_py/share/learning_tf2_py/package.ps1'
[5.298s] INFO:colcon.colcon_core.shell:Creating package descriptor '/home/palneel/ros2_ws/install/learning_tf2_py/share/learning_tf2_py/package.dsv'
[5.299s] INFO:colcon.colcon_core.shell:Creating package script '/home/palneel/ros2_ws/install/learning_tf2_py/share/learning_tf2_py/package.sh'
[5.300s] INFO:colcon.colcon_core.shell:Creating package script '/home/palneel/ros2_ws/install/learning_tf2_py/share/learning_tf2_py/package.bash'
[5.300s] INFO:colcon.colcon_core.shell:Creating package script '/home/palneel/ros2_ws/install/learning_tf2_py/share/learning_tf2_py/package.zsh'
[5.301s] Level 1:colcon.colcon_core.environment:create_file_with_runtime_dependencies(/home/palneel/ros2_ws/install/learning_tf2_py/share/colcon-core/packages/learning_tf2_py)
[5.377s] Level 1:colcon.colcon_core.environment:checking '/home/palneel/ros2_ws/install/node_pkg' for CMake module files
[5.378s] DEBUG:colcon.colcon_core.event_handler.log_command:Invoked command in '/home/palneel/ros2_ws/src/node_pkg' returned '0': PYTHONPATH=/home/palneel/ros2_ws/build/node_pkg/prefix_override:/home/palneel/ros2_ws/install/node_pkg/lib/python3.10/site-packages:${PYTHONPATH} /usr/bin/python3 setup.py egg_info --egg-base ../../build/node_pkg build --build-base /home/palneel/ros2_ws/build/node_pkg/build install --record /home/palneel/ros2_ws/build/node_pkg/install.log --single-version-externally-managed
[5.379s] Level 1:colcon.colcon_core.environment:checking '/home/palneel/ros2_ws/install/node_pkg' for CMake config files
[5.380s] Level 1:colcon.colcon_core.environment:checking '/home/palneel/ros2_ws/install/node_pkg/lib'
[5.380s] Level 1:colcon.colcon_core.environment:checking '/home/palneel/ros2_ws/install/node_pkg/bin'
[5.380s] Level 1:colcon.colcon_core.environment:checking '/home/palneel/ros2_ws/install/node_pkg/lib/pkgconfig/node_pkg.pc'
[5.381s] Level 1:colcon.colcon_core.environment:checking '/home/palneel/ros2_ws/install/node_pkg/lib/python3.10/site-packages'
[5.381s] Level 1:colcon.colcon_core.shell:create_environment_hook('node_pkg', 'pythonpath')
[5.383s] INFO:colcon.colcon_core.shell:Creating environment hook '/home/palneel/ros2_ws/install/node_pkg/share/node_pkg/hook/pythonpath.ps1'
[5.384s] INFO:colcon.colcon_core.shell:Creating environment descriptor '/home/palneel/ros2_ws/install/node_pkg/share/node_pkg/hook/pythonpath.dsv'
[5.384s] INFO:colcon.colcon_core.shell:Creating environment hook '/home/palneel/ros2_ws/install/node_pkg/share/node_pkg/hook/pythonpath.sh'
[5.385s] Level 1:colcon.colcon_core.environment:checking '/home/palneel/ros2_ws/install/node_pkg/bin'
[5.386s] Level 1:colcon.colcon_core.environment:create_environment_scripts_only(node_pkg)
[5.388s] INFO:colcon.colcon_core.shell:Creating package script '/home/palneel/ros2_ws/install/node_pkg/share/node_pkg/package.ps1'
[5.389s] INFO:colcon.colcon_core.shell:Creating package descriptor '/home/palneel/ros2_ws/install/node_pkg/share/node_pkg/package.dsv'
[5.390s] INFO:colcon.colcon_core.shell:Creating package script '/home/palneel/ros2_ws/install/node_pkg/share/node_pkg/package.sh'
[5.391s] INFO:colcon.colcon_core.shell:Creating package script '/home/palneel/ros2_ws/install/node_pkg/share/node_pkg/package.bash'
[5.391s] INFO:colcon.colcon_core.shell:Creating package script '/home/palneel/ros2_ws/install/node_pkg/share/node_pkg/package.zsh'
[5.392s] Level 1:colcon.colcon_core.environment:create_file_with_runtime_dependencies(/home/palneel/ros2_ws/install/node_pkg/share/colcon-core/packages/node_pkg)
[5.396s] Level 1:colcon.colcon_core.environment:checking '/home/palneel/ros2_ws/install/lab4' for CMake module files
[5.398s] DEBUG:colcon.colcon_core.event_handler.log_command:Invoked command in '/home/palneel/ros2_ws/src/lab4' returned '0': PYTHONPATH=/home/palneel/ros2_ws/build/lab4/prefix_override:/home/palneel/ros2_ws/install/lab4/lib/python3.10/site-packages:${PYTHONPATH} /usr/bin/python3 setup.py egg_info --egg-base ../../build/lab4 build --build-base /home/palneel/ros2_ws/build/lab4/build install --record /home/palneel/ros2_ws/build/lab4/install.log --single-version-externally-managed
[5.398s] Level 1:colcon.colcon_core.environment:checking '/home/palneel/ros2_ws/install/lab4' for CMake config files
[5.400s] Level 1:colcon.colcon_core.environment:checking '/home/palneel/ros2_ws/install/lab4/lib'
[5.400s] Level 1:colcon.colcon_core.environment:checking '/home/palneel/ros2_ws/install/lab4/bin'
[5.400s] Level 1:colcon.colcon_core.environment:checking '/home/palneel/ros2_ws/install/lab4/lib/pkgconfig/lab4.pc'
[5.400s] Level 1:colcon.colcon_core.environment:checking '/home/palneel/ros2_ws/install/lab4/lib/python3.10/site-packages'
[5.401s] Level 1:colcon.colcon_core.shell:create_environment_hook('lab4', 'pythonpath')
[5.403s] INFO:colcon.colcon_core.shell:Creating environment hook '/home/palneel/ros2_ws/install/lab4/share/lab4/hook/pythonpath.ps1'
[5.404s] INFO:colcon.colcon_core.shell:Creating environment descriptor '/home/palneel/ros2_ws/install/lab4/share/lab4/hook/pythonpath.dsv'
[5.404s] INFO:colcon.colcon_core.shell:Creating environment hook '/home/palneel/ros2_ws/install/lab4/share/lab4/hook/pythonpath.sh'
[5.405s] Level 1:colcon.colcon_core.environment:checking '/home/palneel/ros2_ws/install/lab4/bin'
[5.405s] Level 1:colcon.colcon_core.environment:create_environment_scripts_only(lab4)
[5.407s] INFO:colcon.colcon_core.shell:Creating package script '/home/palneel/ros2_ws/install/lab4/share/lab4/package.ps1'
[5.408s] INFO:colcon.colcon_core.shell:Creating package descriptor '/home/palneel/ros2_ws/install/lab4/share/lab4/package.dsv'
[5.409s] INFO:colcon.colcon_core.shell:Creating package script '/home/palneel/ros2_ws/install/lab4/share/lab4/package.sh'
[5.409s] INFO:colcon.colcon_core.shell:Creating package script '/home/palneel/ros2_ws/install/lab4/share/lab4/package.bash'
[5.410s] INFO:colcon.colcon_core.shell:Creating package script '/home/palneel/ros2_ws/install/lab4/share/lab4/package.zsh'
[5.410s] Level 1:colcon.colcon_core.environment:create_file_with_runtime_dependencies(/home/palneel/ros2_ws/install/lab4/share/colcon-core/packages/lab4)
[5.585s] DEBUG:colcon.colcon_core.event_handler.log_command:Invoked command in '/home/palneel/ros2_ws/build/pub_sub' returned '0': PYTHONPATH=/home/palneel/ros2_ws/build/pub_sub/prefix_override:/home/palneel/ros2_ws/install/pub_sub/lib/python3.10/site-packages:${PYTHONPATH} /usr/bin/python3 setup.py develop --uninstall --editable --build-directory /home/palneel/ros2_ws/build/pub_sub/build
[5.586s] DEBUG:colcon.colcon_core.event_handler.log_command:Invoking command in '/home/palneel/ros2_ws/src/pub_sub': PYTHONPATH=/home/palneel/ros2_ws/build/pub_sub/prefix_override:/home/palneel/ros2_ws/install/pub_sub/lib/python3.10/site-packages:${PYTHONPATH} /usr/bin/python3 setup.py egg_info --egg-base ../../build/pub_sub build --build-base /home/palneel/ros2_ws/build/pub_sub/build install --record /home/palneel/ros2_ws/build/pub_sub/install.log --single-version-externally-managed
[5.640s] DEBUG:colcon.colcon_core.event_handler.log_command:Invoked command in '/home/palneel/ros2_ws/build/my_package' returned '0': PYTHONPATH=/home/palneel/ros2_ws/build/my_package/prefix_override:/home/palneel/ros2_ws/install/my_package/lib/python3.10/site-packages:${PYTHONPATH} /usr/bin/python3 setup.py develop --uninstall --editable --build-directory /home/palneel/ros2_ws/build/my_package/build
[5.643s] DEBUG:colcon.colcon_core.event_handler.log_command:Invoking command in '/home/palneel/ros2_ws/src/my_package': PYTHONPATH=/home/palneel/ros2_ws/build/my_package/prefix_override:/home/palneel/ros2_ws/install/my_package/lib/python3.10/site-packages:${PYTHONPATH} /usr/bin/python3 setup.py egg_info --egg-base ../../build/my_package build --build-base /home/palneel/ros2_ws/build/my_package/build install --record /home/palneel/ros2_ws/build/my_package/install.log --single-version-externally-managed
[6.069s] DEBUG:colcon.colcon_core.event_handler.log_command:Invoked command in '/home/palneel/ros2_ws/src/my_package' returned '1': PYTHONPATH=/home/palneel/ros2_ws/build/my_package/prefix_override:/home/palneel/ros2_ws/install/my_package/lib/python3.10/site-packages:${PYTHONPATH} /usr/bin/python3 setup.py egg_info --egg-base ../../build/my_package build --build-base /home/palneel/ros2_ws/build/my_package/build install --record /home/palneel/ros2_ws/build/my_package/install.log --single-version-externally-managed
[6.111s] DEBUG:colcon.colcon_parallel_executor.executor.parallel:closing loop
[6.112s] DEBUG:colcon.colcon_parallel_executor.executor.parallel:loop closed
[6.112s] DEBUG:colcon.colcon_parallel_executor.executor.parallel:run_until_complete finished with '1'
[6.112s] DEBUG:colcon.colcon_core.event_reactor:joining thread
[6.121s] INFO:colcon.colcon_core.plugin_system:Skipping extension 'colcon_notification.desktop_notification.terminal_notifier': Not used on non-Darwin systems
[6.121s] INFO:colcon.colcon_core.plugin_system:Skipping extension 'colcon_notification.desktop_notification.win32': Not used on non-Windows systems
[6.121s] INFO:colcon.colcon_notification.desktop_notification:Sending desktop notification using 'notify2'
[6.134s] DEBUG:colcon.colcon_core.event_reactor:joined thread
[6.137s] INFO:colcon.colcon_core.shell:Creating prefix script '/home/palneel/ros2_ws/install/local_setup.ps1'
[6.139s] INFO:colcon.colcon_core.shell:Creating prefix util module '/home/palneel/ros2_ws/install/_local_setup_util_ps1.py'
[6.141s] INFO:colcon.colcon_core.shell:Creating prefix chain script '/home/palneel/ros2_ws/install/setup.ps1'
[6.143s] INFO:colcon.colcon_core.shell:Creating prefix script '/home/palneel/ros2_ws/install/local_setup.sh'
[6.144s] INFO:colcon.colcon_core.shell:Creating prefix util module '/home/palneel/ros2_ws/install/_local_setup_util_sh.py'
[6.145s] INFO:colcon.colcon_core.shell:Creating prefix chain script '/home/palneel/ros2_ws/install/setup.sh'
[6.147s] INFO:colcon.colcon_core.shell:Creating prefix script '/home/palneel/ros2_ws/install/local_setup.bash'
[6.147s] INFO:colcon.colcon_core.shell:Creating prefix chain script '/home/palneel/ros2_ws/install/setup.bash'
[6.149s] INFO:colcon.colcon_core.shell:Creating prefix script '/home/palneel/ros2_ws/install/local_setup.zsh'
[6.150s] INFO:colcon.colcon_core.shell:Creating prefix chain script '/home/palneel/ros2_ws/install/setup.zsh'
