[0.901s] Invoking command in '/home/palneel/ros2_ws/build/my_package': PYTHONPATH=/home/palneel/ros2_ws/build/my_package/prefix_override:/home/palneel/ros2_ws/install/my_package/lib/python3.10/site-packages:${PYTHONPATH} /usr/bin/python3 setup.py develop --uninstall --editable --build-directory /home/palneel/ros2_ws/build/my_package/build
[1.288s] running develop
[1.288s] /usr/lib/python3/dist-packages/setuptools/command/easy_install.py:158: EasyInstallDeprecationWarning: easy_install command is deprecated. Use build and pip and other standards-based tools.
[1.288s]   warnings.warn(
[1.290s] /usr/lib/python3/dist-packages/setuptools/command/install.py:34: SetuptoolsDeprecationWarning: setup.py install is deprecated. Use build and pip and other standards-based tools.
[1.290s]   warnings.warn(
[1.559s] Invoked command in '/home/palneel/ros2_ws/build/my_package' returned '0': PYTHONPATH=/home/palneel/ros2_ws/build/my_package/prefix_override:/home/palneel/ros2_ws/install/my_package/lib/python3.10/site-packages:${PYTHONPATH} /usr/bin/python3 setup.py develop --uninstall --editable --build-directory /home/palneel/ros2_ws/build/my_package/build
[1.561s] Invoking command in '/home/palneel/ros2_ws/src/my_package': PYTHONPATH=/home/palneel/ros2_ws/build/my_package/prefix_override:/home/palneel/ros2_ws/install/my_package/lib/python3.10/site-packages:${PYTHONPATH} /usr/bin/python3 setup.py egg_info --egg-base ../../build/my_package build --build-base /home/palneel/ros2_ws/build/my_package/build install --record /home/palneel/ros2_ws/build/my_package/install.log --single-version-externally-managed
[1.921s] running egg_info
[1.922s] writing ../../build/my_package/my_package.egg-info/PKG-INFO
[1.923s] writing dependency_links to ../../build/my_package/my_package.egg-info/dependency_links.txt
[1.923s] writing entry points to ../../build/my_package/my_package.egg-info/entry_points.txt
[1.923s] writing requirements to ../../build/my_package/my_package.egg-info/requires.txt
[1.923s] writing top-level names to ../../build/my_package/my_package.egg-info/top_level.txt
[1.926s] reading manifest file '../../build/my_package/my_package.egg-info/SOURCES.txt'
[1.927s] writing manifest file '../../build/my_package/my_package.egg-info/SOURCES.txt'
[1.927s] running build
[1.927s] running build_py
[1.928s] running install
[1.928s] /usr/lib/python3/dist-packages/setuptools/command/install.py:34: SetuptoolsDeprecationWarning: setup.py install is deprecated. Use build and pip and other standards-based tools.
[1.928s]   warnings.warn(
[1.928s] running install_lib
[1.930s] running install_data
[1.931s] running install_egg_info
[1.933s] removing '/home/palneel/ros2_ws/install/my_package/lib/python3.10/site-packages/my_package-0.0.0-py3.10.egg-info' (and everything under it)
[1.934s] Copying ../../build/my_package/my_package.egg-info to /home/palneel/ros2_ws/install/my_package/lib/python3.10/site-packages/my_package-0.0.0-py3.10.egg-info
[1.935s] running install_scripts
[1.970s] Installing pub_sub_publisher script to /home/palneel/ros2_ws/install/my_package/lib/my_package
[1.970s] Installing robot_subscriber script to /home/palneel/ros2_ws/install/my_package/lib/my_package
[1.970s] Installing sample script to /home/palneel/ros2_ws/install/my_package/lib/my_package
[1.971s] writing list of installed files to '/home/palneel/ros2_ws/build/my_package/install.log'
[2.008s] Invoked command in '/home/palneel/ros2_ws/src/my_package' returned '0': PYTHONPATH=/home/palneel/ros2_ws/build/my_package/prefix_override:/home/palneel/ros2_ws/install/my_package/lib/python3.10/site-packages:${PYTHONPATH} /usr/bin/python3 setup.py egg_info --egg-base ../../build/my_package build --build-base /home/palneel/ros2_ws/build/my_package/build install --record /home/palneel/ros2_ws/build/my_package/install.log --single-version-externally-managed
