[1.631s] Invoking command in '/home/palneel/ros2_ws/build/my_package': PYTHONPATH=/home/palneel/ros2_ws/build/my_package/prefix_override:/home/palneel/ros2_ws/install/my_package/lib/python3.10/site-packages:${PYTHONPATH} /usr/bin/python3 setup.py develop --uninstall --editable --build-directory /home/palneel/ros2_ws/build/my_package/build
[2.023s] running develop
[2.023s] /usr/lib/python3/dist-packages/setuptools/command/easy_install.py:158: EasyInstallDeprecationWarning: easy_install command is deprecated. Use build and pip and other standards-based tools.
[2.024s]   warnings.warn(
[2.025s] /usr/lib/python3/dist-packages/setuptools/command/install.py:34: SetuptoolsDeprecationWarning: setup.py install is deprecated. Use build and pip and other standards-based tools.
[2.026s]   warnings.warn(
[2.333s] Invoked command in '/home/palneel/ros2_ws/build/my_package' returned '0': PYTHONPATH=/home/palneel/ros2_ws/build/my_package/prefix_override:/home/palneel/ros2_ws/install/my_package/lib/python3.10/site-packages:${PYTHONPATH} /usr/bin/python3 setup.py develop --uninstall --editable --build-directory /home/palneel/ros2_ws/build/my_package/build
[2.335s] Invoking command in '/home/palneel/ros2_ws/src/my_package': PYTHONPATH=/home/palneel/ros2_ws/build/my_package/prefix_override:/home/palneel/ros2_ws/install/my_package/lib/python3.10/site-packages:${PYTHONPATH} /usr/bin/python3 setup.py egg_info --egg-base ../../build/my_package build --build-base /home/palneel/ros2_ws/build/my_package/build install --record /home/palneel/ros2_ws/build/my_package/install.log --single-version-externally-managed
[2.600s] running egg_info
[2.601s] writing ../../build/my_package/my_package.egg-info/PKG-INFO
[2.601s] writing dependency_links to ../../build/my_package/my_package.egg-info/dependency_links.txt
[2.601s] writing entry points to ../../build/my_package/my_package.egg-info/entry_points.txt
[2.602s] writing requirements to ../../build/my_package/my_package.egg-info/requires.txt
[2.602s] writing top-level names to ../../build/my_package/my_package.egg-info/top_level.txt
[2.604s] reading manifest file '../../build/my_package/my_package.egg-info/SOURCES.txt'
[2.605s] writing manifest file '../../build/my_package/my_package.egg-info/SOURCES.txt'
[2.605s] running build
[2.605s] running build_py
[2.606s] running install
[2.606s] /usr/lib/python3/dist-packages/setuptools/command/install.py:34: SetuptoolsDeprecationWarning: setup.py install is deprecated. Use build and pip and other standards-based tools.
[2.606s]   warnings.warn(
[2.606s] running install_lib
[2.608s] running install_data
[2.608s] error: can't copy 'launch/__pycache__': doesn't exist or not a regular file
[2.634s] Invoked command in '/home/palneel/ros2_ws/src/my_package' returned '1': PYTHONPATH=/home/palneel/ros2_ws/build/my_package/prefix_override:/home/palneel/ros2_ws/install/my_package/lib/python3.10/site-packages:${PYTHONPATH} /usr/bin/python3 setup.py egg_info --egg-base ../../build/my_package build --build-base /home/palneel/ros2_ws/build/my_package/build install --record /home/palneel/ros2_ws/build/my_package/install.log --single-version-externally-managed
