[0.740s] Invoking command in '/home/palneel/ros2_ws/build/my_package': PYTHONPATH=/home/palneel/ros2_ws/build/my_package/prefix_override:/home/palneel/ros2_ws/install/my_package/lib/python3.10/site-packages:${PYTHONPATH} /usr/bin/python3 setup.py develop --uninstall --editable --build-directory /home/palneel/ros2_ws/build/my_package/build
[0.911s] running develop
[0.911s] /usr/lib/python3/dist-packages/setuptools/command/easy_install.py:158: EasyInstallDeprecationWarning: easy_install command is deprecated. Use build and pip and other standards-based tools.
[0.911s]   warnings.warn(
[0.912s] /usr/lib/python3/dist-packages/setuptools/command/install.py:34: SetuptoolsDeprecationWarning: setup.py install is deprecated. Use build and pip and other standards-based tools.
[0.912s]   warnings.warn(
[1.042s] Invoked command in '/home/palneel/ros2_ws/build/my_package' returned '0': PYTHONPATH=/home/palneel/ros2_ws/build/my_package/prefix_override:/home/palneel/ros2_ws/install/my_package/lib/python3.10/site-packages:${PYTHONPATH} /usr/bin/python3 setup.py develop --uninstall --editable --build-directory /home/palneel/ros2_ws/build/my_package/build
[1.043s] Invoking command in '/home/palneel/ros2_ws/src/my_package': PYTHONPATH=/home/palneel/ros2_ws/build/my_package/prefix_override:/home/palneel/ros2_ws/install/my_package/lib/python3.10/site-packages:${PYTHONPATH} /usr/bin/python3 setup.py egg_info --egg-base ../../build/my_package build --build-base /home/palneel/ros2_ws/build/my_package/build install --record /home/palneel/ros2_ws/build/my_package/install.log --single-version-externally-managed
[1.195s] running egg_info
[1.195s] writing ../../build/my_package/my_package.egg-info/PKG-INFO
[1.196s] writing dependency_links to ../../build/my_package/my_package.egg-info/dependency_links.txt
[1.196s] writing entry points to ../../build/my_package/my_package.egg-info/entry_points.txt
[1.196s] writing requirements to ../../build/my_package/my_package.egg-info/requires.txt
[1.196s] writing top-level names to ../../build/my_package/my_package.egg-info/top_level.txt
[1.197s] reading manifest file '../../build/my_package/my_package.egg-info/SOURCES.txt'
[1.198s] writing manifest file '../../build/my_package/my_package.egg-info/SOURCES.txt'
[1.198s] running build
[1.198s] running build_py
[1.198s] running install
[1.198s] /usr/lib/python3/dist-packages/setuptools/command/install.py:34: SetuptoolsDeprecationWarning: setup.py install is deprecated. Use build and pip and other standards-based tools.
[1.198s]   warnings.warn(
[1.198s] running install_lib
[1.199s] running install_data
[1.200s] running install_egg_info
[1.201s] removing '/home/palneel/ros2_ws/install/my_package/lib/python3.10/site-packages/my_package-0.0.0-py3.10.egg-info' (and everything under it)
[1.201s] Copying ../../build/my_package/my_package.egg-info to /home/palneel/ros2_ws/install/my_package/lib/python3.10/site-packages/my_package-0.0.0-py3.10.egg-info
[1.202s] running install_scripts
[1.216s] Installing add_two_ints_client script to /home/palneel/ros2_ws/install/my_package/lib/my_package
[1.216s] Installing add_two_ints_server script to /home/palneel/ros2_ws/install/my_package/lib/my_package
[1.216s] Installing robot_publisher script to /home/palneel/ros2_ws/install/my_package/lib/my_package
[1.216s] Installing robot_subscriber script to /home/palneel/ros2_ws/install/my_package/lib/my_package
[1.217s] Installing sample script to /home/palneel/ros2_ws/install/my_package/lib/my_package
[1.217s] Installing turtlesim_chase script to /home/palneel/ros2_ws/install/my_package/lib/my_package
[1.217s] Installing turtlesim_controller script to /home/palneel/ros2_ws/install/my_package/lib/my_package
[1.217s] writing list of installed files to '/home/palneel/ros2_ws/build/my_package/install.log'
[1.243s] Invoked command in '/home/palneel/ros2_ws/src/my_package' returned '0': PYTHONPATH=/home/palneel/ros2_ws/build/my_package/prefix_override:/home/palneel/ros2_ws/install/my_package/lib/python3.10/site-packages:${PYTHONPATH} /usr/bin/python3 setup.py egg_info --egg-base ../../build/my_package build --build-base /home/palneel/ros2_ws/build/my_package/build install --record /home/palneel/ros2_ws/build/my_package/install.log --single-version-externally-managed
