[1.294s] Invoking command in '/home/palneel/ros2_ws/build/my_package': PYTHONPATH=/home/palneel/ros2_ws/build/my_package/prefix_override:/home/palneel/ros2_ws/install/my_package/lib/python3.10/site-packages:${PYTHONPATH} /usr/bin/python3 setup.py develop --uninstall --editable --build-directory /home/palneel/ros2_ws/build/my_package/build
[1.604s] running develop
[1.605s] /usr/lib/python3/dist-packages/setuptools/command/easy_install.py:158: EasyInstallDeprecationWarning: easy_install command is deprecated. Use build and pip and other standards-based tools.
[1.605s]   warnings.warn(
[1.606s] /usr/lib/python3/dist-packages/setuptools/command/install.py:34: SetuptoolsDeprecationWarning: setup.py install is deprecated. Use build and pip and other standards-based tools.
[1.606s]   warnings.warn(
[1.768s] Invoked command in '/home/palneel/ros2_ws/build/my_package' returned '0': PYTHONPATH=/home/palneel/ros2_ws/build/my_package/prefix_override:/home/palneel/ros2_ws/install/my_package/lib/python3.10/site-packages:${PYTHONPATH} /usr/bin/python3 setup.py develop --uninstall --editable --build-directory /home/palneel/ros2_ws/build/my_package/build
[1.768s] Invoking command in '/home/palneel/ros2_ws/src/my_package': PYTHONPATH=/home/palneel/ros2_ws/build/my_package/prefix_override:/home/palneel/ros2_ws/install/my_package/lib/python3.10/site-packages:${PYTHONPATH} /usr/bin/python3 setup.py egg_info --egg-base ../../build/my_package build --build-base /home/palneel/ros2_ws/build/my_package/build install --record /home/palneel/ros2_ws/build/my_package/install.log --single-version-externally-managed
[1.929s] running egg_info
[1.929s] writing ../../build/my_package/my_package.egg-info/PKG-INFO
[1.932s] writing dependency_links to ../../build/my_package/my_package.egg-info/dependency_links.txt
[1.932s] writing entry points to ../../build/my_package/my_package.egg-info/entry_points.txt
[1.932s] writing requirements to ../../build/my_package/my_package.egg-info/requires.txt
[1.932s] writing top-level names to ../../build/my_package/my_package.egg-info/top_level.txt
[1.934s] reading manifest file '../../build/my_package/my_package.egg-info/SOURCES.txt'
[1.935s] writing manifest file '../../build/my_package/my_package.egg-info/SOURCES.txt'
[1.935s] running build
[1.935s] running build_py
[1.936s] running install
[1.936s] /usr/lib/python3/dist-packages/setuptools/command/install.py:34: SetuptoolsDeprecationWarning: setup.py install is deprecated. Use build and pip and other standards-based tools.
[1.937s]   warnings.warn(
[1.937s] running install_lib
[1.939s] running install_data
[1.939s] error: can't copy 'launch/__pycache__': doesn't exist or not a regular file
[1.954s] Invoked command in '/home/palneel/ros2_ws/src/my_package' returned '1': PYTHONPATH=/home/palneel/ros2_ws/build/my_package/prefix_override:/home/palneel/ros2_ws/install/my_package/lib/python3.10/site-packages:${PYTHONPATH} /usr/bin/python3 setup.py egg_info --egg-base ../../build/my_package build --build-base /home/palneel/ros2_ws/build/my_package/build install --record /home/palneel/ros2_ws/build/my_package/install.log --single-version-externally-managed
