[0.551s] Invoking command in '/home/palneel/ros2_ws/build/my_package': PYTHONPATH=/home/palneel/ros2_ws/build/my_package/prefix_override:/home/palneel/ros2_ws/install/my_package/lib/python3.10/site-packages:${PYTHONPATH} /usr/bin/python3 setup.py develop --uninstall --editable --build-directory /home/palneel/ros2_ws/build/my_package/build
[0.715s] running develop
[0.715s] /usr/lib/python3/dist-packages/setuptools/command/easy_install.py:158: EasyInstallDeprecationWarning: easy_install command is deprecated. Use build and pip and other standards-based tools.
[0.715s]   warnings.warn(
[0.716s] /usr/lib/python3/dist-packages/setuptools/command/install.py:34: SetuptoolsDeprecationWarning: setup.py install is deprecated. Use build and pip and other standards-based tools.
[0.716s]   warnings.warn(
[0.833s] Invoked command in '/home/palneel/ros2_ws/build/my_package' returned '0': PYTHONPATH=/home/palneel/ros2_ws/build/my_package/prefix_override:/home/palneel/ros2_ws/install/my_package/lib/python3.10/site-packages:${PYTHONPATH} /usr/bin/python3 setup.py develop --uninstall --editable --build-directory /home/palneel/ros2_ws/build/my_package/build
[0.833s] Invoking command in '/home/palneel/ros2_ws/src/my_package': PYTHONPATH=/home/palneel/ros2_ws/build/my_package/prefix_override:/home/palneel/ros2_ws/install/my_package/lib/python3.10/site-packages:${PYTHONPATH} /usr/bin/python3 setup.py egg_info --egg-base ../../build/my_package build --build-base /home/palneel/ros2_ws/build/my_package/build install --record /home/palneel/ros2_ws/build/my_package/install.log --single-version-externally-managed
[0.978s] running egg_info
[0.978s] writing ../../build/my_package/my_package.egg-info/PKG-INFO
[0.979s] writing dependency_links to ../../build/my_package/my_package.egg-info/dependency_links.txt
[0.979s] writing entry points to ../../build/my_package/my_package.egg-info/entry_points.txt
[0.979s] writing requirements to ../../build/my_package/my_package.egg-info/requires.txt
[0.979s] writing top-level names to ../../build/my_package/my_package.egg-info/top_level.txt
[0.980s] reading manifest file '../../build/my_package/my_package.egg-info/SOURCES.txt'
[0.981s] writing manifest file '../../build/my_package/my_package.egg-info/SOURCES.txt'
[0.981s] running build
[0.981s] running build_py
[0.981s] running install
[0.981s] /usr/lib/python3/dist-packages/setuptools/command/install.py:34: SetuptoolsDeprecationWarning: setup.py install is deprecated. Use build and pip and other standards-based tools.
[0.981s]   warnings.warn(
[0.981s] running install_lib
[0.982s] running install_data
[0.982s] running install_egg_info
[0.984s] removing '/home/palneel/ros2_ws/install/my_package/lib/python3.10/site-packages/my_package-0.0.0-py3.10.egg-info' (and everything under it)
[0.984s] Copying ../../build/my_package/my_package.egg-info to /home/palneel/ros2_ws/install/my_package/lib/python3.10/site-packages/my_package-0.0.0-py3.10.egg-info
[0.984s] running install_scripts
[0.998s] Installing add_two_ints_server script to /home/palneel/ros2_ws/install/my_package/lib/my_package
[0.998s] Installing robot_publisher script to /home/palneel/ros2_ws/install/my_package/lib/my_package
[0.998s] Installing robot_subscriber script to /home/palneel/ros2_ws/install/my_package/lib/my_package
[0.998s] Installing sample script to /home/palneel/ros2_ws/install/my_package/lib/my_package
[0.998s] Installing turtlesim_controller script to /home/palneel/ros2_ws/install/my_package/lib/my_package
[0.998s] writing list of installed files to '/home/palneel/ros2_ws/build/my_package/install.log'
[1.017s] Invoked command in '/home/palneel/ros2_ws/src/my_package' returned '0': PYTHONPATH=/home/palneel/ros2_ws/build/my_package/prefix_override:/home/palneel/ros2_ws/install/my_package/lib/python3.10/site-packages:${PYTHONPATH} /usr/bin/python3 setup.py egg_info --egg-base ../../build/my_package build --build-base /home/palneel/ros2_ws/build/my_package/build install --record /home/palneel/ros2_ws/build/my_package/install.log --single-version-externally-managed
