[0.375s] Invoking command in '/home/palneel/ros2_ws/build/my_package': PYTHONPATH=/home/palneel/ros2_ws/build/my_package/prefix_override:/home/palneel/ros2_ws/install/my_package/lib/python3.10/site-packages:${PYTHONPATH} /usr/bin/python3 setup.py develop --uninstall --editable --build-directory /home/palneel/ros2_ws/build/my_package/build
[0.535s] running develop
[0.535s] /usr/lib/python3/dist-packages/setuptools/command/easy_install.py:158: EasyInstallDeprecationWarning: easy_install command is deprecated. Use build and pip and other standards-based tools.
[0.535s]   warnings.warn(
[0.536s] /usr/lib/python3/dist-packages/setuptools/command/install.py:34: SetuptoolsDeprecationWarning: setup.py install is deprecated. Use build and pip and other standards-based tools.
[0.536s]   warnings.warn(
[0.651s] Invoked command in '/home/palneel/ros2_ws/build/my_package' returned '0': PYTHONPATH=/home/palneel/ros2_ws/build/my_package/prefix_override:/home/palneel/ros2_ws/install/my_package/lib/python3.10/site-packages:${PYTHONPATH} /usr/bin/python3 setup.py develop --uninstall --editable --build-directory /home/palneel/ros2_ws/build/my_package/build
[0.652s] Invoking command in '/home/palneel/ros2_ws/src/my_package': PYTHONPATH=/home/palneel/ros2_ws/build/my_package/prefix_override:/home/palneel/ros2_ws/install/my_package/lib/python3.10/site-packages:${PYTHONPATH} /usr/bin/python3 setup.py egg_info --egg-base ../../build/my_package build --build-base /home/palneel/ros2_ws/build/my_package/build install --record /home/palneel/ros2_ws/build/my_package/install.log --single-version-externally-managed
[0.797s] running egg_info
[0.798s] writing ../../build/my_package/my_package.egg-info/PKG-INFO
[0.798s] writing dependency_links to ../../build/my_package/my_package.egg-info/dependency_links.txt
[0.798s] writing entry points to ../../build/my_package/my_package.egg-info/entry_points.txt
[0.798s] writing requirements to ../../build/my_package/my_package.egg-info/requires.txt
[0.799s] writing top-level names to ../../build/my_package/my_package.egg-info/top_level.txt
[0.800s] reading manifest file '../../build/my_package/my_package.egg-info/SOURCES.txt'
[0.800s] writing manifest file '../../build/my_package/my_package.egg-info/SOURCES.txt'
[0.800s] running build
[0.800s] running build_py
[0.800s] running install
[0.801s] /usr/lib/python3/dist-packages/setuptools/command/install.py:34: SetuptoolsDeprecationWarning: setup.py install is deprecated. Use build and pip and other standards-based tools.
[0.801s]   warnings.warn(
[0.801s] running install_lib
[0.802s] running install_data
[0.802s] running install_egg_info
[0.803s] removing '/home/palneel/ros2_ws/install/my_package/lib/python3.10/site-packages/my_package-0.0.0-py3.10.egg-info' (and everything under it)
[0.803s] Copying ../../build/my_package/my_package.egg-info to /home/palneel/ros2_ws/install/my_package/lib/python3.10/site-packages/my_package-0.0.0-py3.10.egg-info
[0.804s] running install_scripts
[0.818s] Installing add_two_ints_server script to /home/palneel/ros2_ws/install/my_package/lib/my_package
[0.818s] Installing robot_publisher script to /home/palneel/ros2_ws/install/my_package/lib/my_package
[0.818s] Installing robot_subscriber script to /home/palneel/ros2_ws/install/my_package/lib/my_package
[0.818s] Installing sample script to /home/palneel/ros2_ws/install/my_package/lib/my_package
[0.818s] Installing turtlesim_controller script to /home/palneel/ros2_ws/install/my_package/lib/my_package
[0.818s] writing list of installed files to '/home/palneel/ros2_ws/build/my_package/install.log'
[0.835s] Invoked command in '/home/palneel/ros2_ws/src/my_package' returned '0': PYTHONPATH=/home/palneel/ros2_ws/build/my_package/prefix_override:/home/palneel/ros2_ws/install/my_package/lib/python3.10/site-packages:${PYTHONPATH} /usr/bin/python3 setup.py egg_info --egg-base ../../build/my_package build --build-base /home/palneel/ros2_ws/build/my_package/build install --record /home/palneel/ros2_ws/build/my_package/install.log --single-version-externally-managed
