[4.930s] Invoking command in '/home/palneel/ros2_ws/build/my_package': PYTHONPATH=/home/palneel/ros2_ws/build/my_package/prefix_override:/home/palneel/ros2_ws/install/my_package/lib/python3.10/site-packages:${PYTHONPATH} /usr/bin/python3 setup.py develop --uninstall --editable --build-directory /home/palneel/ros2_ws/build/my_package/build
[6.061s] running develop
[6.066s] /usr/lib/python3/dist-packages/setuptools/command/easy_install.py:158: EasyInstallDeprecationWarning: easy_install command is deprecated. Use build and pip and other standards-based tools.
[6.067s]   warnings.warn(
[6.067s] /usr/lib/python3/dist-packages/setuptools/command/install.py:34: SetuptoolsDeprecationWarning: setup.py install is deprecated. Use build and pip and other standards-based tools.
[6.067s]   warnings.warn(
[6.640s] Invoked command in '/home/palneel/ros2_ws/build/my_package' returned '0': PYTHONPATH=/home/palneel/ros2_ws/build/my_package/prefix_override:/home/palneel/ros2_ws/install/my_package/lib/python3.10/site-packages:${PYTHONPATH} /usr/bin/python3 setup.py develop --uninstall --editable --build-directory /home/palneel/ros2_ws/build/my_package/build
[6.641s] Invoking command in '/home/palneel/ros2_ws/src/my_package': PYTHONPATH=/home/palneel/ros2_ws/build/my_package/prefix_override:/home/palneel/ros2_ws/install/my_package/lib/python3.10/site-packages:${PYTHONPATH} /usr/bin/python3 setup.py egg_info --egg-base ../../build/my_package build --build-base /home/palneel/ros2_ws/build/my_package/build install --record /home/palneel/ros2_ws/build/my_package/install.log --single-version-externally-managed
[7.586s] running egg_info
[7.588s] writing ../../build/my_package/my_package.egg-info/PKG-INFO
[7.589s] writing dependency_links to ../../build/my_package/my_package.egg-info/dependency_links.txt
[7.589s] writing entry points to ../../build/my_package/my_package.egg-info/entry_points.txt
[7.589s] writing requirements to ../../build/my_package/my_package.egg-info/requires.txt
[7.590s] writing top-level names to ../../build/my_package/my_package.egg-info/top_level.txt
[7.595s] reading manifest file '../../build/my_package/my_package.egg-info/SOURCES.txt'
[7.598s] writing manifest file '../../build/my_package/my_package.egg-info/SOURCES.txt'
[7.598s] running build
[7.599s] running build_py
[7.600s] running install
[7.601s] /usr/lib/python3/dist-packages/setuptools/command/install.py:34: SetuptoolsDeprecationWarning: setup.py install is deprecated. Use build and pip and other standards-based tools.
[7.601s]   warnings.warn(
[7.602s] running install_lib
[7.606s] running install_data
[7.608s] running install_egg_info
[7.613s] removing '/home/palneel/ros2_ws/install/my_package/lib/python3.10/site-packages/my_package-0.0.0-py3.10.egg-info' (and everything under it)
[7.614s] Copying ../../build/my_package/my_package.egg-info to /home/palneel/ros2_ws/install/my_package/lib/python3.10/site-packages/my_package-0.0.0-py3.10.egg-info
[7.616s] running install_scripts
[7.700s] Installing add_two_ints_client script to /home/palneel/ros2_ws/install/my_package/lib/my_package
[7.701s] Installing add_two_ints_server script to /home/palneel/ros2_ws/install/my_package/lib/my_package
[7.702s] Installing robot_publisher script to /home/palneel/ros2_ws/install/my_package/lib/my_package
[7.702s] Installing robot_subscriber script to /home/palneel/ros2_ws/install/my_package/lib/my_package
[7.703s] Installing sample script to /home/palneel/ros2_ws/install/my_package/lib/my_package
[7.703s] Installing turtlesim_chase script to /home/palneel/ros2_ws/install/my_package/lib/my_package
[7.703s] Installing turtlesim_controller script to /home/palneel/ros2_ws/install/my_package/lib/my_package
[7.704s] writing list of installed files to '/home/palneel/ros2_ws/build/my_package/install.log'
[7.801s] Invoked command in '/home/palneel/ros2_ws/src/my_package' returned '0': PYTHONPATH=/home/palneel/ros2_ws/build/my_package/prefix_override:/home/palneel/ros2_ws/install/my_package/lib/python3.10/site-packages:${PYTHONPATH} /usr/bin/python3 setup.py egg_info --egg-base ../../build/my_package build --build-base /home/palneel/ros2_ws/build/my_package/build install --record /home/palneel/ros2_ws/build/my_package/install.log --single-version-externally-managed
