running develop
Removing /home/palneel/ros2_ws/install/my_package/lib/python3.10/site-packages/my-package.egg-link (link to .)
running egg_info
writing ../../build/my_package/my_package.egg-info/PKG-INFO
writing dependency_links to ../../build/my_package/my_package.egg-info/dependency_links.txt
writing entry points to ../../build/my_package/my_package.egg-info/entry_points.txt
writing requirements to ../../build/my_package/my_package.egg-info/requires.txt
writing top-level names to ../../build/my_package/my_package.egg-info/top_level.txt
reading manifest file '../../build/my_package/my_package.egg-info/SOURCES.txt'
writing manifest file '../../build/my_package/my_package.egg-info/SOURCES.txt'
running build
running build_py
copying my_package/turtle_controller.py -> /home/palneel/ros2_ws/build/my_package/build/lib/my_package
copying my_package/add_two_ints_server.py -> /home/palneel/ros2_ws/build/my_package/build/lib/my_package
running install
running install_lib
creating /home/palneel/ros2_ws/install/my_package/lib/python3.10/site-packages/my_package
copying /home/palneel/ros2_ws/build/my_package/build/lib/my_package/turtle_controller.py -> /home/palneel/ros2_ws/install/my_package/lib/python3.10/site-packages/my_package
copying /home/palneel/ros2_ws/build/my_package/build/lib/my_package/robot_subscriber.py -> /home/palneel/ros2_ws/install/my_package/lib/python3.10/site-packages/my_package
copying /home/palneel/ros2_ws/build/my_package/build/lib/my_package/robot_publisher.py -> /home/palneel/ros2_ws/install/my_package/lib/python3.10/site-packages/my_package
copying /home/palneel/ros2_ws/build/my_package/build/lib/my_package/sample.py -> /home/palneel/ros2_ws/install/my_package/lib/python3.10/site-packages/my_package
copying /home/palneel/ros2_ws/build/my_package/build/lib/my_package/__init__.py -> /home/palneel/ros2_ws/install/my_package/lib/python3.10/site-packages/my_package
copying /home/palneel/ros2_ws/build/my_package/build/lib/my_package/add_two_ints_server.py -> /home/palneel/ros2_ws/install/my_package/lib/python3.10/site-packages/my_package
byte-compiling /home/palneel/ros2_ws/install/my_package/lib/python3.10/site-packages/my_package/turtle_controller.py to turtle_controller.cpython-310.pyc
byte-compiling /home/palneel/ros2_ws/install/my_package/lib/python3.10/site-packages/my_package/robot_subscriber.py to robot_subscriber.cpython-310.pyc
byte-compiling /home/palneel/ros2_ws/install/my_package/lib/python3.10/site-packages/my_package/robot_publisher.py to robot_publisher.cpython-310.pyc
byte-compiling /home/palneel/ros2_ws/install/my_package/lib/python3.10/site-packages/my_package/sample.py to sample.cpython-310.pyc
byte-compiling /home/palneel/ros2_ws/install/my_package/lib/python3.10/site-packages/my_package/__init__.py to __init__.cpython-310.pyc
byte-compiling /home/palneel/ros2_ws/install/my_package/lib/python3.10/site-packages/my_package/add_two_ints_server.py to add_two_ints_server.cpython-310.pyc
running install_data
running install_egg_info
Copying ../../build/my_package/my_package.egg-info to /home/palneel/ros2_ws/install/my_package/lib/python3.10/site-packages/my_package-0.0.0-py3.10.egg-info
running install_scripts
Installing add_two_ints_server script to /home/palneel/ros2_ws/install/my_package/lib/my_package
Installing robot_publisher script to /home/palneel/ros2_ws/install/my_package/lib/my_package
Installing robot_subscriber script to /home/palneel/ros2_ws/install/my_package/lib/my_package
Installing sample script to /home/palneel/ros2_ws/install/my_package/lib/my_package
Installing turtlesim_controller script to /home/palneel/ros2_ws/install/my_package/lib/my_package
writing list of installed files to '/home/palneel/ros2_ws/build/my_package/install.log'
