[0.579s] Invoking command in '/home/palneel/ros2_ws/build/my_package': PYTHONPATH=/home/palneel/ros2_ws/build/my_package/prefix_override:/home/palneel/ros2_ws/install/my_package/lib/python3.10/site-packages:${PYTHONPATH} /usr/bin/python3 setup.py develop --uninstall --editable --build-directory /home/palneel/ros2_ws/build/my_package/build
[0.747s] running develop
[0.748s] /usr/lib/python3/dist-packages/setuptools/command/easy_install.py:158: EasyInstallDeprecationWarning: easy_install command is deprecated. Use build and pip and other standards-based tools.
[0.748s]   warnings.warn(
[0.749s] /usr/lib/python3/dist-packages/setuptools/command/install.py:34: SetuptoolsDeprecationWarning: setup.py install is deprecated. Use build and pip and other standards-based tools.
[0.749s]   warnings.warn(
[0.846s] Removing /home/palneel/ros2_ws/install/my_package/lib/python3.10/site-packages/my-package.egg-link (link to .)
[0.864s] Invoked command in '/home/palneel/ros2_ws/build/my_package' returned '0': PYTHONPATH=/home/palneel/ros2_ws/build/my_package/prefix_override:/home/palneel/ros2_ws/install/my_package/lib/python3.10/site-packages:${PYTHONPATH} /usr/bin/python3 setup.py develop --uninstall --editable --build-directory /home/palneel/ros2_ws/build/my_package/build
[0.865s] Invoking command in '/home/palneel/ros2_ws/src/my_package': PYTHONPATH=/home/palneel/ros2_ws/build/my_package/prefix_override:/home/palneel/ros2_ws/install/my_package/lib/python3.10/site-packages:${PYTHONPATH} /usr/bin/python3 setup.py egg_info --egg-base ../../build/my_package build --build-base /home/palneel/ros2_ws/build/my_package/build install --record /home/palneel/ros2_ws/build/my_package/install.log --single-version-externally-managed
[1.008s] running egg_info
[1.008s] writing ../../build/my_package/my_package.egg-info/PKG-INFO
[1.008s] writing dependency_links to ../../build/my_package/my_package.egg-info/dependency_links.txt
[1.008s] writing entry points to ../../build/my_package/my_package.egg-info/entry_points.txt
[1.009s] writing requirements to ../../build/my_package/my_package.egg-info/requires.txt
[1.009s] writing top-level names to ../../build/my_package/my_package.egg-info/top_level.txt
[1.012s] reading manifest file '../../build/my_package/my_package.egg-info/SOURCES.txt'
[1.013s] writing manifest file '../../build/my_package/my_package.egg-info/SOURCES.txt'
[1.013s] running build
[1.013s] running build_py
[1.013s] copying my_package/turtle_controller.py -> /home/palneel/ros2_ws/build/my_package/build/lib/my_package
[1.013s] copying my_package/add_two_ints_server.py -> /home/palneel/ros2_ws/build/my_package/build/lib/my_package
[1.014s] running install
[1.014s] /usr/lib/python3/dist-packages/setuptools/command/install.py:34: SetuptoolsDeprecationWarning: setup.py install is deprecated. Use build and pip and other standards-based tools.
[1.014s]   warnings.warn(
[1.014s] running install_lib
[1.014s] creating /home/palneel/ros2_ws/install/my_package/lib/python3.10/site-packages/my_package
[1.015s] copying /home/palneel/ros2_ws/build/my_package/build/lib/my_package/turtle_controller.py -> /home/palneel/ros2_ws/install/my_package/lib/python3.10/site-packages/my_package
[1.015s] copying /home/palneel/ros2_ws/build/my_package/build/lib/my_package/robot_subscriber.py -> /home/palneel/ros2_ws/install/my_package/lib/python3.10/site-packages/my_package
[1.015s] copying /home/palneel/ros2_ws/build/my_package/build/lib/my_package/robot_publisher.py -> /home/palneel/ros2_ws/install/my_package/lib/python3.10/site-packages/my_package
[1.015s] copying /home/palneel/ros2_ws/build/my_package/build/lib/my_package/sample.py -> /home/palneel/ros2_ws/install/my_package/lib/python3.10/site-packages/my_package
[1.015s] copying /home/palneel/ros2_ws/build/my_package/build/lib/my_package/__init__.py -> /home/palneel/ros2_ws/install/my_package/lib/python3.10/site-packages/my_package
[1.015s] copying /home/palneel/ros2_ws/build/my_package/build/lib/my_package/add_two_ints_server.py -> /home/palneel/ros2_ws/install/my_package/lib/python3.10/site-packages/my_package
[1.016s] byte-compiling /home/palneel/ros2_ws/install/my_package/lib/python3.10/site-packages/my_package/turtle_controller.py to turtle_controller.cpython-310.pyc
[1.016s] byte-compiling /home/palneel/ros2_ws/install/my_package/lib/python3.10/site-packages/my_package/robot_subscriber.py to robot_subscriber.cpython-310.pyc
[1.016s] byte-compiling /home/palneel/ros2_ws/install/my_package/lib/python3.10/site-packages/my_package/robot_publisher.py to robot_publisher.cpython-310.pyc
[1.016s] byte-compiling /home/palneel/ros2_ws/install/my_package/lib/python3.10/site-packages/my_package/sample.py to sample.cpython-310.pyc
[1.017s] byte-compiling /home/palneel/ros2_ws/install/my_package/lib/python3.10/site-packages/my_package/__init__.py to __init__.cpython-310.pyc
[1.017s] byte-compiling /home/palneel/ros2_ws/install/my_package/lib/python3.10/site-packages/my_package/add_two_ints_server.py to add_two_ints_server.cpython-310.pyc
[1.017s] running install_data
[1.017s] running install_egg_info
[1.018s] Copying ../../build/my_package/my_package.egg-info to /home/palneel/ros2_ws/install/my_package/lib/python3.10/site-packages/my_package-0.0.0-py3.10.egg-info
[1.019s] running install_scripts
[1.033s] Installing add_two_ints_server script to /home/palneel/ros2_ws/install/my_package/lib/my_package
[1.034s] Installing robot_publisher script to /home/palneel/ros2_ws/install/my_package/lib/my_package
[1.034s] Installing robot_subscriber script to /home/palneel/ros2_ws/install/my_package/lib/my_package
[1.034s] Installing sample script to /home/palneel/ros2_ws/install/my_package/lib/my_package
[1.034s] Installing turtlesim_controller script to /home/palneel/ros2_ws/install/my_package/lib/my_package
[1.034s] writing list of installed files to '/home/palneel/ros2_ws/build/my_package/install.log'
[1.052s] Invoked command in '/home/palneel/ros2_ws/src/my_package' returned '0': PYTHONPATH=/home/palneel/ros2_ws/build/my_package/prefix_override:/home/palneel/ros2_ws/install/my_package/lib/python3.10/site-packages:${PYTHONPATH} /usr/bin/python3 setup.py egg_info --egg-base ../../build/my_package build --build-base /home/palneel/ros2_ws/build/my_package/build install --record /home/palneel/ros2_ws/build/my_package/install.log --single-version-externally-managed
