[0.399s] Invoking command in '/home/palneel/ros2_ws/src/my_package': PYTHONPATH=/home/palneel/ros2_ws/build/my_package/prefix_override:/home/palneel/ros2_ws/install/my_package/lib/python3.10/site-packages:${PYTHONPATH} /usr/bin/python3 setup.py egg_info --egg-base ../../build/my_package build --build-base /home/palneel/ros2_ws/build/my_package/build install --record /home/palneel/ros2_ws/build/my_package/install.log --single-version-externally-managed
[0.540s] running egg_info
[0.541s] creating ../../build/my_package/my_package.egg-info
[0.541s] writing ../../build/my_package/my_package.egg-info/PKG-INFO
[0.541s] writing dependency_links to ../../build/my_package/my_package.egg-info/dependency_links.txt
[0.541s] writing entry points to ../../build/my_package/my_package.egg-info/entry_points.txt
[0.541s] writing requirements to ../../build/my_package/my_package.egg-info/requires.txt
[0.541s] writing top-level names to ../../build/my_package/my_package.egg-info/top_level.txt
[0.541s] writing manifest file '../../build/my_package/my_package.egg-info/SOURCES.txt'
[0.542s] reading manifest file '../../build/my_package/my_package.egg-info/SOURCES.txt'
[0.543s] writing manifest file '../../build/my_package/my_package.egg-info/SOURCES.txt'
[0.543s] running build
[0.543s] running build_py
[0.543s] creating /home/palneel/ros2_ws/build/my_package/build
[0.543s] creating /home/palneel/ros2_ws/build/my_package/build/lib
[0.543s] creating /home/palneel/ros2_ws/build/my_package/build/lib/my_package
[0.543s] copying my_package/__init__.py -> /home/palneel/ros2_ws/build/my_package/build/lib/my_package
[0.543s] running install
[0.545s] /usr/lib/python3/dist-packages/setuptools/command/install.py:34: SetuptoolsDeprecationWarning: setup.py install is deprecated. Use build and pip and other standards-based tools.
[0.545s]   warnings.warn(
[0.545s] running install_lib
[0.546s] creating /home/palneel/ros2_ws/install/my_package/lib/python3.10/site-packages/my_package
[0.546s] copying /home/palneel/ros2_ws/build/my_package/build/lib/my_package/__init__.py -> /home/palneel/ros2_ws/install/my_package/lib/python3.10/site-packages/my_package
[0.546s] byte-compiling /home/palneel/ros2_ws/install/my_package/lib/python3.10/site-packages/my_package/__init__.py to __init__.cpython-310.pyc
[0.546s] running install_data
[0.546s] creating /home/palneel/ros2_ws/install/my_package/share/ament_index
[0.546s] creating /home/palneel/ros2_ws/install/my_package/share/ament_index/resource_index
[0.546s] creating /home/palneel/ros2_ws/install/my_package/share/ament_index/resource_index/packages
[0.547s] copying resource/my_package -> /home/palneel/ros2_ws/install/my_package/share/ament_index/resource_index/packages
[0.547s] copying package.xml -> /home/palneel/ros2_ws/install/my_package/share/my_package
[0.547s] running install_egg_info
[0.548s] Copying ../../build/my_package/my_package.egg-info to /home/palneel/ros2_ws/install/my_package/lib/python3.10/site-packages/my_package-0.0.0-py3.10.egg-info
[0.548s] running install_scripts
[0.562s] writing list of installed files to '/home/palneel/ros2_ws/build/my_package/install.log'
[0.578s] Invoked command in '/home/palneel/ros2_ws/src/my_package' returned '0': PYTHONPATH=/home/palneel/ros2_ws/build/my_package/prefix_override:/home/palneel/ros2_ws/install/my_package/lib/python3.10/site-packages:${PYTHONPATH} /usr/bin/python3 setup.py egg_info --egg-base ../../build/my_package build --build-base /home/palneel/ros2_ws/build/my_package/build install --record /home/palneel/ros2_ws/build/my_package/install.log --single-version-externally-managed
