[1.643s] Invoking command in '/home/palneel/ros2_ws/build/my_package': PYTHONPATH=/home/palneel/ros2_ws/build/my_package/prefix_override:/home/palneel/ros2_ws/install/my_package/lib/python3.10/site-packages:${PYTHONPATH} /usr/bin/python3 setup.py develop --uninstall --editable --build-directory /home/palneel/ros2_ws/build/my_package/build
[2.117s] running develop
[2.118s] /usr/lib/python3/dist-packages/setuptools/command/easy_install.py:158: EasyInstallDeprecationWarning: easy_install command is deprecated. Use build and pip and other standards-based tools.
[2.118s]   warnings.warn(
[2.119s] /usr/lib/python3/dist-packages/setuptools/command/install.py:34: SetuptoolsDeprecationWarning: setup.py install is deprecated. Use build and pip and other standards-based tools.
[2.119s]   warnings.warn(
[2.476s] Invoked command in '/home/palneel/ros2_ws/build/my_package' returned '0': PYTHONPATH=/home/palneel/ros2_ws/build/my_package/prefix_override:/home/palneel/ros2_ws/install/my_package/lib/python3.10/site-packages:${PYTHONPATH} /usr/bin/python3 setup.py develop --uninstall --editable --build-directory /home/palneel/ros2_ws/build/my_package/build
[2.478s] Invoking command in '/home/palneel/ros2_ws/src/my_package': PYTHONPATH=/home/palneel/ros2_ws/build/my_package/prefix_override:/home/palneel/ros2_ws/install/my_package/lib/python3.10/site-packages:${PYTHONPATH} /usr/bin/python3 setup.py egg_info --egg-base ../../build/my_package build --build-base /home/palneel/ros2_ws/build/my_package/build install --record /home/palneel/ros2_ws/build/my_package/install.log --single-version-externally-managed
[2.754s] running egg_info
[2.756s] writing ../../build/my_package/my_package.egg-info/PKG-INFO
[2.756s] writing dependency_links to ../../build/my_package/my_package.egg-info/dependency_links.txt
[2.756s] writing entry points to ../../build/my_package/my_package.egg-info/entry_points.txt
[2.756s] writing requirements to ../../build/my_package/my_package.egg-info/requires.txt
[2.756s] writing top-level names to ../../build/my_package/my_package.egg-info/top_level.txt
[2.760s] reading manifest file '../../build/my_package/my_package.egg-info/SOURCES.txt'
[2.761s] writing manifest file '../../build/my_package/my_package.egg-info/SOURCES.txt'
[2.761s] running build
[2.762s] running build_py
[2.762s] running install
[2.762s] /usr/lib/python3/dist-packages/setuptools/command/install.py:34: SetuptoolsDeprecationWarning: setup.py install is deprecated. Use build and pip and other standards-based tools.
[2.762s]   warnings.warn(
[2.763s] running install_lib
[2.764s] running install_data
[2.764s] running install_egg_info
[2.766s] removing '/home/palneel/ros2_ws/install/my_package/lib/python3.10/site-packages/my_package-0.0.0-py3.10.egg-info' (and everything under it)
[2.766s] Copying ../../build/my_package/my_package.egg-info to /home/palneel/ros2_ws/install/my_package/lib/python3.10/site-packages/my_package-0.0.0-py3.10.egg-info
[2.767s] running install_scripts
[2.794s] Installing add_two_ints_client script to /home/palneel/ros2_ws/install/my_package/lib/my_package
[2.795s] Installing add_two_ints_server script to /home/palneel/ros2_ws/install/my_package/lib/my_package
[2.795s] Installing robot_publisher script to /home/palneel/ros2_ws/install/my_package/lib/my_package
[2.795s] Installing robot_subscriber script to /home/palneel/ros2_ws/install/my_package/lib/my_package
[2.795s] Installing sample script to /home/palneel/ros2_ws/install/my_package/lib/my_package
[2.795s] Installing turtlesim_chase script to /home/palneel/ros2_ws/install/my_package/lib/my_package
[2.795s] Installing turtlesim_controller script to /home/palneel/ros2_ws/install/my_package/lib/my_package
[2.795s] writing list of installed files to '/home/palneel/ros2_ws/build/my_package/install.log'
[2.828s] Invoked command in '/home/palneel/ros2_ws/src/my_package' returned '0': PYTHONPATH=/home/palneel/ros2_ws/build/my_package/prefix_override:/home/palneel/ros2_ws/install/my_package/lib/python3.10/site-packages:${PYTHONPATH} /usr/bin/python3 setup.py egg_info --egg-base ../../build/my_package build --build-base /home/palneel/ros2_ws/build/my_package/build install --record /home/palneel/ros2_ws/build/my_package/install.log --single-version-externally-managed
