[3.785s] Invoking command in '/home/palneel/ros2_ws/src/lab4': PYTHONPATH=/home/palneel/ros2_ws/build/lab4/prefix_override:/home/palneel/ros2_ws/install/lab4/lib/python3.10/site-packages:${PYTHONPATH} /usr/bin/python3 setup.py egg_info --egg-base ../../build/lab4 build --build-base /home/palneel/ros2_ws/build/lab4/build install --record /home/palneel/ros2_ws/build/lab4/install.log --single-version-externally-managed
[4.492s] running egg_info
[4.493s] writing ../../build/lab4/lab4.egg-info/PKG-INFO
[4.494s] writing dependency_links to ../../build/lab4/lab4.egg-info/dependency_links.txt
[4.494s] writing entry points to ../../build/lab4/lab4.egg-info/entry_points.txt
[4.494s] writing requirements to ../../build/lab4/lab4.egg-info/requires.txt
[4.494s] writing top-level names to ../../build/lab4/lab4.egg-info/top_level.txt
[4.501s] reading manifest file '../../build/lab4/lab4.egg-info/SOURCES.txt'
[4.504s] writing manifest file '../../build/lab4/lab4.egg-info/SOURCES.txt'
[4.504s] running build
[4.504s] running build_py
[4.508s] running install
[4.508s] running install_lib
[4.509s] /usr/lib/python3/dist-packages/setuptools/command/install.py:34: SetuptoolsDeprecationWarning: setup.py install is deprecated. Use build and pip and other standards-based tools.
[4.509s]   warnings.warn(
[4.515s] running install_data
[4.516s] running install_egg_info
[4.518s] removing '/home/palneel/ros2_ws/install/lab4/lib/python3.10/site-packages/lab4-0.0.0-py3.10.egg-info' (and everything under it)
[4.519s] Copying ../../build/lab4/lab4.egg-info to /home/palneel/ros2_ws/install/lab4/lib/python3.10/site-packages/lab4-0.0.0-py3.10.egg-info
[4.521s] running install_scripts
[4.583s] Installing controller script to /home/palneel/ros2_ws/install/lab4/lib/lab4
[4.584s] Installing wall_follower script to /home/palneel/ros2_ws/install/lab4/lib/lab4
[4.585s] writing list of installed files to '/home/palneel/ros2_ws/build/lab4/install.log'
[4.644s] Invoked command in '/home/palneel/ros2_ws/src/lab4' returned '0': PYTHONPATH=/home/palneel/ros2_ws/build/lab4/prefix_override:/home/palneel/ros2_ws/install/lab4/lib/python3.10/site-packages:${PYTHONPATH} /usr/bin/python3 setup.py egg_info --egg-base ../../build/lab4 build --build-base /home/palneel/ros2_ws/build/lab4/build install --record /home/palneel/ros2_ws/build/lab4/install.log --single-version-externally-managed
