running develop
/usr/lib/python3/dist-packages/setuptools/command/easy_install.py:158: EasyInstallDeprecationWarning: easy_install command is deprecated. Use build and pip and other standards-based tools.
  warnings.warn(
/usr/lib/python3/dist-packages/setuptools/command/install.py:34: SetuptoolsDeprecationWarning: setup.py install is deprecated. Use build and pip and other standards-based tools.
  warnings.warn(
running egg_info
writing my_package.egg-info/PKG-INFO
writing dependency_links to my_package.egg-info/dependency_links.txt
writing entry points to my_package.egg-info/entry_points.txt
writing requirements to my_package.egg-info/requires.txt
writing top-level names to my_package.egg-info/top_level.txt
reading manifest file 'my_package.egg-info/SOURCES.txt'
writing manifest file 'my_package.egg-info/SOURCES.txt'
running build_ext
Creating /home/palneel/ros2_ws/install/my_package/lib/python3.10/site-packages/my-package.egg-link (link to .)
Installing add_two_ints_client script to /home/palneel/ros2_ws/install/my_package/lib/my_package
Installing add_two_ints_server script to /home/palneel/ros2_ws/install/my_package/lib/my_package
Installing robot_publisher script to /home/palneel/ros2_ws/install/my_package/lib/my_package
Installing robot_subscriber script to /home/palneel/ros2_ws/install/my_package/lib/my_package
Installing sample script to /home/palneel/ros2_ws/install/my_package/lib/my_package
Installing turtlesim_controller script to /home/palneel/ros2_ws/install/my_package/lib/my_package
error: can't copy 'pub_sub/my_package_pub_sub.launch.py': doesn't exist or not a regular file

Installed /home/palneel/ros2_ws/build/my_package
running install_data
