[0.415s] Invoking command in '/home/palneel/ros2_ws/src/roboarm': PYTHONPATH=/home/palneel/ros2_ws/build/roboarm/prefix_override:/home/palneel/ros2_ws/install/roboarm/lib/python3.10/site-packages:${PYTHONPATH} /usr/bin/python3 setup.py egg_info --egg-base ../../build/roboarm build --build-base /home/palneel/ros2_ws/build/roboarm/build install --record /home/palneel/ros2_ws/build/roboarm/install.log --single-version-externally-managed
[0.567s] running egg_info
[0.567s] writing ../../build/roboarm/roboarm.egg-info/PKG-INFO
[0.567s] writing dependency_links to ../../build/roboarm/roboarm.egg-info/dependency_links.txt
[0.567s] writing entry points to ../../build/roboarm/roboarm.egg-info/entry_points.txt
[0.567s] writing requirements to ../../build/roboarm/roboarm.egg-info/requires.txt
[0.567s] writing top-level names to ../../build/roboarm/roboarm.egg-info/top_level.txt
[0.569s] reading manifest file '../../build/roboarm/roboarm.egg-info/SOURCES.txt'
[0.569s] writing manifest file '../../build/roboarm/roboarm.egg-info/SOURCES.txt'
[0.569s] running build
[0.569s] running build_py
[0.569s] /usr/lib/python3/dist-packages/setuptools/command/install.py:34: SetuptoolsDeprecationWarning: setup.py install is deprecated. Use build and pip and other standards-based tools.
[0.569s]   warnings.warn(
[0.569s] running install
[0.570s] running install_lib
[0.571s] running install_data
[0.571s] running install_egg_info
[0.572s] removing '/home/palneel/ros2_ws/install/roboarm/lib/python3.10/site-packages/roboarm-0.0.0-py3.10.egg-info' (and everything under it)
[0.572s] Copying ../../build/roboarm/roboarm.egg-info to /home/palneel/ros2_ws/install/roboarm/lib/python3.10/site-packages/roboarm-0.0.0-py3.10.egg-info
[0.573s] running install_scripts
[0.587s] Installing controller script to /home/palneel/ros2_ws/install/roboarm/lib/roboarm
[0.587s] writing list of installed files to '/home/palneel/ros2_ws/build/roboarm/install.log'
[0.604s] Invoked command in '/home/palneel/ros2_ws/src/roboarm' returned '0': PYTHONPATH=/home/palneel/ros2_ws/build/roboarm/prefix_override:/home/palneel/ros2_ws/install/roboarm/lib/python3.10/site-packages:${PYTHONPATH} /usr/bin/python3 setup.py egg_info --egg-base ../../build/roboarm build --build-base /home/palneel/ros2_ws/build/roboarm/build install --record /home/palneel/ros2_ws/build/roboarm/install.log --single-version-externally-managed
