[0.400s] Invoking command in '/home/palneel/ros2_ws/src/roboarm': PYTHONPATH=/home/palneel/ros2_ws/build/roboarm/prefix_override:/home/palneel/ros2_ws/install/roboarm/lib/python3.10/site-packages:${PYTHONPATH} /usr/bin/python3 setup.py egg_info --egg-base ../../build/roboarm build --build-base /home/palneel/ros2_ws/build/roboarm/build install --record /home/palneel/ros2_ws/build/roboarm/install.log --single-version-externally-managed
[0.546s] running egg_info
[0.546s] writing ../../build/roboarm/roboarm.egg-info/PKG-INFO
[0.549s] writing dependency_links to ../../build/roboarm/roboarm.egg-info/dependency_links.txt
[0.549s] writing entry points to ../../build/roboarm/roboarm.egg-info/entry_points.txt
[0.549s] writing requirements to ../../build/roboarm/roboarm.egg-info/requires.txt
[0.549s] writing top-level names to ../../build/roboarm/roboarm.egg-info/top_level.txt
[0.550s] reading manifest file '../../build/roboarm/roboarm.egg-info/SOURCES.txt'
[0.551s] writing manifest file '../../build/roboarm/roboarm.egg-info/SOURCES.txt'
[0.551s] running build
[0.551s] running build_py
[0.552s] copying roboarm/controller.py -> /home/palneel/ros2_ws/build/roboarm/build/lib/roboarm
[0.552s] running install
[0.552s] /usr/lib/python3/dist-packages/setuptools/command/install.py:34: SetuptoolsDeprecationWarning: setup.py install is deprecated. Use build and pip and other standards-based tools.
[0.552s]   warnings.warn(
[0.552s] running install_lib
[0.553s] copying /home/palneel/ros2_ws/build/roboarm/build/lib/roboarm/controller.py -> /home/palneel/ros2_ws/install/roboarm/lib/python3.10/site-packages/roboarm
[0.553s] byte-compiling /home/palneel/ros2_ws/install/roboarm/lib/python3.10/site-packages/roboarm/controller.py to controller.cpython-310.pyc
[0.554s] running install_data
[0.554s] copying urdf/manipulator.urdf -> /home/palneel/ros2_ws/install/roboarm/share/roboarm
[0.554s] copying launch/arm_control.launch.py -> /home/palneel/ros2_ws/install/roboarm/share/roboarm
[0.554s] copying launch/arm_rviz.launch.py -> /home/palneel/ros2_ws/install/roboarm/share/roboarm
[0.554s] copying config/control.yaml -> /home/palneel/ros2_ws/install/roboarm/share/roboarm
[0.554s] running install_egg_info
[0.555s] removing '/home/palneel/ros2_ws/install/roboarm/lib/python3.10/site-packages/roboarm-0.0.0-py3.10.egg-info' (and everything under it)
[0.556s] Copying ../../build/roboarm/roboarm.egg-info to /home/palneel/ros2_ws/install/roboarm/lib/python3.10/site-packages/roboarm-0.0.0-py3.10.egg-info
[0.556s] running install_scripts
[0.570s] Installing controller script to /home/palneel/ros2_ws/install/roboarm/lib/roboarm
[0.570s] writing list of installed files to '/home/palneel/ros2_ws/build/roboarm/install.log'
[0.587s] Invoked command in '/home/palneel/ros2_ws/src/roboarm' returned '0': PYTHONPATH=/home/palneel/ros2_ws/build/roboarm/prefix_override:/home/palneel/ros2_ws/install/roboarm/lib/python3.10/site-packages:${PYTHONPATH} /usr/bin/python3 setup.py egg_info --egg-base ../../build/roboarm build --build-base /home/palneel/ros2_ws/build/roboarm/build install --record /home/palneel/ros2_ws/build/roboarm/install.log --single-version-externally-managed
