[1.049s] Invoking command in '/home/palneel/ros2_ws/src/roboarm': PYTHONPATH=/home/palneel/ros2_ws/build/roboarm/prefix_override:/home/palneel/ros2_ws/install/roboarm/lib/python3.10/site-packages:${PYTHONPATH} /usr/bin/python3 setup.py egg_info --egg-base ../../build/roboarm build --build-base /home/palneel/ros2_ws/build/roboarm/build install --record /home/palneel/ros2_ws/build/roboarm/install.log --single-version-externally-managed
[1.448s] running egg_info
[1.449s] writing ../../build/roboarm/roboarm.egg-info/PKG-INFO
[1.449s] writing dependency_links to ../../build/roboarm/roboarm.egg-info/dependency_links.txt
[1.449s] writing entry points to ../../build/roboarm/roboarm.egg-info/entry_points.txt
[1.449s] writing requirements to ../../build/roboarm/roboarm.egg-info/requires.txt
[1.450s] writing top-level names to ../../build/roboarm/roboarm.egg-info/top_level.txt
[1.453s] reading manifest file '../../build/roboarm/roboarm.egg-info/SOURCES.txt'
[1.454s] writing manifest file '../../build/roboarm/roboarm.egg-info/SOURCES.txt'
[1.454s] running build
[1.454s] running build_py
[1.455s] running install
[1.455s] /usr/lib/python3/dist-packages/setuptools/command/install.py:34: SetuptoolsDeprecationWarning: setup.py install is deprecated. Use build and pip and other standards-based tools.
[1.455s]   warnings.warn(
[1.456s] running install_lib
[1.458s] running install_data
[1.459s] copying launch/arm_control.launch.py -> /home/palneel/ros2_ws/install/roboarm/share/roboarm
[1.459s] running install_egg_info
[1.462s] removing '/home/palneel/ros2_ws/install/roboarm/lib/python3.10/site-packages/roboarm-0.0.0-py3.10.egg-info' (and everything under it)
[1.462s] Copying ../../build/roboarm/roboarm.egg-info to /home/palneel/ros2_ws/install/roboarm/lib/python3.10/site-packages/roboarm-0.0.0-py3.10.egg-info
[1.463s] running install_scripts
[1.499s] Installing controller script to /home/palneel/ros2_ws/install/roboarm/lib/roboarm
[1.499s] writing list of installed files to '/home/palneel/ros2_ws/build/roboarm/install.log'
[1.545s] Invoked command in '/home/palneel/ros2_ws/src/roboarm' returned '0': PYTHONPATH=/home/palneel/ros2_ws/build/roboarm/prefix_override:/home/palneel/ros2_ws/install/roboarm/lib/python3.10/site-packages:${PYTHONPATH} /usr/bin/python3 setup.py egg_info --egg-base ../../build/roboarm build --build-base /home/palneel/ros2_ws/build/roboarm/build install --record /home/palneel/ros2_ws/build/roboarm/install.log --single-version-externally-managed
