[1.719s] Invoking command in '/home/palneel/ros2_ws/src/node_pkg': PYTHONPATH=/home/palneel/ros2_ws/build/node_pkg/prefix_override:/home/palneel/ros2_ws/install/node_pkg/lib/python3.10/site-packages:${PYTHONPATH} /usr/bin/python3 setup.py egg_info --egg-base ../../build/node_pkg build --build-base /home/palneel/ros2_ws/build/node_pkg/build install --record /home/palneel/ros2_ws/build/node_pkg/install.log --single-version-externally-managed
[2.089s] running egg_info
[2.090s] writing ../../build/node_pkg/node_pkg.egg-info/PKG-INFO
[2.091s] writing dependency_links to ../../build/node_pkg/node_pkg.egg-info/dependency_links.txt
[2.091s] writing entry points to ../../build/node_pkg/node_pkg.egg-info/entry_points.txt
[2.091s] writing requirements to ../../build/node_pkg/node_pkg.egg-info/requires.txt
[2.091s] writing top-level names to ../../build/node_pkg/node_pkg.egg-info/top_level.txt
[2.094s] reading manifest file '../../build/node_pkg/node_pkg.egg-info/SOURCES.txt'
[2.096s] writing manifest file '../../build/node_pkg/node_pkg.egg-info/SOURCES.txt'
[2.096s] running build
[2.096s] running build_py
[2.097s] running install
[2.097s] /usr/lib/python3/dist-packages/setuptools/command/install.py:34: SetuptoolsDeprecationWarning: setup.py install is deprecated. Use build and pip and other standards-based tools.
[2.097s]   warnings.warn(
[2.097s] running install_lib
[2.099s] running install_data
[2.101s] running install_egg_info
[2.104s] removing '/home/palneel/ros2_ws/install/node_pkg/lib/python3.10/site-packages/node_pkg-0.0.0-py3.10.egg-info' (and everything under it)
[2.104s] Copying ../../build/node_pkg/node_pkg.egg-info to /home/palneel/ros2_ws/install/node_pkg/lib/python3.10/site-packages/node_pkg-0.0.0-py3.10.egg-info
[2.106s] running install_scripts
[2.137s] Installing Node1 script to /home/palneel/ros2_ws/install/node_pkg/lib/node_pkg
[2.137s] writing list of installed files to '/home/palneel/ros2_ws/build/node_pkg/install.log'
[2.180s] Invoked command in '/home/palneel/ros2_ws/src/node_pkg' returned '0': PYTHONPATH=/home/palneel/ros2_ws/build/node_pkg/prefix_override:/home/palneel/ros2_ws/install/node_pkg/lib/python3.10/site-packages:${PYTHONPATH} /usr/bin/python3 setup.py egg_info --egg-base ../../build/node_pkg build --build-base /home/palneel/ros2_ws/build/node_pkg/build install --record /home/palneel/ros2_ws/build/node_pkg/install.log --single-version-externally-managed
