[0.736s] Invoking command in '/home/palneel/ros2_ws/build/my_package': PYTHONPATH=/home/palneel/ros2_ws/build/my_package/prefix_override:/home/palneel/ros2_ws/install/my_package/lib/python3.10/site-packages:${PYTHONPATH} /usr/bin/python3 setup.py develop --uninstall --editable --build-directory /home/palneel/ros2_ws/build/my_package/build
[0.910s] running develop
[0.910s] /usr/lib/python3/dist-packages/setuptools/command/easy_install.py:158: EasyInstallDeprecationWarning: easy_install command is deprecated. Use build and pip and other standards-based tools.
[0.910s]   warnings.warn(
[0.911s] /usr/lib/python3/dist-packages/setuptools/command/install.py:34: SetuptoolsDeprecationWarning: setup.py install is deprecated. Use build and pip and other standards-based tools.
[0.911s]   warnings.warn(
[1.037s] Invoked command in '/home/palneel/ros2_ws/build/my_package' returned '0': PYTHONPATH=/home/palneel/ros2_ws/build/my_package/prefix_override:/home/palneel/ros2_ws/install/my_package/lib/python3.10/site-packages:${PYTHONPATH} /usr/bin/python3 setup.py develop --uninstall --editable --build-directory /home/palneel/ros2_ws/build/my_package/build
[1.038s] Invoking command in '/home/palneel/ros2_ws/src/my_package': PYTHONPATH=/home/palneel/ros2_ws/build/my_package/prefix_override:/home/palneel/ros2_ws/install/my_package/lib/python3.10/site-packages:${PYTHONPATH} /usr/bin/python3 setup.py egg_info --egg-base ../../build/my_package build --build-base /home/palneel/ros2_ws/build/my_package/build install --record /home/palneel/ros2_ws/build/my_package/install.log --single-version-externally-managed
[1.190s] running egg_info
[1.191s] writing ../../build/my_package/my_package.egg-info/PKG-INFO
[1.191s] writing dependency_links to ../../build/my_package/my_package.egg-info/dependency_links.txt
[1.191s] writing entry points to ../../build/my_package/my_package.egg-info/entry_points.txt
[1.191s] writing requirements to ../../build/my_package/my_package.egg-info/requires.txt
[1.191s] writing top-level names to ../../build/my_package/my_package.egg-info/top_level.txt
[1.192s] reading manifest file '../../build/my_package/my_package.egg-info/SOURCES.txt'
[1.193s] writing manifest file '../../build/my_package/my_package.egg-info/SOURCES.txt'
[1.193s] running build
[1.193s] running build_py
[1.193s] copying my_package/add_two_ints_client.py -> /home/palneel/ros2_ws/build/my_package/build/lib/my_package
[1.193s] copying my_package/robot_subscriber.py -> /home/palneel/ros2_ws/build/my_package/build/lib/my_package
[1.193s] copying my_package/robot_publisher.py -> /home/palneel/ros2_ws/build/my_package/build/lib/my_package
[1.193s] copying my_package/sample.py -> /home/palneel/ros2_ws/build/my_package/build/lib/my_package
[1.193s] copying my_package/turtle_chase.py -> /home/palneel/ros2_ws/build/my_package/build/lib/my_package
[1.193s] copying my_package/add_two_ints_server.py -> /home/palneel/ros2_ws/build/my_package/build/lib/my_package
[1.193s] running install
[1.194s] /usr/lib/python3/dist-packages/setuptools/command/install.py:34: SetuptoolsDeprecationWarning: setup.py install is deprecated. Use build and pip and other standards-based tools.
[1.194s]   warnings.warn(
[1.194s] running install_lib
[1.194s] copying /home/palneel/ros2_ws/build/my_package/build/lib/my_package/add_two_ints_client.py -> /home/palneel/ros2_ws/install/my_package/lib/python3.10/site-packages/my_package
[1.194s] copying /home/palneel/ros2_ws/build/my_package/build/lib/my_package/robot_subscriber.py -> /home/palneel/ros2_ws/install/my_package/lib/python3.10/site-packages/my_package
[1.194s] copying /home/palneel/ros2_ws/build/my_package/build/lib/my_package/robot_publisher.py -> /home/palneel/ros2_ws/install/my_package/lib/python3.10/site-packages/my_package
[1.195s] copying /home/palneel/ros2_ws/build/my_package/build/lib/my_package/sample.py -> /home/palneel/ros2_ws/install/my_package/lib/python3.10/site-packages/my_package
[1.195s] copying /home/palneel/ros2_ws/build/my_package/build/lib/my_package/turtle_chase.py -> /home/palneel/ros2_ws/install/my_package/lib/python3.10/site-packages/my_package
[1.195s] copying /home/palneel/ros2_ws/build/my_package/build/lib/my_package/add_two_ints_server.py -> /home/palneel/ros2_ws/install/my_package/lib/python3.10/site-packages/my_package
[1.195s] byte-compiling /home/palneel/ros2_ws/install/my_package/lib/python3.10/site-packages/my_package/add_two_ints_client.py to add_two_ints_client.cpython-310.pyc
[1.195s] byte-compiling /home/palneel/ros2_ws/install/my_package/lib/python3.10/site-packages/my_package/robot_subscriber.py to robot_subscriber.cpython-310.pyc
[1.196s] byte-compiling /home/palneel/ros2_ws/install/my_package/lib/python3.10/site-packages/my_package/robot_publisher.py to robot_publisher.cpython-310.pyc
[1.196s] byte-compiling /home/palneel/ros2_ws/install/my_package/lib/python3.10/site-packages/my_package/sample.py to sample.cpython-310.pyc
[1.196s] byte-compiling /home/palneel/ros2_ws/install/my_package/lib/python3.10/site-packages/my_package/turtle_chase.py to turtle_chase.cpython-310.pyc
[1.197s] byte-compiling /home/palneel/ros2_ws/install/my_package/lib/python3.10/site-packages/my_package/add_two_ints_server.py to add_two_ints_server.cpython-310.pyc
[1.197s] running install_data
[1.197s] running install_egg_info
[1.199s] removing '/home/palneel/ros2_ws/install/my_package/lib/python3.10/site-packages/my_package-0.0.0-py3.10.egg-info' (and everything under it)
[1.199s] Copying ../../build/my_package/my_package.egg-info to /home/palneel/ros2_ws/install/my_package/lib/python3.10/site-packages/my_package-0.0.0-py3.10.egg-info
[1.199s] running install_scripts
[1.215s] Installing add_two_ints_client script to /home/palneel/ros2_ws/install/my_package/lib/my_package
[1.215s] Installing add_two_ints_server script to /home/palneel/ros2_ws/install/my_package/lib/my_package
[1.215s] Installing robot_publisher script to /home/palneel/ros2_ws/install/my_package/lib/my_package
[1.215s] Installing robot_subscriber script to /home/palneel/ros2_ws/install/my_package/lib/my_package
[1.215s] Installing sample script to /home/palneel/ros2_ws/install/my_package/lib/my_package
[1.215s] Installing turtlesim_chase script to /home/palneel/ros2_ws/install/my_package/lib/my_package
[1.215s] Installing turtlesim_controller script to /home/palneel/ros2_ws/install/my_package/lib/my_package
[1.215s] writing list of installed files to '/home/palneel/ros2_ws/build/my_package/install.log'
[1.240s] Invoked command in '/home/palneel/ros2_ws/src/my_package' returned '0': PYTHONPATH=/home/palneel/ros2_ws/build/my_package/prefix_override:/home/palneel/ros2_ws/install/my_package/lib/python3.10/site-packages:${PYTHONPATH} /usr/bin/python3 setup.py egg_info --egg-base ../../build/my_package build --build-base /home/palneel/ros2_ws/build/my_package/build install --record /home/palneel/ros2_ws/build/my_package/install.log --single-version-externally-managed
