/home/palneel/ros2_ws/install/pub_sub/lib/python3.10/site-packages/pub_sub/subscriber.py
/home/palneel/ros2_ws/install/pub_sub/lib/python3.10/site-packages/pub_sub/publisher.py
/home/palneel/ros2_ws/install/pub_sub/lib/python3.10/site-packages/pub_sub/sample.py
/home/palneel/ros2_ws/install/pub_sub/lib/python3.10/site-packages/pub_sub/__init__.py
/home/palneel/ros2_ws/install/pub_sub/lib/python3.10/site-packages/pub_sub/__pycache__/subscriber.cpython-310.pyc
/home/palneel/ros2_ws/install/pub_sub/lib/python3.10/site-packages/pub_sub/__pycache__/publisher.cpython-310.pyc
/home/palneel/ros2_ws/install/pub_sub/lib/python3.10/site-packages/pub_sub/__pycache__/sample.cpython-310.pyc
/home/palneel/ros2_ws/install/pub_sub/lib/python3.10/site-packages/pub_sub/__pycache__/__init__.cpython-310.pyc
/home/palneel/ros2_ws/install/pub_sub/share/ament_index/resource_index/packages/pub_sub
/home/palneel/ros2_ws/install/pub_sub/share/pub_sub/package.xml
/home/palneel/ros2_ws/install/pub_sub/share/pub_sub/pub_sub.launch.py
/home/palneel/ros2_ws/install/pub_sub/lib/python3.10/site-packages/pub_sub-0.0.0-py3.10.egg-info/entry_points.txt
/home/palneel/ros2_ws/install/pub_sub/lib/python3.10/site-packages/pub_sub-0.0.0-py3.10.egg-info/SOURCES.txt
/home/palneel/ros2_ws/install/pub_sub/lib/python3.10/site-packages/pub_sub-0.0.0-py3.10.egg-info/zip-safe
/home/palneel/ros2_ws/install/pub_sub/lib/python3.10/site-packages/pub_sub-0.0.0-py3.10.egg-info/requires.txt
/home/palneel/ros2_ws/install/pub_sub/lib/python3.10/site-packages/pub_sub-0.0.0-py3.10.egg-info/top_level.txt
/home/palneel/ros2_ws/install/pub_sub/lib/python3.10/site-packages/pub_sub-0.0.0-py3.10.egg-info/dependency_links.txt
/home/palneel/ros2_ws/install/pub_sub/lib/python3.10/site-packages/pub_sub-0.0.0-py3.10.egg-info/PKG-INFO
/home/palneel/ros2_ws/install/pub_sub/lib/pub_sub/publisher
/home/palneel/ros2_ws/install/pub_sub/lib/pub_sub/sample
/home/palneel/ros2_ws/install/pub_sub/lib/pub_sub/subscriber
