[3.712s] Invoking command in '/home/palneel/ros2_ws/build/my_package': PYTHONPATH=/home/palneel/ros2_ws/build/my_package/prefix_override:/home/palneel/ros2_ws/install/my_package/lib/python3.10/site-packages:${PYTHONPATH} /usr/bin/python3 setup.py develop --uninstall --editable --build-directory /home/palneel/ros2_ws/build/my_package/build
[4.496s] running develop
[4.496s] /usr/lib/python3/dist-packages/setuptools/command/easy_install.py:158: EasyInstallDeprecationWarning: easy_install command is deprecated. Use build and pip and other standards-based tools.
[4.496s]   warnings.warn(
[4.504s] /usr/lib/python3/dist-packages/setuptools/command/install.py:34: SetuptoolsDeprecationWarning: setup.py install is deprecated. Use build and pip and other standards-based tools.
[4.504s]   warnings.warn(
[4.857s] Invoked command in '/home/palneel/ros2_ws/build/my_package' returned '0': PYTHONPATH=/home/palneel/ros2_ws/build/my_package/prefix_override:/home/palneel/ros2_ws/install/my_package/lib/python3.10/site-packages:${PYTHONPATH} /usr/bin/python3 setup.py develop --uninstall --editable --build-directory /home/palneel/ros2_ws/build/my_package/build
[4.860s] Invoking command in '/home/palneel/ros2_ws/src/my_package': PYTHONPATH=/home/palneel/ros2_ws/build/my_package/prefix_override:/home/palneel/ros2_ws/install/my_package/lib/python3.10/site-packages:${PYTHONPATH} /usr/bin/python3 setup.py egg_info --egg-base ../../build/my_package build --build-base /home/palneel/ros2_ws/build/my_package/build install --record /home/palneel/ros2_ws/build/my_package/install.log --single-version-externally-managed
[5.240s] running egg_info
[5.241s] writing ../../build/my_package/my_package.egg-info/PKG-INFO
[5.242s] writing dependency_links to ../../build/my_package/my_package.egg-info/dependency_links.txt
[5.243s] writing entry points to ../../build/my_package/my_package.egg-info/entry_points.txt
[5.243s] writing requirements to ../../build/my_package/my_package.egg-info/requires.txt
[5.243s] writing top-level names to ../../build/my_package/my_package.egg-info/top_level.txt
[5.247s] reading manifest file '../../build/my_package/my_package.egg-info/SOURCES.txt'
[5.249s] writing manifest file '../../build/my_package/my_package.egg-info/SOURCES.txt'
[5.249s] running build
[5.249s] running build_py
[5.251s] running install
[5.252s] /usr/lib/python3/dist-packages/setuptools/command/install.py:34: SetuptoolsDeprecationWarning: setup.py install is deprecated. Use build and pip and other standards-based tools.
[5.252s]   warnings.warn(
[5.252s] running install_lib
[5.255s] running install_data
[5.256s] error: can't copy 'launch/__pycache__': doesn't exist or not a regular file
[5.286s] Invoked command in '/home/palneel/ros2_ws/src/my_package' returned '1': PYTHONPATH=/home/palneel/ros2_ws/build/my_package/prefix_override:/home/palneel/ros2_ws/install/my_package/lib/python3.10/site-packages:${PYTHONPATH} /usr/bin/python3 setup.py egg_info --egg-base ../../build/my_package build --build-base /home/palneel/ros2_ws/build/my_package/build install --record /home/palneel/ros2_ws/build/my_package/install.log --single-version-externally-managed
