[0.728s] Invoking command in '/home/palneel/ros2_ws/src/node_pkg': PYTHONPATH=/home/palneel/ros2_ws/build/node_pkg/prefix_override:/home/palneel/ros2_ws/install/node_pkg/lib/python3.10/site-packages:${PYTHONPATH} /usr/bin/python3 setup.py egg_info --egg-base ../../build/node_pkg build --build-base /home/palneel/ros2_ws/build/node_pkg/build install --record /home/palneel/ros2_ws/build/node_pkg/install.log --single-version-externally-managed
[0.891s] running egg_info
[0.891s] writing ../../build/node_pkg/node_pkg.egg-info/PKG-INFO
[0.892s] writing dependency_links to ../../build/node_pkg/node_pkg.egg-info/dependency_links.txt
[0.892s] writing entry points to ../../build/node_pkg/node_pkg.egg-info/entry_points.txt
[0.892s] writing requirements to ../../build/node_pkg/node_pkg.egg-info/requires.txt
[0.892s] writing top-level names to ../../build/node_pkg/node_pkg.egg-info/top_level.txt
[0.893s] reading manifest file '../../build/node_pkg/node_pkg.egg-info/SOURCES.txt'
[0.894s] writing manifest file '../../build/node_pkg/node_pkg.egg-info/SOURCES.txt'
[0.894s] running build
[0.894s] running build_py
[0.894s] copying node_pkg/Node1.py -> /home/palneel/ros2_ws/build/node_pkg/build/lib/node_pkg
[0.894s] running install
[0.894s] /usr/lib/python3/dist-packages/setuptools/command/install.py:34: SetuptoolsDeprecationWarning: setup.py install is deprecated. Use build and pip and other standards-based tools.
[0.894s]   warnings.warn(
[0.894s] running install_lib
[0.895s] copying /home/palneel/ros2_ws/build/node_pkg/build/lib/node_pkg/Node1.py -> /home/palneel/ros2_ws/install/node_pkg/lib/python3.10/site-packages/node_pkg
[0.895s] byte-compiling /home/palneel/ros2_ws/install/node_pkg/lib/python3.10/site-packages/node_pkg/Node1.py to Node1.cpython-310.pyc
[0.896s] running install_data
[0.896s] copying launch/node1.launch.py -> /home/palneel/ros2_ws/install/node_pkg/share/node_pkg
[0.896s] running install_egg_info
[0.897s] removing '/home/palneel/ros2_ws/install/node_pkg/lib/python3.10/site-packages/node_pkg-0.0.0-py3.10.egg-info' (and everything under it)
[0.897s] Copying ../../build/node_pkg/node_pkg.egg-info to /home/palneel/ros2_ws/install/node_pkg/lib/python3.10/site-packages/node_pkg-0.0.0-py3.10.egg-info
[0.898s] running install_scripts
[0.913s] Installing Node1 script to /home/palneel/ros2_ws/install/node_pkg/lib/node_pkg
[0.914s] writing list of installed files to '/home/palneel/ros2_ws/build/node_pkg/install.log'
[0.935s] Invoked command in '/home/palneel/ros2_ws/src/node_pkg' returned '0': PYTHONPATH=/home/palneel/ros2_ws/build/node_pkg/prefix_override:/home/palneel/ros2_ws/install/node_pkg/lib/python3.10/site-packages:${PYTHONPATH} /usr/bin/python3 setup.py egg_info --egg-base ../../build/node_pkg build --build-base /home/palneel/ros2_ws/build/node_pkg/build install --record /home/palneel/ros2_ws/build/node_pkg/install.log --single-version-externally-managed
