[3.796s] Invoking command in '/home/palneel/ros2_ws/build/pub_sub': PYTHONPATH=/home/palneel/ros2_ws/build/pub_sub/prefix_override:/home/palneel/ros2_ws/install/pub_sub/lib/python3.10/site-packages:${PYTHONPATH} /usr/bin/python3 setup.py develop --uninstall --editable --build-directory /home/palneel/ros2_ws/build/pub_sub/build
[4.362s] running develop
[4.363s] /usr/lib/python3/dist-packages/setuptools/command/easy_install.py:158: EasyInstallDeprecationWarning: easy_install command is deprecated. Use build and pip and other standards-based tools.
[4.363s]   warnings.warn(
[4.368s] /usr/lib/python3/dist-packages/setuptools/command/install.py:34: SetuptoolsDeprecationWarning: setup.py install is deprecated. Use build and pip and other standards-based tools.
[4.368s]   warnings.warn(
[4.770s] Invoked command in '/home/palneel/ros2_ws/build/pub_sub' returned '0': PYTHONPATH=/home/palneel/ros2_ws/build/pub_sub/prefix_override:/home/palneel/ros2_ws/install/pub_sub/lib/python3.10/site-packages:${PYTHONPATH} /usr/bin/python3 setup.py develop --uninstall --editable --build-directory /home/palneel/ros2_ws/build/pub_sub/build
[4.772s] Invoking command in '/home/palneel/ros2_ws/src/pub_sub': PYTHONPATH=/home/palneel/ros2_ws/build/pub_sub/prefix_override:/home/palneel/ros2_ws/install/pub_sub/lib/python3.10/site-packages:${PYTHONPATH} /usr/bin/python3 setup.py egg_info --egg-base ../../build/pub_sub build --build-base /home/palneel/ros2_ws/build/pub_sub/build install --record /home/palneel/ros2_ws/build/pub_sub/install.log --single-version-externally-managed
[5.195s] running egg_info
[5.196s] writing ../../build/pub_sub/pub_sub.egg-info/PKG-INFO
[5.197s] writing dependency_links to ../../build/pub_sub/pub_sub.egg-info/dependency_links.txt
[5.197s] writing entry points to ../../build/pub_sub/pub_sub.egg-info/entry_points.txt
[5.197s] writing requirements to ../../build/pub_sub/pub_sub.egg-info/requires.txt
[5.198s] writing top-level names to ../../build/pub_sub/pub_sub.egg-info/top_level.txt
[5.200s] reading manifest file '../../build/pub_sub/pub_sub.egg-info/SOURCES.txt'
[5.202s] writing manifest file '../../build/pub_sub/pub_sub.egg-info/SOURCES.txt'
[5.202s] running build
[5.202s] running build_py
[5.203s] running install
[5.203s] /usr/lib/python3/dist-packages/setuptools/command/install.py:34: SetuptoolsDeprecationWarning: setup.py install is deprecated. Use build and pip and other standards-based tools.
[5.203s]   warnings.warn(
[5.204s] running install_lib
[5.206s] running install_data
[5.207s] running install_egg_info
[5.209s] removing '/home/palneel/ros2_ws/install/pub_sub/lib/python3.10/site-packages/pub_sub-0.0.0-py3.10.egg-info' (and everything under it)
[5.210s] Copying ../../build/pub_sub/pub_sub.egg-info to /home/palneel/ros2_ws/install/pub_sub/lib/python3.10/site-packages/pub_sub-0.0.0-py3.10.egg-info
[5.211s] running install_scripts
[5.247s] Installing publisher script to /home/palneel/ros2_ws/install/pub_sub/lib/pub_sub
[5.247s] Installing sample script to /home/palneel/ros2_ws/install/pub_sub/lib/pub_sub
[5.247s] Installing subscriber script to /home/palneel/ros2_ws/install/pub_sub/lib/pub_sub
[5.248s] writing list of installed files to '/home/palneel/ros2_ws/build/pub_sub/install.log'
