[4.612s] Invoking command in '/home/palneel/ros2_ws/src/node_pkg': PYTHONPATH=/home/palneel/ros2_ws/build/node_pkg/prefix_override:/home/palneel/ros2_ws/install/node_pkg/lib/python3.10/site-packages:${PYTHONPATH} /usr/bin/python3 setup.py egg_info --egg-base ../../build/node_pkg build --build-base /home/palneel/ros2_ws/build/node_pkg/build install --record /home/palneel/ros2_ws/build/node_pkg/install.log --single-version-externally-managed
[5.530s] running egg_info
[5.537s] writing ../../build/node_pkg/node_pkg.egg-info/PKG-INFO
[5.538s] writing dependency_links to ../../build/node_pkg/node_pkg.egg-info/dependency_links.txt
[5.538s] writing entry points to ../../build/node_pkg/node_pkg.egg-info/entry_points.txt
[5.538s] writing requirements to ../../build/node_pkg/node_pkg.egg-info/requires.txt
[5.538s] writing top-level names to ../../build/node_pkg/node_pkg.egg-info/top_level.txt
[5.540s] reading manifest file '../../build/node_pkg/node_pkg.egg-info/SOURCES.txt'
[5.544s] writing manifest file '../../build/node_pkg/node_pkg.egg-info/SOURCES.txt'
[5.544s] running build
[5.544s] running build_py
[5.545s] running install
[5.546s] /usr/lib/python3/dist-packages/setuptools/command/install.py:34: SetuptoolsDeprecationWarning: setup.py install is deprecated. Use build and pip and other standards-based tools.
[5.546s]   warnings.warn(
[5.547s] running install_lib
[5.551s] running install_data
[5.553s] running install_egg_info
[5.559s] removing '/home/palneel/ros2_ws/install/node_pkg/lib/python3.10/site-packages/node_pkg-0.0.0-py3.10.egg-info' (and everything under it)
[5.560s] Copying ../../build/node_pkg/node_pkg.egg-info to /home/palneel/ros2_ws/install/node_pkg/lib/python3.10/site-packages/node_pkg-0.0.0-py3.10.egg-info
[5.563s] running install_scripts
[5.651s] Installing Node1 script to /home/palneel/ros2_ws/install/node_pkg/lib/node_pkg
[5.652s] writing list of installed files to '/home/palneel/ros2_ws/build/node_pkg/install.log'
[5.754s] Invoked command in '/home/palneel/ros2_ws/src/node_pkg' returned '0': PYTHONPATH=/home/palneel/ros2_ws/build/node_pkg/prefix_override:/home/palneel/ros2_ws/install/node_pkg/lib/python3.10/site-packages:${PYTHONPATH} /usr/bin/python3 setup.py egg_info --egg-base ../../build/node_pkg build --build-base /home/palneel/ros2_ws/build/node_pkg/build install --record /home/palneel/ros2_ws/build/node_pkg/install.log --single-version-externally-managed
