[1.724s] Invoking command in '/home/palneel/ros2_ws/build/my_package': PYTHONPATH=/home/palneel/ros2_ws/build/my_package/prefix_override:/home/palneel/ros2_ws/install/my_package/lib/python3.10/site-packages:${PYTHONPATH} /usr/bin/python3 setup.py develop --uninstall --editable --build-directory /home/palneel/ros2_ws/build/my_package/build
[2.162s] running develop
[2.162s] /usr/lib/python3/dist-packages/setuptools/command/easy_install.py:158: EasyInstallDeprecationWarning: easy_install command is deprecated. Use build and pip and other standards-based tools.
[2.162s]   warnings.warn(
[2.164s] /usr/lib/python3/dist-packages/setuptools/command/install.py:34: SetuptoolsDeprecationWarning: setup.py install is deprecated. Use build and pip and other standards-based tools.
[2.164s]   warnings.warn(
[2.393s] Invoked command in '/home/palneel/ros2_ws/build/my_package' returned '0': PYTHONPATH=/home/palneel/ros2_ws/build/my_package/prefix_override:/home/palneel/ros2_ws/install/my_package/lib/python3.10/site-packages:${PYTHONPATH} /usr/bin/python3 setup.py develop --uninstall --editable --build-directory /home/palneel/ros2_ws/build/my_package/build
[2.395s] Invoking command in '/home/palneel/ros2_ws/src/my_package': PYTHONPATH=/home/palneel/ros2_ws/build/my_package/prefix_override:/home/palneel/ros2_ws/install/my_package/lib/python3.10/site-packages:${PYTHONPATH} /usr/bin/python3 setup.py egg_info --egg-base ../../build/my_package build --build-base /home/palneel/ros2_ws/build/my_package/build install --record /home/palneel/ros2_ws/build/my_package/install.log --single-version-externally-managed
[2.673s] running egg_info
[2.673s] writing ../../build/my_package/my_package.egg-info/PKG-INFO
[2.674s] writing dependency_links to ../../build/my_package/my_package.egg-info/dependency_links.txt
[2.674s] writing entry points to ../../build/my_package/my_package.egg-info/entry_points.txt
[2.674s] writing requirements to ../../build/my_package/my_package.egg-info/requires.txt
[2.675s] writing top-level names to ../../build/my_package/my_package.egg-info/top_level.txt
[2.676s] reading manifest file '../../build/my_package/my_package.egg-info/SOURCES.txt'
[2.677s] writing manifest file '../../build/my_package/my_package.egg-info/SOURCES.txt'
[2.677s] running build
[2.677s] running build_py
[2.678s] running install
[2.679s] /usr/lib/python3/dist-packages/setuptools/command/install.py:34: SetuptoolsDeprecationWarning: setup.py install is deprecated. Use build and pip and other standards-based tools.
[2.679s]   warnings.warn(
[2.679s] running install_lib
[2.680s] running install_data
[2.681s] running install_egg_info
[2.683s] removing '/home/palneel/ros2_ws/install/my_package/lib/python3.10/site-packages/my_package-0.0.0-py3.10.egg-info' (and everything under it)
[2.683s] Copying ../../build/my_package/my_package.egg-info to /home/palneel/ros2_ws/install/my_package/lib/python3.10/site-packages/my_package-0.0.0-py3.10.egg-info
[2.684s] running install_scripts
[2.708s] Installing add_two_ints_client script to /home/palneel/ros2_ws/install/my_package/lib/my_package
[2.708s] Installing add_two_ints_server script to /home/palneel/ros2_ws/install/my_package/lib/my_package
[2.708s] Installing robot_publisher script to /home/palneel/ros2_ws/install/my_package/lib/my_package
[2.708s] Installing robot_subscriber script to /home/palneel/ros2_ws/install/my_package/lib/my_package
[2.708s] Installing sample script to /home/palneel/ros2_ws/install/my_package/lib/my_package
[2.708s] Installing turtlesim_chase script to /home/palneel/ros2_ws/install/my_package/lib/my_package
[2.708s] Installing turtlesim_controller script to /home/palneel/ros2_ws/install/my_package/lib/my_package
[2.709s] writing list of installed files to '/home/palneel/ros2_ws/build/my_package/install.log'
[2.744s] Invoked command in '/home/palneel/ros2_ws/src/my_package' returned '0': PYTHONPATH=/home/palneel/ros2_ws/build/my_package/prefix_override:/home/palneel/ros2_ws/install/my_package/lib/python3.10/site-packages:${PYTHONPATH} /usr/bin/python3 setup.py egg_info --egg-base ../../build/my_package build --build-base /home/palneel/ros2_ws/build/my_package/build install --record /home/palneel/ros2_ws/build/my_package/install.log --single-version-externally-managed
