[0.720s] Invoking command in '/home/palneel/ros2_ws/src/node_pkg': PYTHONPATH=/home/palneel/ros2_ws/build/node_pkg/prefix_override:/home/palneel/ros2_ws/install/node_pkg/lib/python3.10/site-packages:${PYTHONPATH} /usr/bin/python3 setup.py egg_info --egg-base ../../build/node_pkg build --build-base /home/palneel/ros2_ws/build/node_pkg/build install --record /home/palneel/ros2_ws/build/node_pkg/install.log --single-version-externally-managed
[0.880s] running egg_info
[0.881s] writing ../../build/node_pkg/node_pkg.egg-info/PKG-INFO
[0.881s] writing dependency_links to ../../build/node_pkg/node_pkg.egg-info/dependency_links.txt
[0.881s] writing entry points to ../../build/node_pkg/node_pkg.egg-info/entry_points.txt
[0.881s] writing requirements to ../../build/node_pkg/node_pkg.egg-info/requires.txt
[0.881s] writing top-level names to ../../build/node_pkg/node_pkg.egg-info/top_level.txt
[0.883s] reading manifest file '../../build/node_pkg/node_pkg.egg-info/SOURCES.txt'
[0.883s] writing manifest file '../../build/node_pkg/node_pkg.egg-info/SOURCES.txt'
[0.883s] running build
[0.883s] running build_py
[0.883s] running install
[0.884s] /usr/lib/python3/dist-packages/setuptools/command/install.py:34: SetuptoolsDeprecationWarning: setup.py install is deprecated. Use build and pip and other standards-based tools.
[0.884s]   warnings.warn(
[0.884s] running install_lib
[0.885s] running install_data
[0.885s] running install_egg_info
[0.886s] removing '/home/palneel/ros2_ws/install/node_pkg/lib/python3.10/site-packages/node_pkg-0.0.0-py3.10.egg-info' (and everything under it)
[0.887s] Copying ../../build/node_pkg/node_pkg.egg-info to /home/palneel/ros2_ws/install/node_pkg/lib/python3.10/site-packages/node_pkg-0.0.0-py3.10.egg-info
[0.887s] running install_scripts
[0.903s] Installing Node1 script to /home/palneel/ros2_ws/install/node_pkg/lib/node_pkg
[0.904s] writing list of installed files to '/home/palneel/ros2_ws/build/node_pkg/install.log'
[0.924s] Invoked command in '/home/palneel/ros2_ws/src/node_pkg' returned '0': PYTHONPATH=/home/palneel/ros2_ws/build/node_pkg/prefix_override:/home/palneel/ros2_ws/install/node_pkg/lib/python3.10/site-packages:${PYTHONPATH} /usr/bin/python3 setup.py egg_info --egg-base ../../build/node_pkg build --build-base /home/palneel/ros2_ws/build/node_pkg/build install --record /home/palneel/ros2_ws/build/node_pkg/install.log --single-version-externally-managed
