[3.765s] Invoking command in '/home/palneel/ros2_ws/src/roboarm': PYTHONPATH=/home/palneel/ros2_ws/build/roboarm/prefix_override:/home/palneel/ros2_ws/install/roboarm/lib/python3.10/site-packages:${PYTHONPATH} /usr/bin/python3 setup.py egg_info --egg-base ../../build/roboarm build --build-base /home/palneel/ros2_ws/build/roboarm/build install --record /home/palneel/ros2_ws/build/roboarm/install.log --single-version-externally-managed
[4.256s] running egg_info
[4.259s] writing ../../build/roboarm/roboarm.egg-info/PKG-INFO
[4.260s] writing dependency_links to ../../build/roboarm/roboarm.egg-info/dependency_links.txt
[4.260s] writing entry points to ../../build/roboarm/roboarm.egg-info/entry_points.txt
[4.261s] writing requirements to ../../build/roboarm/roboarm.egg-info/requires.txt
[4.262s] writing top-level names to ../../build/roboarm/roboarm.egg-info/top_level.txt
[4.268s] reading manifest file '../../build/roboarm/roboarm.egg-info/SOURCES.txt'
[4.271s] writing manifest file '../../build/roboarm/roboarm.egg-info/SOURCES.txt'
[4.272s] running build
[4.272s] running build_py
[4.273s] running install
[4.274s] /usr/lib/python3/dist-packages/setuptools/command/install.py:34: SetuptoolsDeprecationWarning: setup.py install is deprecated. Use build and pip and other standards-based tools.
[4.274s]   warnings.warn(
[4.276s] running install_lib
[4.280s] running install_data
[4.282s] copying launch/arm_gazebo.launch.py -> /home/palneel/ros2_ws/install/roboarm/share/roboarm
[4.282s] copying launch/arm_rviz.launch.py -> /home/palneel/ros2_ws/install/roboarm/share/roboarm
[4.283s] copying config/control.yaml -> /home/palneel/ros2_ws/install/roboarm/share/roboarm
[4.284s] running install_egg_info
[4.288s] removing '/home/palneel/ros2_ws/install/roboarm/lib/python3.10/site-packages/roboarm-0.0.0-py3.10.egg-info' (and everything under it)
[4.288s] Copying ../../build/roboarm/roboarm.egg-info to /home/palneel/ros2_ws/install/roboarm/lib/python3.10/site-packages/roboarm-0.0.0-py3.10.egg-info
[4.290s] running install_scripts
[4.335s] Installing controller script to /home/palneel/ros2_ws/install/roboarm/lib/roboarm
[4.336s] writing list of installed files to '/home/palneel/ros2_ws/build/roboarm/install.log'
[4.412s] Invoked command in '/home/palneel/ros2_ws/src/roboarm' returned '0': PYTHONPATH=/home/palneel/ros2_ws/build/roboarm/prefix_override:/home/palneel/ros2_ws/install/roboarm/lib/python3.10/site-packages:${PYTHONPATH} /usr/bin/python3 setup.py egg_info --egg-base ../../build/roboarm build --build-base /home/palneel/ros2_ws/build/roboarm/build install --record /home/palneel/ros2_ws/build/roboarm/install.log --single-version-externally-managed
