[3.633s] Invoking command in '/home/palneel/ros2_ws/src/learning_tf2_py': PYTHONPATH=/home/palneel/ros2_ws/build/learning_tf2_py/prefix_override:/home/palneel/ros2_ws/install/learning_tf2_py/lib/python3.10/site-packages:${PYTHONPATH} /usr/bin/python3 setup.py egg_info --egg-base ../../build/learning_tf2_py build --build-base /home/palneel/ros2_ws/build/learning_tf2_py/build install --record /home/palneel/ros2_ws/build/learning_tf2_py/install.log --single-version-externally-managed
[4.368s] running egg_info
[4.371s] writing ../../build/learning_tf2_py/learning_tf2_py.egg-info/PKG-INFO
[4.372s] writing dependency_links to ../../build/learning_tf2_py/learning_tf2_py.egg-info/dependency_links.txt
[4.373s] writing entry points to ../../build/learning_tf2_py/learning_tf2_py.egg-info/entry_points.txt
[4.373s] writing requirements to ../../build/learning_tf2_py/learning_tf2_py.egg-info/requires.txt
[4.373s] writing top-level names to ../../build/learning_tf2_py/learning_tf2_py.egg-info/top_level.txt
[4.379s] reading manifest file '../../build/learning_tf2_py/learning_tf2_py.egg-info/SOURCES.txt'
[4.383s] writing manifest file '../../build/learning_tf2_py/learning_tf2_py.egg-info/SOURCES.txt'
[4.383s] running build
[4.383s] running build_py
[4.385s] running install
[4.385s] /usr/lib/python3/dist-packages/setuptools/command/install.py:34: SetuptoolsDeprecationWarning: setup.py install is deprecated. Use build and pip and other standards-based tools.
[4.385s]   warnings.warn(
[4.388s] running install_lib
[4.390s] running install_data
[4.391s] running install_egg_info
[4.396s] removing '/home/palneel/ros2_ws/install/learning_tf2_py/lib/python3.10/site-packages/learning_tf2_py-0.0.0-py3.10.egg-info' (and everything under it)
[4.396s] Copying ../../build/learning_tf2_py/learning_tf2_py.egg-info to /home/palneel/ros2_ws/install/learning_tf2_py/lib/python3.10/site-packages/learning_tf2_py-0.0.0-py3.10.egg-info
[4.403s] running install_scripts
[4.455s] Installing static_turtle_tf2_broadcaster script to /home/palneel/ros2_ws/install/learning_tf2_py/lib/learning_tf2_py
[4.456s] writing list of installed files to '/home/palneel/ros2_ws/build/learning_tf2_py/install.log'
[4.513s] Invoked command in '/home/palneel/ros2_ws/src/learning_tf2_py' returned '0': PYTHONPATH=/home/palneel/ros2_ws/build/learning_tf2_py/prefix_override:/home/palneel/ros2_ws/install/learning_tf2_py/lib/python3.10/site-packages:${PYTHONPATH} /usr/bin/python3 setup.py egg_info --egg-base ../../build/learning_tf2_py build --build-base /home/palneel/ros2_ws/build/learning_tf2_py/build install --record /home/palneel/ros2_ws/build/learning_tf2_py/install.log --single-version-externally-managed
