[1.257s] Invoking command in '/home/palneel/ros2_ws/build/my_package': PYTHONPATH=/home/palneel/ros2_ws/build/my_package/prefix_override:/home/palneel/ros2_ws/install/my_package/lib/python3.10/site-packages:${PYTHONPATH} /usr/bin/python3 setup.py develop --uninstall --editable --build-directory /home/palneel/ros2_ws/build/my_package/build
[1.489s] running develop
[1.489s] /usr/lib/python3/dist-packages/setuptools/command/easy_install.py:158: EasyInstallDeprecationWarning: easy_install command is deprecated. Use build and pip and other standards-based tools.
[1.489s]   warnings.warn(
[1.491s] /usr/lib/python3/dist-packages/setuptools/command/install.py:34: SetuptoolsDeprecationWarning: setup.py install is deprecated. Use build and pip and other standards-based tools.
[1.491s]   warnings.warn(
[1.654s] Invoked command in '/home/palneel/ros2_ws/build/my_package' returned '0': PYTHONPATH=/home/palneel/ros2_ws/build/my_package/prefix_override:/home/palneel/ros2_ws/install/my_package/lib/python3.10/site-packages:${PYTHONPATH} /usr/bin/python3 setup.py develop --uninstall --editable --build-directory /home/palneel/ros2_ws/build/my_package/build
[1.656s] Invoking command in '/home/palneel/ros2_ws/src/my_package': PYTHONPATH=/home/palneel/ros2_ws/build/my_package/prefix_override:/home/palneel/ros2_ws/install/my_package/lib/python3.10/site-packages:${PYTHONPATH} /usr/bin/python3 setup.py egg_info --egg-base ../../build/my_package build --build-base /home/palneel/ros2_ws/build/my_package/build install --record /home/palneel/ros2_ws/build/my_package/install.log --single-version-externally-managed
[1.842s] running egg_info
[1.842s] writing ../../build/my_package/my_package.egg-info/PKG-INFO
[1.842s] writing dependency_links to ../../build/my_package/my_package.egg-info/dependency_links.txt
[1.843s] writing entry points to ../../build/my_package/my_package.egg-info/entry_points.txt
[1.843s] writing requirements to ../../build/my_package/my_package.egg-info/requires.txt
[1.843s] writing top-level names to ../../build/my_package/my_package.egg-info/top_level.txt
[1.844s] reading manifest file '../../build/my_package/my_package.egg-info/SOURCES.txt'
[1.845s] writing manifest file '../../build/my_package/my_package.egg-info/SOURCES.txt'
[1.845s] running build
[1.845s] running build_py
[1.846s] running install
[1.846s] /usr/lib/python3/dist-packages/setuptools/command/install.py:34: SetuptoolsDeprecationWarning: setup.py install is deprecated. Use build and pip and other standards-based tools.
[1.846s]   warnings.warn(
[1.846s] running install_lib
[1.848s] running install_data
[1.848s] running install_egg_info
[1.849s] removing '/home/palneel/ros2_ws/install/my_package/lib/python3.10/site-packages/my_package-0.0.0-py3.10.egg-info' (and everything under it)
[1.850s] Copying ../../build/my_package/my_package.egg-info to /home/palneel/ros2_ws/install/my_package/lib/python3.10/site-packages/my_package-0.0.0-py3.10.egg-info
[1.850s] running install_scripts
[1.868s] Installing add_two_ints_client script to /home/palneel/ros2_ws/install/my_package/lib/my_package
[1.868s] Installing add_two_ints_server script to /home/palneel/ros2_ws/install/my_package/lib/my_package
[1.868s] Installing robot_publisher script to /home/palneel/ros2_ws/install/my_package/lib/my_package
[1.868s] Installing robot_subscriber script to /home/palneel/ros2_ws/install/my_package/lib/my_package
[1.868s] Installing sample script to /home/palneel/ros2_ws/install/my_package/lib/my_package
[1.868s] Installing turtlesim_chase script to /home/palneel/ros2_ws/install/my_package/lib/my_package
[1.869s] Installing turtlesim_controller script to /home/palneel/ros2_ws/install/my_package/lib/my_package
[1.869s] writing list of installed files to '/home/palneel/ros2_ws/build/my_package/install.log'
[1.892s] Invoked command in '/home/palneel/ros2_ws/src/my_package' returned '0': PYTHONPATH=/home/palneel/ros2_ws/build/my_package/prefix_override:/home/palneel/ros2_ws/install/my_package/lib/python3.10/site-packages:${PYTHONPATH} /usr/bin/python3 setup.py egg_info --egg-base ../../build/my_package build --build-base /home/palneel/ros2_ws/build/my_package/build install --record /home/palneel/ros2_ws/build/my_package/install.log --single-version-externally-managed
