running egg_info
creating ../../build/node_pkg/node_pkg.egg-info
writing ../../build/node_pkg/node_pkg.egg-info/PKG-INFO
writing dependency_links to ../../build/node_pkg/node_pkg.egg-info/dependency_links.txt
writing entry points to ../../build/node_pkg/node_pkg.egg-info/entry_points.txt
writing requirements to ../../build/node_pkg/node_pkg.egg-info/requires.txt
writing top-level names to ../../build/node_pkg/node_pkg.egg-info/top_level.txt
writing manifest file '../../build/node_pkg/node_pkg.egg-info/SOURCES.txt'
reading manifest file '../../build/node_pkg/node_pkg.egg-info/SOURCES.txt'
writing manifest file '../../build/node_pkg/node_pkg.egg-info/SOURCES.txt'
running build
running build_py
creating /home/palneel/ros2_ws/build/node_pkg/build
creating /home/palneel/ros2_ws/build/node_pkg/build/lib
creating /home/palneel/ros2_ws/build/node_pkg/build/lib/node_pkg
copying node_pkg/__init__.py -> /home/palneel/ros2_ws/build/node_pkg/build/lib/node_pkg
running install
running install_lib
creating /home/palneel/ros2_ws/install/node_pkg/lib/python3.10/site-packages/node_pkg
copying /home/palneel/ros2_ws/build/node_pkg/build/lib/node_pkg/__init__.py -> /home/palneel/ros2_ws/install/node_pkg/lib/python3.10/site-packages/node_pkg
byte-compiling /home/palneel/ros2_ws/install/node_pkg/lib/python3.10/site-packages/node_pkg/__init__.py to __init__.cpython-310.pyc
running install_data
creating /home/palneel/ros2_ws/install/node_pkg/share/ament_index
creating /home/palneel/ros2_ws/install/node_pkg/share/ament_index/resource_index
creating /home/palneel/ros2_ws/install/node_pkg/share/ament_index/resource_index/packages
copying resource/node_pkg -> /home/palneel/ros2_ws/install/node_pkg/share/ament_index/resource_index/packages
copying package.xml -> /home/palneel/ros2_ws/install/node_pkg/share/node_pkg
running install_egg_info
Copying ../../build/node_pkg/node_pkg.egg-info to /home/palneel/ros2_ws/install/node_pkg/lib/python3.10/site-packages/node_pkg-0.0.0-py3.10.egg-info
running install_scripts
writing list of installed files to '/home/palneel/ros2_ws/build/node_pkg/install.log'
