[0.556s] Invoking command in '/home/palneel/ros2_ws/build/my_package': PYTHONPATH=/home/palneel/ros2_ws/build/my_package/prefix_override:/home/palneel/ros2_ws/install/my_package/lib/python3.10/site-packages:${PYTHONPATH} /usr/bin/python3 setup.py develop --uninstall --editable --build-directory /home/palneel/ros2_ws/build/my_package/build
[0.720s] running develop
[0.721s] /usr/lib/python3/dist-packages/setuptools/command/easy_install.py:158: EasyInstallDeprecationWarning: easy_install command is deprecated. Use build and pip and other standards-based tools.
[0.721s]   warnings.warn(
[0.721s] /usr/lib/python3/dist-packages/setuptools/command/install.py:34: SetuptoolsDeprecationWarning: setup.py install is deprecated. Use build and pip and other standards-based tools.
[0.721s]   warnings.warn(
[0.843s] Invoked command in '/home/palneel/ros2_ws/build/my_package' returned '0': PYTHONPATH=/home/palneel/ros2_ws/build/my_package/prefix_override:/home/palneel/ros2_ws/install/my_package/lib/python3.10/site-packages:${PYTHONPATH} /usr/bin/python3 setup.py develop --uninstall --editable --build-directory /home/palneel/ros2_ws/build/my_package/build
[0.844s] Invoking command in '/home/palneel/ros2_ws/src/my_package': PYTHONPATH=/home/palneel/ros2_ws/build/my_package/prefix_override:/home/palneel/ros2_ws/install/my_package/lib/python3.10/site-packages:${PYTHONPATH} /usr/bin/python3 setup.py egg_info --egg-base ../../build/my_package build --build-base /home/palneel/ros2_ws/build/my_package/build install --record /home/palneel/ros2_ws/build/my_package/install.log --single-version-externally-managed
[0.994s] running egg_info
[0.995s] writing ../../build/my_package/my_package.egg-info/PKG-INFO
[0.995s] writing dependency_links to ../../build/my_package/my_package.egg-info/dependency_links.txt
[0.995s] writing entry points to ../../build/my_package/my_package.egg-info/entry_points.txt
[0.995s] writing requirements to ../../build/my_package/my_package.egg-info/requires.txt
[0.995s] writing top-level names to ../../build/my_package/my_package.egg-info/top_level.txt
[0.997s] reading manifest file '../../build/my_package/my_package.egg-info/SOURCES.txt'
[0.997s] writing manifest file '../../build/my_package/my_package.egg-info/SOURCES.txt'
[0.997s] running build
[0.997s] running build_py
[0.998s] running install
[0.998s] /usr/lib/python3/dist-packages/setuptools/command/install.py:34: SetuptoolsDeprecationWarning: setup.py install is deprecated. Use build and pip and other standards-based tools.
[0.998s]   warnings.warn(
[0.998s] running install_lib
[0.999s] running install_data
[0.999s] running install_egg_info
[1.000s] removing '/home/palneel/ros2_ws/install/my_package/lib/python3.10/site-packages/my_package-0.0.0-py3.10.egg-info' (and everything under it)
[1.000s] Copying ../../build/my_package/my_package.egg-info to /home/palneel/ros2_ws/install/my_package/lib/python3.10/site-packages/my_package-0.0.0-py3.10.egg-info
[1.001s] running install_scripts
[1.016s] Installing add_two_ints_server script to /home/palneel/ros2_ws/install/my_package/lib/my_package
[1.016s] Installing robot_publisher script to /home/palneel/ros2_ws/install/my_package/lib/my_package
[1.017s] Installing robot_subscriber script to /home/palneel/ros2_ws/install/my_package/lib/my_package
[1.017s] Installing sample script to /home/palneel/ros2_ws/install/my_package/lib/my_package
[1.017s] Installing turtlesim_controller script to /home/palneel/ros2_ws/install/my_package/lib/my_package
[1.017s] writing list of installed files to '/home/palneel/ros2_ws/build/my_package/install.log'
[1.038s] Invoked command in '/home/palneel/ros2_ws/src/my_package' returned '0': PYTHONPATH=/home/palneel/ros2_ws/build/my_package/prefix_override:/home/palneel/ros2_ws/install/my_package/lib/python3.10/site-packages:${PYTHONPATH} /usr/bin/python3 setup.py egg_info --egg-base ../../build/my_package build --build-base /home/palneel/ros2_ws/build/my_package/build install --record /home/palneel/ros2_ws/build/my_package/install.log --single-version-externally-managed
