/home/palneel/ros2_ws/install/lab4/lib/python3.10/site-packages/lab4/move_robot.py
/home/palneel/ros2_ws/install/lab4/lib/python3.10/site-packages/lab4/wall_follower.py
/home/palneel/ros2_ws/install/lab4/lib/python3.10/site-packages/lab4/__init__.py
/home/palneel/ros2_ws/install/lab4/lib/python3.10/site-packages/lab4/__pycache__/move_robot.cpython-310.pyc
/home/palneel/ros2_ws/install/lab4/lib/python3.10/site-packages/lab4/__pycache__/wall_follower.cpython-310.pyc
/home/palneel/ros2_ws/install/lab4/lib/python3.10/site-packages/lab4/__pycache__/__init__.cpython-310.pyc
/home/palneel/ros2_ws/install/lab4/share/ament_index/resource_index/packages/lab4
/home/palneel/ros2_ws/install/lab4/share/lab4/package.xml
/home/palneel/ros2_ws/install/lab4/share/lab4/three_wheeled_robot.urdf
/home/palneel/ros2_ws/install/lab4/share/lab4/four_wheeled_robot.urdf
/home/palneel/ros2_ws/install/lab4/share/lab4/manipulator.urdf
/home/palneel/ros2_ws/install/lab4/share/lab4/gazebo.launch.py
/home/palneel/ros2_ws/install/lab4/share/lab4/four_wheel.launch.py
/home/palneel/ros2_ws/install/lab4/share/lab4/rviz.launch.py
/home/palneel/ros2_ws/install/lab4/lib/python3.10/site-packages/lab4-0.0.0-py3.10.egg-info/entry_points.txt
/home/palneel/ros2_ws/install/lab4/lib/python3.10/site-packages/lab4-0.0.0-py3.10.egg-info/SOURCES.txt
/home/palneel/ros2_ws/install/lab4/lib/python3.10/site-packages/lab4-0.0.0-py3.10.egg-info/zip-safe
/home/palneel/ros2_ws/install/lab4/lib/python3.10/site-packages/lab4-0.0.0-py3.10.egg-info/requires.txt
/home/palneel/ros2_ws/install/lab4/lib/python3.10/site-packages/lab4-0.0.0-py3.10.egg-info/top_level.txt
/home/palneel/ros2_ws/install/lab4/lib/python3.10/site-packages/lab4-0.0.0-py3.10.egg-info/dependency_links.txt
/home/palneel/ros2_ws/install/lab4/lib/python3.10/site-packages/lab4-0.0.0-py3.10.egg-info/PKG-INFO
/home/palneel/ros2_ws/install/lab4/lib/lab4/controller
/home/palneel/ros2_ws/install/lab4/lib/lab4/wall_follower
