[1.711s] Invoking command in '/home/palneel/ros2_ws/build/my_package': PYTHONPATH=/home/palneel/ros2_ws/build/my_package/prefix_override:/home/palneel/ros2_ws/install/my_package/lib/python3.10/site-packages:${PYTHONPATH} /usr/bin/python3 setup.py develop --uninstall --editable --build-directory /home/palneel/ros2_ws/build/my_package/build
[2.151s] running develop
[2.151s] /usr/lib/python3/dist-packages/setuptools/command/easy_install.py:158: EasyInstallDeprecationWarning: easy_install command is deprecated. Use build and pip and other standards-based tools.
[2.151s]   warnings.warn(
[2.153s] /usr/lib/python3/dist-packages/setuptools/command/install.py:34: SetuptoolsDeprecationWarning: setup.py install is deprecated. Use build and pip and other standards-based tools.
[2.153s]   warnings.warn(
[2.429s] Invoked command in '/home/palneel/ros2_ws/build/my_package' returned '0': PYTHONPATH=/home/palneel/ros2_ws/build/my_package/prefix_override:/home/palneel/ros2_ws/install/my_package/lib/python3.10/site-packages:${PYTHONPATH} /usr/bin/python3 setup.py develop --uninstall --editable --build-directory /home/palneel/ros2_ws/build/my_package/build
[2.431s] Invoking command in '/home/palneel/ros2_ws/src/my_package': PYTHONPATH=/home/palneel/ros2_ws/build/my_package/prefix_override:/home/palneel/ros2_ws/install/my_package/lib/python3.10/site-packages:${PYTHONPATH} /usr/bin/python3 setup.py egg_info --egg-base ../../build/my_package build --build-base /home/palneel/ros2_ws/build/my_package/build install --record /home/palneel/ros2_ws/build/my_package/install.log --single-version-externally-managed
[2.691s] running egg_info
[2.692s] writing ../../build/my_package/my_package.egg-info/PKG-INFO
[2.693s] writing dependency_links to ../../build/my_package/my_package.egg-info/dependency_links.txt
[2.693s] writing entry points to ../../build/my_package/my_package.egg-info/entry_points.txt
[2.693s] writing requirements to ../../build/my_package/my_package.egg-info/requires.txt
[2.693s] writing top-level names to ../../build/my_package/my_package.egg-info/top_level.txt
[2.695s] reading manifest file '../../build/my_package/my_package.egg-info/SOURCES.txt'
[2.696s] writing manifest file '../../build/my_package/my_package.egg-info/SOURCES.txt'
[2.696s] running build
[2.696s] running build_py
[2.696s] running install
[2.697s] /usr/lib/python3/dist-packages/setuptools/command/install.py:34: SetuptoolsDeprecationWarning: setup.py install is deprecated. Use build and pip and other standards-based tools.
[2.697s]   warnings.warn(
[2.697s] running install_lib
[2.699s] running install_data
[2.699s] error: can't copy 'launch/__pycache__': doesn't exist or not a regular file
[2.724s] Invoked command in '/home/palneel/ros2_ws/src/my_package' returned '1': PYTHONPATH=/home/palneel/ros2_ws/build/my_package/prefix_override:/home/palneel/ros2_ws/install/my_package/lib/python3.10/site-packages:${PYTHONPATH} /usr/bin/python3 setup.py egg_info --egg-base ../../build/my_package build --build-base /home/palneel/ros2_ws/build/my_package/build install --record /home/palneel/ros2_ws/build/my_package/install.log --single-version-externally-managed
