[1.046s] Invoking command in '/home/palneel/ros2_ws/src/node_pkg': PYTHONPATH=/home/palneel/ros2_ws/build/node_pkg/prefix_override:/home/palneel/ros2_ws/install/node_pkg/lib/python3.10/site-packages:${PYTHONPATH} /usr/bin/python3 setup.py egg_info --egg-base ../../build/node_pkg build --build-base /home/palneel/ros2_ws/build/node_pkg/build install --record /home/palneel/ros2_ws/build/node_pkg/install.log --single-version-externally-managed
[1.215s] running egg_info
[1.216s] writing ../../build/node_pkg/node_pkg.egg-info/PKG-INFO
[1.216s] writing dependency_links to ../../build/node_pkg/node_pkg.egg-info/dependency_links.txt
[1.217s] writing entry points to ../../build/node_pkg/node_pkg.egg-info/entry_points.txt
[1.217s] writing requirements to ../../build/node_pkg/node_pkg.egg-info/requires.txt
[1.217s] writing top-level names to ../../build/node_pkg/node_pkg.egg-info/top_level.txt
[1.219s] reading manifest file '../../build/node_pkg/node_pkg.egg-info/SOURCES.txt'
[1.219s] writing manifest file '../../build/node_pkg/node_pkg.egg-info/SOURCES.txt'
[1.219s] running build
[1.219s] running build_py
[1.220s] running install
[1.220s] /usr/lib/python3/dist-packages/setuptools/command/install.py:34: SetuptoolsDeprecationWarning: setup.py install is deprecated. Use build and pip and other standards-based tools.
[1.220s]   warnings.warn(
[1.220s] running install_lib
[1.221s] running install_data
[1.222s] running install_egg_info
[1.223s] removing '/home/palneel/ros2_ws/install/node_pkg/lib/python3.10/site-packages/node_pkg-0.0.0-py3.10.egg-info' (and everything under it)
[1.223s] Copying ../../build/node_pkg/node_pkg.egg-info to /home/palneel/ros2_ws/install/node_pkg/lib/python3.10/site-packages/node_pkg-0.0.0-py3.10.egg-info
[1.224s] running install_scripts
[1.240s] Installing Node1 script to /home/palneel/ros2_ws/install/node_pkg/lib/node_pkg
[1.241s] writing list of installed files to '/home/palneel/ros2_ws/build/node_pkg/install.log'
[1.278s] Invoked command in '/home/palneel/ros2_ws/src/node_pkg' returned '0': PYTHONPATH=/home/palneel/ros2_ws/build/node_pkg/prefix_override:/home/palneel/ros2_ws/install/node_pkg/lib/python3.10/site-packages:${PYTHONPATH} /usr/bin/python3 setup.py egg_info --egg-base ../../build/node_pkg build --build-base /home/palneel/ros2_ws/build/node_pkg/build install --record /home/palneel/ros2_ws/build/node_pkg/install.log --single-version-externally-managed
