[0.735s] Invoking command in '/home/palneel/ros2_ws/build/pub_sub': PYTHONPATH=/home/palneel/ros2_ws/build/pub_sub/prefix_override:/home/palneel/ros2_ws/install/pub_sub/lib/python3.10/site-packages:${PYTHONPATH} /usr/bin/python3 setup.py develop --uninstall --editable --build-directory /home/palneel/ros2_ws/build/pub_sub/build
[0.909s] running develop
[0.909s] /usr/lib/python3/dist-packages/setuptools/command/easy_install.py:158: EasyInstallDeprecationWarning: easy_install command is deprecated. Use build and pip and other standards-based tools.
[0.909s]   warnings.warn(
[0.910s] /usr/lib/python3/dist-packages/setuptools/command/install.py:34: SetuptoolsDeprecationWarning: setup.py install is deprecated. Use build and pip and other standards-based tools.
[0.910s]   warnings.warn(
[1.046s] Invoked command in '/home/palneel/ros2_ws/build/pub_sub' returned '0': PYTHONPATH=/home/palneel/ros2_ws/build/pub_sub/prefix_override:/home/palneel/ros2_ws/install/pub_sub/lib/python3.10/site-packages:${PYTHONPATH} /usr/bin/python3 setup.py develop --uninstall --editable --build-directory /home/palneel/ros2_ws/build/pub_sub/build
[1.047s] Invoking command in '/home/palneel/ros2_ws/src/pub_sub': PYTHONPATH=/home/palneel/ros2_ws/build/pub_sub/prefix_override:/home/palneel/ros2_ws/install/pub_sub/lib/python3.10/site-packages:${PYTHONPATH} /usr/bin/python3 setup.py egg_info --egg-base ../../build/pub_sub build --build-base /home/palneel/ros2_ws/build/pub_sub/build install --record /home/palneel/ros2_ws/build/pub_sub/install.log --single-version-externally-managed
[1.198s] running egg_info
[1.198s] writing ../../build/pub_sub/pub_sub.egg-info/PKG-INFO
[1.199s] writing dependency_links to ../../build/pub_sub/pub_sub.egg-info/dependency_links.txt
[1.199s] writing entry points to ../../build/pub_sub/pub_sub.egg-info/entry_points.txt
[1.199s] writing requirements to ../../build/pub_sub/pub_sub.egg-info/requires.txt
[1.199s] writing top-level names to ../../build/pub_sub/pub_sub.egg-info/top_level.txt
[1.200s] reading manifest file '../../build/pub_sub/pub_sub.egg-info/SOURCES.txt'
[1.201s] writing manifest file '../../build/pub_sub/pub_sub.egg-info/SOURCES.txt'
[1.201s] running build
[1.201s] running build_py
[1.201s] copying pub_sub/sample.py -> /home/palneel/ros2_ws/build/pub_sub/build/lib/pub_sub
[1.201s] running install
[1.201s] /usr/lib/python3/dist-packages/setuptools/command/install.py:34: SetuptoolsDeprecationWarning: setup.py install is deprecated. Use build and pip and other standards-based tools.
[1.201s]   warnings.warn(
[1.201s] running install_lib
[1.202s] copying /home/palneel/ros2_ws/build/pub_sub/build/lib/pub_sub/sample.py -> /home/palneel/ros2_ws/install/pub_sub/lib/python3.10/site-packages/pub_sub
[1.202s] byte-compiling /home/palneel/ros2_ws/install/pub_sub/lib/python3.10/site-packages/pub_sub/sample.py to sample.cpython-310.pyc
[1.203s] running install_data
[1.203s] running install_egg_info
[1.205s] removing '/home/palneel/ros2_ws/install/pub_sub/lib/python3.10/site-packages/pub_sub-0.0.0-py3.10.egg-info' (and everything under it)
[1.205s] Copying ../../build/pub_sub/pub_sub.egg-info to /home/palneel/ros2_ws/install/pub_sub/lib/python3.10/site-packages/pub_sub-0.0.0-py3.10.egg-info
[1.205s] running install_scripts
[1.221s] Installing publisher script to /home/palneel/ros2_ws/install/pub_sub/lib/pub_sub
[1.221s] Installing sample script to /home/palneel/ros2_ws/install/pub_sub/lib/pub_sub
[1.222s] Installing subscriber script to /home/palneel/ros2_ws/install/pub_sub/lib/pub_sub
[1.222s] writing list of installed files to '/home/palneel/ros2_ws/build/pub_sub/install.log'
[1.247s] Invoked command in '/home/palneel/ros2_ws/src/pub_sub' returned '0': PYTHONPATH=/home/palneel/ros2_ws/build/pub_sub/prefix_override:/home/palneel/ros2_ws/install/pub_sub/lib/python3.10/site-packages:${PYTHONPATH} /usr/bin/python3 setup.py egg_info --egg-base ../../build/pub_sub build --build-base /home/palneel/ros2_ws/build/pub_sub/build install --record /home/palneel/ros2_ws/build/pub_sub/install.log --single-version-externally-managed
