[1.572s] Invoking command in '/home/palneel/ros2_ws/src/roboarm': PYTHONPATH=/home/palneel/ros2_ws/build/roboarm/prefix_override:/home/palneel/ros2_ws/install/roboarm/lib/python3.10/site-packages:${PYTHONPATH} /usr/bin/python3 setup.py egg_info --egg-base ../../build/roboarm build --build-base /home/palneel/ros2_ws/build/roboarm/build install --record /home/palneel/ros2_ws/build/roboarm/install.log --single-version-externally-managed
[1.799s] running egg_info
[1.800s] writing ../../build/roboarm/roboarm.egg-info/PKG-INFO
[1.800s] writing dependency_links to ../../build/roboarm/roboarm.egg-info/dependency_links.txt
[1.800s] writing entry points to ../../build/roboarm/roboarm.egg-info/entry_points.txt
[1.800s] writing requirements to ../../build/roboarm/roboarm.egg-info/requires.txt
[1.800s] writing top-level names to ../../build/roboarm/roboarm.egg-info/top_level.txt
[1.801s] reading manifest file '../../build/roboarm/roboarm.egg-info/SOURCES.txt'
[1.801s] writing manifest file '../../build/roboarm/roboarm.egg-info/SOURCES.txt'
[1.803s] running build
[1.804s] running build_py
[1.804s] running install
[1.805s] /usr/lib/python3/dist-packages/setuptools/command/install.py:34: SetuptoolsDeprecationWarning: setup.py install is deprecated. Use build and pip and other standards-based tools.
[1.805s]   warnings.warn(
[1.805s] running install_lib
[1.805s] running install_data
[1.805s] running install_egg_info
[1.809s] removing '/home/palneel/ros2_ws/install/roboarm/lib/python3.10/site-packages/roboarm-0.0.0-py3.10.egg-info' (and everything under it)
[1.809s] Copying ../../build/roboarm/roboarm.egg-info to /home/palneel/ros2_ws/install/roboarm/lib/python3.10/site-packages/roboarm-0.0.0-py3.10.egg-info
[1.809s] running install_scripts
[1.835s] writing list of installed files to '/home/palneel/ros2_ws/build/roboarm/install.log'
[1.876s] Invoked command in '/home/palneel/ros2_ws/src/roboarm' returned '0': PYTHONPATH=/home/palneel/ros2_ws/build/roboarm/prefix_override:/home/palneel/ros2_ws/install/roboarm/lib/python3.10/site-packages:${PYTHONPATH} /usr/bin/python3 setup.py egg_info --egg-base ../../build/roboarm build --build-base /home/palneel/ros2_ws/build/roboarm/build install --record /home/palneel/ros2_ws/build/roboarm/install.log --single-version-externally-managed
