[0.551s] Invoking command in '/home/palneel/ros2_ws/build/pub_sub': PYTHONPATH=/home/palneel/ros2_ws/build/pub_sub/prefix_override:/home/palneel/ros2_ws/install/pub_sub/lib/python3.10/site-packages:${PYTHONPATH} /usr/bin/python3 setup.py develop --uninstall --editable --build-directory /home/palneel/ros2_ws/build/pub_sub/build
[0.716s] running develop
[0.716s] /usr/lib/python3/dist-packages/setuptools/command/easy_install.py:158: EasyInstallDeprecationWarning: easy_install command is deprecated. Use build and pip and other standards-based tools.
[0.716s]   warnings.warn(
[0.717s] /usr/lib/python3/dist-packages/setuptools/command/install.py:34: SetuptoolsDeprecationWarning: setup.py install is deprecated. Use build and pip and other standards-based tools.
[0.717s]   warnings.warn(
[0.816s] Removing /home/palneel/ros2_ws/install/pub_sub/lib/python3.10/site-packages/pub-sub.egg-link (link to .)
[0.843s] Invoked command in '/home/palneel/ros2_ws/build/pub_sub' returned '0': PYTHONPATH=/home/palneel/ros2_ws/build/pub_sub/prefix_override:/home/palneel/ros2_ws/install/pub_sub/lib/python3.10/site-packages:${PYTHONPATH} /usr/bin/python3 setup.py develop --uninstall --editable --build-directory /home/palneel/ros2_ws/build/pub_sub/build
[0.844s] Invoking command in '/home/palneel/ros2_ws/src/pub_sub': PYTHONPATH=/home/palneel/ros2_ws/build/pub_sub/prefix_override:/home/palneel/ros2_ws/install/pub_sub/lib/python3.10/site-packages:${PYTHONPATH} /usr/bin/python3 setup.py egg_info --egg-base ../../build/pub_sub build --build-base /home/palneel/ros2_ws/build/pub_sub/build install --record /home/palneel/ros2_ws/build/pub_sub/install.log --single-version-externally-managed
[0.994s] running egg_info
[0.995s] writing ../../build/pub_sub/pub_sub.egg-info/PKG-INFO
[0.995s] writing dependency_links to ../../build/pub_sub/pub_sub.egg-info/dependency_links.txt
[0.995s] writing entry points to ../../build/pub_sub/pub_sub.egg-info/entry_points.txt
[0.995s] writing requirements to ../../build/pub_sub/pub_sub.egg-info/requires.txt
[0.995s] writing top-level names to ../../build/pub_sub/pub_sub.egg-info/top_level.txt
[0.996s] reading manifest file '../../build/pub_sub/pub_sub.egg-info/SOURCES.txt'
[0.997s] writing manifest file '../../build/pub_sub/pub_sub.egg-info/SOURCES.txt'
[0.997s] running build
[0.997s] running build_py
[0.997s] running install
[0.997s] /usr/lib/python3/dist-packages/setuptools/command/install.py:34: SetuptoolsDeprecationWarning: setup.py install is deprecated. Use build and pip and other standards-based tools.
[0.997s]   warnings.warn(
[0.998s] running install_lib
[0.998s] creating /home/palneel/ros2_ws/install/pub_sub/lib/python3.10/site-packages/pub_sub
[0.998s] copying /home/palneel/ros2_ws/build/pub_sub/build/lib/pub_sub/publisher.py -> /home/palneel/ros2_ws/install/pub_sub/lib/python3.10/site-packages/pub_sub
[0.998s] copying /home/palneel/ros2_ws/build/pub_sub/build/lib/pub_sub/sample.py -> /home/palneel/ros2_ws/install/pub_sub/lib/python3.10/site-packages/pub_sub
[0.998s] copying /home/palneel/ros2_ws/build/pub_sub/build/lib/pub_sub/__init__.py -> /home/palneel/ros2_ws/install/pub_sub/lib/python3.10/site-packages/pub_sub
[0.999s] byte-compiling /home/palneel/ros2_ws/install/pub_sub/lib/python3.10/site-packages/pub_sub/publisher.py to publisher.cpython-310.pyc
[0.999s] byte-compiling /home/palneel/ros2_ws/install/pub_sub/lib/python3.10/site-packages/pub_sub/sample.py to sample.cpython-310.pyc
[0.999s] byte-compiling /home/palneel/ros2_ws/install/pub_sub/lib/python3.10/site-packages/pub_sub/__init__.py to __init__.cpython-310.pyc
[0.999s] running install_data
[1.000s] running install_egg_info
[1.001s] Copying ../../build/pub_sub/pub_sub.egg-info to /home/palneel/ros2_ws/install/pub_sub/lib/python3.10/site-packages/pub_sub-0.0.0-py3.10.egg-info
[1.001s] running install_scripts
[1.017s] Installing publisher script to /home/palneel/ros2_ws/install/pub_sub/lib/pub_sub
[1.017s] Installing sample script to /home/palneel/ros2_ws/install/pub_sub/lib/pub_sub
[1.017s] writing list of installed files to '/home/palneel/ros2_ws/build/pub_sub/install.log'
[1.042s] Invoked command in '/home/palneel/ros2_ws/src/pub_sub' returned '0': PYTHONPATH=/home/palneel/ros2_ws/build/pub_sub/prefix_override:/home/palneel/ros2_ws/install/pub_sub/lib/python3.10/site-packages:${PYTHONPATH} /usr/bin/python3 setup.py egg_info --egg-base ../../build/pub_sub build --build-base /home/palneel/ros2_ws/build/pub_sub/build install --record /home/palneel/ros2_ws/build/pub_sub/install.log --single-version-externally-managed
