[0.370s] Invoking command in '/home/palneel/ros2_ws/src/learning_tf2_py': PYTHONPATH=/home/palneel/ros2_ws/build/learning_tf2_py/prefix_override:/home/palneel/ros2_ws/install/learning_tf2_py/lib/python3.10/site-packages:${PYTHONPATH} /usr/bin/python3 setup.py egg_info --egg-base ../../build/learning_tf2_py build --build-base /home/palneel/ros2_ws/build/learning_tf2_py/build install --record /home/palneel/ros2_ws/build/learning_tf2_py/install.log --single-version-externally-managed
[0.512s] running egg_info
[0.513s] creating ../../build/learning_tf2_py/learning_tf2_py.egg-info
[0.513s] writing ../../build/learning_tf2_py/learning_tf2_py.egg-info/PKG-INFO
[0.513s] writing dependency_links to ../../build/learning_tf2_py/learning_tf2_py.egg-info/dependency_links.txt
[0.513s] writing entry points to ../../build/learning_tf2_py/learning_tf2_py.egg-info/entry_points.txt
[0.513s] writing requirements to ../../build/learning_tf2_py/learning_tf2_py.egg-info/requires.txt
[0.513s] writing top-level names to ../../build/learning_tf2_py/learning_tf2_py.egg-info/top_level.txt
[0.513s] writing manifest file '../../build/learning_tf2_py/learning_tf2_py.egg-info/SOURCES.txt'
[0.514s] reading manifest file '../../build/learning_tf2_py/learning_tf2_py.egg-info/SOURCES.txt'
[0.515s] writing manifest file '../../build/learning_tf2_py/learning_tf2_py.egg-info/SOURCES.txt'
[0.515s] running build
[0.515s] running build_py
[0.515s] creating /home/palneel/ros2_ws/build/learning_tf2_py/build
[0.515s] creating /home/palneel/ros2_ws/build/learning_tf2_py/build/lib
[0.515s] creating /home/palneel/ros2_ws/build/learning_tf2_py/build/lib/learning_tf2_py
[0.515s] copying learning_tf2_py/static_turtle_tf2_broadcaster.py -> /home/palneel/ros2_ws/build/learning_tf2_py/build/lib/learning_tf2_py
[0.516s] copying learning_tf2_py/__init__.py -> /home/palneel/ros2_ws/build/learning_tf2_py/build/lib/learning_tf2_py
[0.516s] running install
[0.516s] running install_lib
[0.516s] /usr/lib/python3/dist-packages/setuptools/command/install.py:34: SetuptoolsDeprecationWarning: setup.py install is deprecated. Use build and pip and other standards-based tools.
[0.516s]   warnings.warn(
[0.516s] creating /home/palneel/ros2_ws/install/learning_tf2_py/lib/python3.10/site-packages/learning_tf2_py
[0.516s] copying /home/palneel/ros2_ws/build/learning_tf2_py/build/lib/learning_tf2_py/static_turtle_tf2_broadcaster.py -> /home/palneel/ros2_ws/install/learning_tf2_py/lib/python3.10/site-packages/learning_tf2_py
[0.516s] copying /home/palneel/ros2_ws/build/learning_tf2_py/build/lib/learning_tf2_py/__init__.py -> /home/palneel/ros2_ws/install/learning_tf2_py/lib/python3.10/site-packages/learning_tf2_py
[0.516s] byte-compiling /home/palneel/ros2_ws/install/learning_tf2_py/lib/python3.10/site-packages/learning_tf2_py/static_turtle_tf2_broadcaster.py to static_turtle_tf2_broadcaster.cpython-310.pyc
[0.517s] byte-compiling /home/palneel/ros2_ws/install/learning_tf2_py/lib/python3.10/site-packages/learning_tf2_py/__init__.py to __init__.cpython-310.pyc
[0.517s] running install_data
[0.517s] creating /home/palneel/ros2_ws/install/learning_tf2_py/share/ament_index
[0.517s] creating /home/palneel/ros2_ws/install/learning_tf2_py/share/ament_index/resource_index
[0.517s] creating /home/palneel/ros2_ws/install/learning_tf2_py/share/ament_index/resource_index/packages
[0.517s] copying resource/learning_tf2_py -> /home/palneel/ros2_ws/install/learning_tf2_py/share/ament_index/resource_index/packages
[0.517s] copying package.xml -> /home/palneel/ros2_ws/install/learning_tf2_py/share/learning_tf2_py
[0.518s] running install_egg_info
[0.519s] Copying ../../build/learning_tf2_py/learning_tf2_py.egg-info to /home/palneel/ros2_ws/install/learning_tf2_py/lib/python3.10/site-packages/learning_tf2_py-0.0.0-py3.10.egg-info
[0.519s] running install_scripts
[0.533s] Installing static_turtle_tf2_broadcaster script to /home/palneel/ros2_ws/install/learning_tf2_py/lib/learning_tf2_py
[0.533s] writing list of installed files to '/home/palneel/ros2_ws/build/learning_tf2_py/install.log'
[0.551s] Invoked command in '/home/palneel/ros2_ws/src/learning_tf2_py' returned '0': PYTHONPATH=/home/palneel/ros2_ws/build/learning_tf2_py/prefix_override:/home/palneel/ros2_ws/install/learning_tf2_py/lib/python3.10/site-packages:${PYTHONPATH} /usr/bin/python3 setup.py egg_info --egg-base ../../build/learning_tf2_py build --build-base /home/palneel/ros2_ws/build/learning_tf2_py/build install --record /home/palneel/ros2_ws/build/learning_tf2_py/install.log --single-version-externally-managed
