[1.743s] Invoking command in '/home/palneel/ros2_ws/src/node_pkg': PYTHONPATH=/home/palneel/ros2_ws/build/node_pkg/prefix_override:/home/palneel/ros2_ws/install/node_pkg/lib/python3.10/site-packages:${PYTHONPATH} /usr/bin/python3 setup.py egg_info --egg-base ../../build/node_pkg build --build-base /home/palneel/ros2_ws/build/node_pkg/build install --record /home/palneel/ros2_ws/build/node_pkg/install.log --single-version-externally-managed
[2.114s] running egg_info
[2.116s] writing ../../build/node_pkg/node_pkg.egg-info/PKG-INFO
[2.116s] writing dependency_links to ../../build/node_pkg/node_pkg.egg-info/dependency_links.txt
[2.116s] writing entry points to ../../build/node_pkg/node_pkg.egg-info/entry_points.txt
[2.117s] writing requirements to ../../build/node_pkg/node_pkg.egg-info/requires.txt
[2.117s] writing top-level names to ../../build/node_pkg/node_pkg.egg-info/top_level.txt
[2.120s] reading manifest file '../../build/node_pkg/node_pkg.egg-info/SOURCES.txt'
[2.121s] writing manifest file '../../build/node_pkg/node_pkg.egg-info/SOURCES.txt'
[2.122s] running build
[2.122s] running build_py
[2.122s] running install
[2.123s] /usr/lib/python3/dist-packages/setuptools/command/install.py:34: SetuptoolsDeprecationWarning: setup.py install is deprecated. Use build and pip and other standards-based tools.
[2.123s]   warnings.warn(
[2.123s] running install_lib
[2.125s] running install_data
[2.126s] running install_egg_info
[2.129s] removing '/home/palneel/ros2_ws/install/node_pkg/lib/python3.10/site-packages/node_pkg-0.0.0-py3.10.egg-info' (and everything under it)
[2.130s] Copying ../../build/node_pkg/node_pkg.egg-info to /home/palneel/ros2_ws/install/node_pkg/lib/python3.10/site-packages/node_pkg-0.0.0-py3.10.egg-info
[2.131s] running install_scripts
[2.166s] Installing Node1 script to /home/palneel/ros2_ws/install/node_pkg/lib/node_pkg
[2.167s] writing list of installed files to '/home/palneel/ros2_ws/build/node_pkg/install.log'
[2.208s] Invoked command in '/home/palneel/ros2_ws/src/node_pkg' returned '0': PYTHONPATH=/home/palneel/ros2_ws/build/node_pkg/prefix_override:/home/palneel/ros2_ws/install/node_pkg/lib/python3.10/site-packages:${PYTHONPATH} /usr/bin/python3 setup.py egg_info --egg-base ../../build/node_pkg build --build-base /home/palneel/ros2_ws/build/node_pkg/build install --record /home/palneel/ros2_ws/build/node_pkg/install.log --single-version-externally-managed
