[0.888s] Invoking command in '/home/palneel/ros2_ws/build/my_package': PYTHONPATH=/home/palneel/ros2_ws/build/my_package/prefix_override:/home/palneel/ros2_ws/install/my_package/lib/python3.10/site-packages:${PYTHONPATH} /usr/bin/python3 setup.py develop --uninstall --editable --build-directory /home/palneel/ros2_ws/build/my_package/build
[1.333s] running develop
[1.333s] /usr/lib/python3/dist-packages/setuptools/command/easy_install.py:158: EasyInstallDeprecationWarning: easy_install command is deprecated. Use build and pip and other standards-based tools.
[1.334s]   warnings.warn(
[1.335s] /usr/lib/python3/dist-packages/setuptools/command/install.py:34: SetuptoolsDeprecationWarning: setup.py install is deprecated. Use build and pip and other standards-based tools.
[1.335s]   warnings.warn(
[1.601s] Invoked command in '/home/palneel/ros2_ws/build/my_package' returned '0': PYTHONPATH=/home/palneel/ros2_ws/build/my_package/prefix_override:/home/palneel/ros2_ws/install/my_package/lib/python3.10/site-packages:${PYTHONPATH} /usr/bin/python3 setup.py develop --uninstall --editable --build-directory /home/palneel/ros2_ws/build/my_package/build
[1.604s] Invoking command in '/home/palneel/ros2_ws/src/my_package': PYTHONPATH=/home/palneel/ros2_ws/build/my_package/prefix_override:/home/palneel/ros2_ws/install/my_package/lib/python3.10/site-packages:${PYTHONPATH} /usr/bin/python3 setup.py egg_info --egg-base ../../build/my_package build --build-base /home/palneel/ros2_ws/build/my_package/build install --record /home/palneel/ros2_ws/build/my_package/install.log --single-version-externally-managed
[1.952s] running egg_info
[1.953s] writing ../../build/my_package/my_package.egg-info/PKG-INFO
[1.954s] writing dependency_links to ../../build/my_package/my_package.egg-info/dependency_links.txt
[1.954s] writing entry points to ../../build/my_package/my_package.egg-info/entry_points.txt
[1.954s] writing requirements to ../../build/my_package/my_package.egg-info/requires.txt
[1.954s] writing top-level names to ../../build/my_package/my_package.egg-info/top_level.txt
[1.957s] reading manifest file '../../build/my_package/my_package.egg-info/SOURCES.txt'
[1.958s] writing manifest file '../../build/my_package/my_package.egg-info/SOURCES.txt'
[1.958s] running build
[1.958s] running build_py
[1.959s] running install
[1.959s] /usr/lib/python3/dist-packages/setuptools/command/install.py:34: SetuptoolsDeprecationWarning: setup.py install is deprecated. Use build and pip and other standards-based tools.
[1.959s]   warnings.warn(
[1.959s] running install_lib
[1.961s] running install_data
[1.962s] running install_egg_info
[1.964s] removing '/home/palneel/ros2_ws/install/my_package/lib/python3.10/site-packages/my_package-0.0.0-py3.10.egg-info' (and everything under it)
[1.965s] Copying ../../build/my_package/my_package.egg-info to /home/palneel/ros2_ws/install/my_package/lib/python3.10/site-packages/my_package-0.0.0-py3.10.egg-info
[1.966s] running install_scripts
[1.998s] Installing pub_sub_publisher script to /home/palneel/ros2_ws/install/my_package/lib/my_package
[1.998s] Installing robot_subscriber script to /home/palneel/ros2_ws/install/my_package/lib/my_package
[1.998s] Installing sample script to /home/palneel/ros2_ws/install/my_package/lib/my_package
[1.999s] writing list of installed files to '/home/palneel/ros2_ws/build/my_package/install.log'
[2.037s] Invoked command in '/home/palneel/ros2_ws/src/my_package' returned '0': PYTHONPATH=/home/palneel/ros2_ws/build/my_package/prefix_override:/home/palneel/ros2_ws/install/my_package/lib/python3.10/site-packages:${PYTHONPATH} /usr/bin/python3 setup.py egg_info --egg-base ../../build/my_package build --build-base /home/palneel/ros2_ws/build/my_package/build install --record /home/palneel/ros2_ws/build/my_package/install.log --single-version-externally-managed
