running egg_info
writing ../../build/lab4/lab4.egg-info/PKG-INFO
writing dependency_links to ../../build/lab4/lab4.egg-info/dependency_links.txt
writing entry points to ../../build/lab4/lab4.egg-info/entry_points.txt
writing requirements to ../../build/lab4/lab4.egg-info/requires.txt
writing top-level names to ../../build/lab4/lab4.egg-info/top_level.txt
reading manifest file '../../build/lab4/lab4.egg-info/SOURCES.txt'
writing manifest file '../../build/lab4/lab4.egg-info/SOURCES.txt'
running build
running build_py
running install
running install_lib
running install_data
copying urdf/four_wheeled_robot.urdf -> /home/palneel/ros2_ws/install/lab4/share/lab4
copying launch/gazebo.launch.py -> /home/palneel/ros2_ws/install/lab4/share/lab4
copying launch/rviz.launch.py -> /home/palneel/ros2_ws/install/lab4/share/lab4
running install_egg_info
removing '/home/palneel/ros2_ws/install/lab4/lib/python3.10/site-packages/lab4-0.0.0-py3.10.egg-info' (and everything under it)
Copying ../../build/lab4/lab4.egg-info to /home/palneel/ros2_ws/install/lab4/lib/python3.10/site-packages/lab4-0.0.0-py3.10.egg-info
running install_scripts
Installing controller script to /home/palneel/ros2_ws/install/lab4/lib/lab4
writing list of installed files to '/home/palneel/ros2_ws/build/lab4/install.log'
