[0.494s] Invoking command in '/home/palneel/ros2_ws/src/lab4': PYTHONPATH=/home/palneel/ros2_ws/build/lab4/prefix_override:/home/palneel/ros2_ws/install/lab4/lib/python3.10/site-packages:${PYTHONPATH} /usr/bin/python3 setup.py egg_info --egg-base ../../build/lab4 build --build-base /home/palneel/ros2_ws/build/lab4/build install --record /home/palneel/ros2_ws/build/lab4/install.log --single-version-externally-managed
[0.641s] running egg_info
[0.641s] writing ../../build/lab4/lab4.egg-info/PKG-INFO
[0.644s] writing dependency_links to ../../build/lab4/lab4.egg-info/dependency_links.txt
[0.644s] writing entry points to ../../build/lab4/lab4.egg-info/entry_points.txt
[0.644s] writing requirements to ../../build/lab4/lab4.egg-info/requires.txt
[0.644s] writing top-level names to ../../build/lab4/lab4.egg-info/top_level.txt
[0.645s] reading manifest file '../../build/lab4/lab4.egg-info/SOURCES.txt'
[0.646s] writing manifest file '../../build/lab4/lab4.egg-info/SOURCES.txt'
[0.646s] running build
[0.646s] running build_py
[0.646s] running install
[0.647s] /usr/lib/python3/dist-packages/setuptools/command/install.py:34: SetuptoolsDeprecationWarning: setup.py install is deprecated. Use build and pip and other standards-based tools.
[0.647s]   warnings.warn(
[0.647s] running install_lib
[0.648s] running install_data
[0.649s] copying urdf/four_wheeled_robot.urdf -> /home/palneel/ros2_ws/install/lab4/share/lab4
[0.649s] copying launch/gazebo.launch.py -> /home/palneel/ros2_ws/install/lab4/share/lab4
[0.649s] copying launch/rviz.launch.py -> /home/palneel/ros2_ws/install/lab4/share/lab4
[0.649s] running install_egg_info
[0.650s] removing '/home/palneel/ros2_ws/install/lab4/lib/python3.10/site-packages/lab4-0.0.0-py3.10.egg-info' (and everything under it)
[0.651s] Copying ../../build/lab4/lab4.egg-info to /home/palneel/ros2_ws/install/lab4/lib/python3.10/site-packages/lab4-0.0.0-py3.10.egg-info
[0.651s] running install_scripts
[0.665s] Installing controller script to /home/palneel/ros2_ws/install/lab4/lib/lab4
[0.665s] writing list of installed files to '/home/palneel/ros2_ws/build/lab4/install.log'
[0.683s] Invoked command in '/home/palneel/ros2_ws/src/lab4' returned '0': PYTHONPATH=/home/palneel/ros2_ws/build/lab4/prefix_override:/home/palneel/ros2_ws/install/lab4/lib/python3.10/site-packages:${PYTHONPATH} /usr/bin/python3 setup.py egg_info --egg-base ../../build/lab4 build --build-base /home/palneel/ros2_ws/build/lab4/build install --record /home/palneel/ros2_ws/build/lab4/install.log --single-version-externally-managed
