[1.378s] Invoking command in '/home/palneel/ros2_ws/build/pub_sub': PYTHONPATH=/home/palneel/ros2_ws/build/pub_sub/prefix_override:/home/palneel/ros2_ws/install/pub_sub/lib/python3.10/site-packages:${PYTHONPATH} /usr/bin/python3 setup.py develop --uninstall --editable --build-directory /home/palneel/ros2_ws/build/pub_sub/build
[1.598s] running develop
[1.598s] /usr/lib/python3/dist-packages/setuptools/command/easy_install.py:158: EasyInstallDeprecationWarning: easy_install command is deprecated. Use build and pip and other standards-based tools.
[1.598s]   warnings.warn(
[1.599s] /usr/lib/python3/dist-packages/setuptools/command/install.py:34: SetuptoolsDeprecationWarning: setup.py install is deprecated. Use build and pip and other standards-based tools.
[1.599s]   warnings.warn(
[1.746s] Invoked command in '/home/palneel/ros2_ws/build/pub_sub' returned '0': PYTHONPATH=/home/palneel/ros2_ws/build/pub_sub/prefix_override:/home/palneel/ros2_ws/install/pub_sub/lib/python3.10/site-packages:${PYTHONPATH} /usr/bin/python3 setup.py develop --uninstall --editable --build-directory /home/palneel/ros2_ws/build/pub_sub/build
[1.747s] Invoking command in '/home/palneel/ros2_ws/src/pub_sub': PYTHONPATH=/home/palneel/ros2_ws/build/pub_sub/prefix_override:/home/palneel/ros2_ws/install/pub_sub/lib/python3.10/site-packages:${PYTHONPATH} /usr/bin/python3 setup.py egg_info --egg-base ../../build/pub_sub build --build-base /home/palneel/ros2_ws/build/pub_sub/build install --record /home/palneel/ros2_ws/build/pub_sub/install.log --single-version-externally-managed
[1.928s] running egg_info
[1.929s] writing ../../build/pub_sub/pub_sub.egg-info/PKG-INFO
[1.929s] writing dependency_links to ../../build/pub_sub/pub_sub.egg-info/dependency_links.txt
[1.929s] writing entry points to ../../build/pub_sub/pub_sub.egg-info/entry_points.txt
[1.930s] writing requirements to ../../build/pub_sub/pub_sub.egg-info/requires.txt
[1.930s] writing top-level names to ../../build/pub_sub/pub_sub.egg-info/top_level.txt
[1.932s] reading manifest file '../../build/pub_sub/pub_sub.egg-info/SOURCES.txt'
[1.932s] writing manifest file '../../build/pub_sub/pub_sub.egg-info/SOURCES.txt'
[1.932s] running build
[1.932s] running build_py
[1.932s] running install
[1.933s] /usr/lib/python3/dist-packages/setuptools/command/install.py:34: SetuptoolsDeprecationWarning: setup.py install is deprecated. Use build and pip and other standards-based tools.
[1.933s]   warnings.warn(
[1.933s] running install_lib
[1.934s] running install_data
[1.934s] running install_egg_info
[1.935s] removing '/home/palneel/ros2_ws/install/pub_sub/lib/python3.10/site-packages/pub_sub-0.0.0-py3.10.egg-info' (and everything under it)
[1.936s] Copying ../../build/pub_sub/pub_sub.egg-info to /home/palneel/ros2_ws/install/pub_sub/lib/python3.10/site-packages/pub_sub-0.0.0-py3.10.egg-info
[1.936s] running install_scripts
[1.954s] Installing publisher script to /home/palneel/ros2_ws/install/pub_sub/lib/pub_sub
[1.954s] Installing sample script to /home/palneel/ros2_ws/install/pub_sub/lib/pub_sub
[1.954s] Installing subscriber script to /home/palneel/ros2_ws/install/pub_sub/lib/pub_sub
[1.954s] writing list of installed files to '/home/palneel/ros2_ws/build/pub_sub/install.log'
[1.979s] Invoked command in '/home/palneel/ros2_ws/src/pub_sub' returned '0': PYTHONPATH=/home/palneel/ros2_ws/build/pub_sub/prefix_override:/home/palneel/ros2_ws/install/pub_sub/lib/python3.10/site-packages:${PYTHONPATH} /usr/bin/python3 setup.py egg_info --egg-base ../../build/pub_sub build --build-base /home/palneel/ros2_ws/build/pub_sub/build install --record /home/palneel/ros2_ws/build/pub_sub/install.log --single-version-externally-managed
