/home/palneel/ros2_ws/install/my_package/lib/python3.10/site-packages/my_package/add_two_ints_client.py
/home/palneel/ros2_ws/install/my_package/lib/python3.10/site-packages/my_package/turtle_controller.py
/home/palneel/ros2_ws/install/my_package/lib/python3.10/site-packages/my_package/robot_subscriber.py
/home/palneel/ros2_ws/install/my_package/lib/python3.10/site-packages/my_package/robot_publisher.py
/home/palneel/ros2_ws/install/my_package/lib/python3.10/site-packages/my_package/sample.py
/home/palneel/ros2_ws/install/my_package/lib/python3.10/site-packages/my_package/turtle_chase.py
/home/palneel/ros2_ws/install/my_package/lib/python3.10/site-packages/my_package/__init__.py
/home/palneel/ros2_ws/install/my_package/lib/python3.10/site-packages/my_package/add_two_ints_server.py
/home/palneel/ros2_ws/install/my_package/lib/python3.10/site-packages/my_package/__pycache__/add_two_ints_client.cpython-310.pyc
/home/palneel/ros2_ws/install/my_package/lib/python3.10/site-packages/my_package/__pycache__/turtle_controller.cpython-310.pyc
/home/palneel/ros2_ws/install/my_package/lib/python3.10/site-packages/my_package/__pycache__/robot_subscriber.cpython-310.pyc
/home/palneel/ros2_ws/install/my_package/lib/python3.10/site-packages/my_package/__pycache__/robot_publisher.cpython-310.pyc
/home/palneel/ros2_ws/install/my_package/lib/python3.10/site-packages/my_package/__pycache__/sample.cpython-310.pyc
/home/palneel/ros2_ws/install/my_package/lib/python3.10/site-packages/my_package/__pycache__/turtle_chase.cpython-310.pyc
/home/palneel/ros2_ws/install/my_package/lib/python3.10/site-packages/my_package/__pycache__/__init__.cpython-310.pyc
/home/palneel/ros2_ws/install/my_package/lib/python3.10/site-packages/my_package/__pycache__/add_two_ints_server.cpython-310.pyc
/home/palneel/ros2_ws/install/my_package/share/ament_index/resource_index/packages/my_package
/home/palneel/ros2_ws/install/my_package/share/my_package/package.xml
/home/palneel/ros2_ws/install/my_package/share/my_package
/home/palneel/ros2_ws/install/my_package/lib/python3.10/site-packages/my_package-0.0.0-py3.10.egg-info/entry_points.txt
/home/palneel/ros2_ws/install/my_package/lib/python3.10/site-packages/my_package-0.0.0-py3.10.egg-info/SOURCES.txt
/home/palneel/ros2_ws/install/my_package/lib/python3.10/site-packages/my_package-0.0.0-py3.10.egg-info/zip-safe
/home/palneel/ros2_ws/install/my_package/lib/python3.10/site-packages/my_package-0.0.0-py3.10.egg-info/requires.txt
/home/palneel/ros2_ws/install/my_package/lib/python3.10/site-packages/my_package-0.0.0-py3.10.egg-info/top_level.txt
/home/palneel/ros2_ws/install/my_package/lib/python3.10/site-packages/my_package-0.0.0-py3.10.egg-info/dependency_links.txt
/home/palneel/ros2_ws/install/my_package/lib/python3.10/site-packages/my_package-0.0.0-py3.10.egg-info/PKG-INFO
/home/palneel/ros2_ws/install/my_package/lib/my_package/add_two_ints_client
/home/palneel/ros2_ws/install/my_package/lib/my_package/add_two_ints_server
/home/palneel/ros2_ws/install/my_package/lib/my_package/robot_publisher
/home/palneel/ros2_ws/install/my_package/lib/my_package/robot_subscriber
/home/palneel/ros2_ws/install/my_package/lib/my_package/sample
/home/palneel/ros2_ws/install/my_package/lib/my_package/turtlesim_chase
/home/palneel/ros2_ws/install/my_package/lib/my_package/turtlesim_controller
