[0.548s] Invoking command in '/home/palneel/ros2_ws/src/pub_sub': PYTHONPATH=/home/palneel/ros2_ws/build/pub_sub/prefix_override:/home/palneel/ros2_ws/install/pub_sub/lib/python3.10/site-packages:${PYTHONPATH} /usr/bin/python3 setup.py egg_info --egg-base ../../build/pub_sub build --build-base /home/palneel/ros2_ws/build/pub_sub/build install --record /home/palneel/ros2_ws/build/pub_sub/install.log --single-version-externally-managed
[0.696s] running egg_info
[0.696s] writing ../../build/pub_sub/pub_sub.egg-info/PKG-INFO
[0.696s] writing dependency_links to ../../build/pub_sub/pub_sub.egg-info/dependency_links.txt
[0.696s] writing entry points to ../../build/pub_sub/pub_sub.egg-info/entry_points.txt
[0.696s] writing requirements to ../../build/pub_sub/pub_sub.egg-info/requires.txt
[0.696s] writing top-level names to ../../build/pub_sub/pub_sub.egg-info/top_level.txt
[0.698s] reading manifest file '../../build/pub_sub/pub_sub.egg-info/SOURCES.txt'
[0.698s] writing manifest file '../../build/pub_sub/pub_sub.egg-info/SOURCES.txt'
[0.698s] running build
[0.698s] running build_py
[0.698s] running install
[0.699s] /usr/lib/python3/dist-packages/setuptools/command/install.py:34: SetuptoolsDeprecationWarning: setup.py install is deprecated. Use build and pip and other standards-based tools.
[0.699s]   warnings.warn(
[0.699s] running install_lib
[0.700s] running install_data
[0.700s] running install_egg_info
[0.701s] removing '/home/palneel/ros2_ws/install/pub_sub/lib/python3.10/site-packages/pub_sub-0.0.0-py3.10.egg-info' (and everything under it)
[0.701s] Copying ../../build/pub_sub/pub_sub.egg-info to /home/palneel/ros2_ws/install/pub_sub/lib/python3.10/site-packages/pub_sub-0.0.0-py3.10.egg-info
[0.702s] running install_scripts
[0.717s] Installing publisher script to /home/palneel/ros2_ws/install/pub_sub/lib/pub_sub
[0.717s] Installing sample script to /home/palneel/ros2_ws/install/pub_sub/lib/pub_sub
[0.717s] writing list of installed files to '/home/palneel/ros2_ws/build/pub_sub/install.log'
[0.735s] Invoked command in '/home/palneel/ros2_ws/src/pub_sub' returned '0': PYTHONPATH=/home/palneel/ros2_ws/build/pub_sub/prefix_override:/home/palneel/ros2_ws/install/pub_sub/lib/python3.10/site-packages:${PYTHONPATH} /usr/bin/python3 setup.py egg_info --egg-base ../../build/pub_sub build --build-base /home/palneel/ros2_ws/build/pub_sub/build install --record /home/palneel/ros2_ws/build/pub_sub/install.log --single-version-externally-managed
