[4.690s] Invoking command in '/home/palneel/ros2_ws/build/pub_sub': PYTHONPATH=/home/palneel/ros2_ws/build/pub_sub/prefix_override:/home/palneel/ros2_ws/install/pub_sub/lib/python3.10/site-packages:${PYTHONPATH} /usr/bin/python3 setup.py develop --uninstall --editable --build-directory /home/palneel/ros2_ws/build/pub_sub/build
[5.573s] running develop
[5.574s] /usr/lib/python3/dist-packages/setuptools/command/easy_install.py:158: EasyInstallDeprecationWarning: easy_install command is deprecated. Use build and pip and other standards-based tools.
[5.574s]   warnings.warn(
[5.578s] /usr/lib/python3/dist-packages/setuptools/command/install.py:34: SetuptoolsDeprecationWarning: setup.py install is deprecated. Use build and pip and other standards-based tools.
[5.578s]   warnings.warn(
[6.132s] Invoked command in '/home/palneel/ros2_ws/build/pub_sub' returned '0': PYTHONPATH=/home/palneel/ros2_ws/build/pub_sub/prefix_override:/home/palneel/ros2_ws/install/pub_sub/lib/python3.10/site-packages:${PYTHONPATH} /usr/bin/python3 setup.py develop --uninstall --editable --build-directory /home/palneel/ros2_ws/build/pub_sub/build
[6.135s] Invoking command in '/home/palneel/ros2_ws/src/pub_sub': PYTHONPATH=/home/palneel/ros2_ws/build/pub_sub/prefix_override:/home/palneel/ros2_ws/install/pub_sub/lib/python3.10/site-packages:${PYTHONPATH} /usr/bin/python3 setup.py egg_info --egg-base ../../build/pub_sub build --build-base /home/palneel/ros2_ws/build/pub_sub/build install --record /home/palneel/ros2_ws/build/pub_sub/install.log --single-version-externally-managed
[6.873s] running egg_info
[6.875s] writing ../../build/pub_sub/pub_sub.egg-info/PKG-INFO
[6.876s] writing dependency_links to ../../build/pub_sub/pub_sub.egg-info/dependency_links.txt
[6.876s] writing entry points to ../../build/pub_sub/pub_sub.egg-info/entry_points.txt
[6.876s] writing requirements to ../../build/pub_sub/pub_sub.egg-info/requires.txt
[6.877s] writing top-level names to ../../build/pub_sub/pub_sub.egg-info/top_level.txt
[6.882s] reading manifest file '../../build/pub_sub/pub_sub.egg-info/SOURCES.txt'
[6.884s] writing manifest file '../../build/pub_sub/pub_sub.egg-info/SOURCES.txt'
[6.885s] running build
[6.885s] running build_py
[6.886s] running install
[6.886s] /usr/lib/python3/dist-packages/setuptools/command/install.py:34: SetuptoolsDeprecationWarning: setup.py install is deprecated. Use build and pip and other standards-based tools.
[6.886s]   warnings.warn(
[6.887s] running install_lib
[6.890s] running install_data
[6.892s] running install_egg_info
[6.897s] removing '/home/palneel/ros2_ws/install/pub_sub/lib/python3.10/site-packages/pub_sub-0.0.0-py3.10.egg-info' (and everything under it)
[6.897s] Copying ../../build/pub_sub/pub_sub.egg-info to /home/palneel/ros2_ws/install/pub_sub/lib/python3.10/site-packages/pub_sub-0.0.0-py3.10.egg-info
[6.899s] running install_scripts
[6.965s] Installing publisher script to /home/palneel/ros2_ws/install/pub_sub/lib/pub_sub
[6.966s] Installing sample script to /home/palneel/ros2_ws/install/pub_sub/lib/pub_sub
[6.967s] Installing subscriber script to /home/palneel/ros2_ws/install/pub_sub/lib/pub_sub
[6.967s] writing list of installed files to '/home/palneel/ros2_ws/build/pub_sub/install.log'
[7.049s] Invoked command in '/home/palneel/ros2_ws/src/pub_sub' returned '0': PYTHONPATH=/home/palneel/ros2_ws/build/pub_sub/prefix_override:/home/palneel/ros2_ws/install/pub_sub/lib/python3.10/site-packages:${PYTHONPATH} /usr/bin/python3 setup.py egg_info --egg-base ../../build/pub_sub build --build-base /home/palneel/ros2_ws/build/pub_sub/build install --record /home/palneel/ros2_ws/build/pub_sub/install.log --single-version-externally-managed
