[0.373s] Invoking command in '/home/palneel/ros2_ws/src/lab4': PYTHONPATH=/home/palneel/ros2_ws/build/lab4/prefix_override:/home/palneel/ros2_ws/install/lab4/lib/python3.10/site-packages:${PYTHONPATH} /usr/bin/python3 setup.py egg_info --egg-base ../../build/lab4 build --build-base /home/palneel/ros2_ws/build/lab4/build install --record /home/palneel/ros2_ws/build/lab4/install.log --single-version-externally-managed
[0.518s] running egg_info
[0.518s] creating ../../build/lab4/lab4.egg-info
[0.518s] writing ../../build/lab4/lab4.egg-info/PKG-INFO
[0.519s] writing dependency_links to ../../build/lab4/lab4.egg-info/dependency_links.txt
[0.519s] writing entry points to ../../build/lab4/lab4.egg-info/entry_points.txt
[0.519s] writing requirements to ../../build/lab4/lab4.egg-info/requires.txt
[0.519s] writing top-level names to ../../build/lab4/lab4.egg-info/top_level.txt
[0.519s] writing manifest file '../../build/lab4/lab4.egg-info/SOURCES.txt'
[0.520s] reading manifest file '../../build/lab4/lab4.egg-info/SOURCES.txt'
[0.521s] writing manifest file '../../build/lab4/lab4.egg-info/SOURCES.txt'
[0.521s] running build
[0.521s] running build_py
[0.521s] creating /home/palneel/ros2_ws/build/lab4/build
[0.521s] creating /home/palneel/ros2_ws/build/lab4/build/lib
[0.521s] creating /home/palneel/ros2_ws/build/lab4/build/lib/lab4
[0.521s] copying lab4/__init__.py -> /home/palneel/ros2_ws/build/lab4/build/lib/lab4
[0.521s] running install
[0.521s] /usr/lib/python3/dist-packages/setuptools/command/install.py:34: SetuptoolsDeprecationWarning: setup.py install is deprecated. Use build and pip and other standards-based tools.
[0.521s]   warnings.warn(
[0.521s] running install_lib
[0.521s] creating /home/palneel/ros2_ws/install/lab4/lib/python3.10/site-packages/lab4
[0.521s] copying /home/palneel/ros2_ws/build/lab4/build/lib/lab4/__init__.py -> /home/palneel/ros2_ws/install/lab4/lib/python3.10/site-packages/lab4
[0.522s] byte-compiling /home/palneel/ros2_ws/install/lab4/lib/python3.10/site-packages/lab4/__init__.py to __init__.cpython-310.pyc
[0.522s] running install_data
[0.522s] creating /home/palneel/ros2_ws/install/lab4/share/ament_index
[0.522s] creating /home/palneel/ros2_ws/install/lab4/share/ament_index/resource_index
[0.522s] creating /home/palneel/ros2_ws/install/lab4/share/ament_index/resource_index/packages
[0.522s] copying resource/lab4 -> /home/palneel/ros2_ws/install/lab4/share/ament_index/resource_index/packages
[0.522s] copying package.xml -> /home/palneel/ros2_ws/install/lab4/share/lab4
[0.522s] copying urdf/three_wheeled_robot.urdf -> /home/palneel/ros2_ws/install/lab4/share/lab4
[0.522s] copying launch/gazebo.launch.py -> /home/palneel/ros2_ws/install/lab4/share/lab4
[0.522s] copying launch/rviz.launch.py -> /home/palneel/ros2_ws/install/lab4/share/lab4
[0.522s] running install_egg_info
[0.524s] Copying ../../build/lab4/lab4.egg-info to /home/palneel/ros2_ws/install/lab4/lib/python3.10/site-packages/lab4-0.0.0-py3.10.egg-info
[0.524s] running install_scripts
[0.538s] writing list of installed files to '/home/palneel/ros2_ws/build/lab4/install.log'
[0.556s] Invoked command in '/home/palneel/ros2_ws/src/lab4' returned '0': PYTHONPATH=/home/palneel/ros2_ws/build/lab4/prefix_override:/home/palneel/ros2_ws/install/lab4/lib/python3.10/site-packages:${PYTHONPATH} /usr/bin/python3 setup.py egg_info --egg-base ../../build/lab4 build --build-base /home/palneel/ros2_ws/build/lab4/build install --record /home/palneel/ros2_ws/build/lab4/install.log --single-version-externally-managed
