[1.873s] Invoking command in '/home/palneel/ros2_ws/build/my_package': PYTHONPATH=/home/palneel/ros2_ws/build/my_package/prefix_override:/home/palneel/ros2_ws/install/my_package/lib/python3.10/site-packages:${PYTHONPATH} /usr/bin/python3 setup.py develop --uninstall --editable --build-directory /home/palneel/ros2_ws/build/my_package/build
[2.311s] running develop
[2.312s] /usr/lib/python3/dist-packages/setuptools/command/easy_install.py:158: EasyInstallDeprecationWarning: easy_install command is deprecated. Use build and pip and other standards-based tools.
[2.312s]   warnings.warn(
[2.315s] /usr/lib/python3/dist-packages/setuptools/command/install.py:34: SetuptoolsDeprecationWarning: setup.py install is deprecated. Use build and pip and other standards-based tools.
[2.315s]   warnings.warn(
[2.583s] Invoked command in '/home/palneel/ros2_ws/build/my_package' returned '0': PYTHONPATH=/home/palneel/ros2_ws/build/my_package/prefix_override:/home/palneel/ros2_ws/install/my_package/lib/python3.10/site-packages:${PYTHONPATH} /usr/bin/python3 setup.py develop --uninstall --editable --build-directory /home/palneel/ros2_ws/build/my_package/build
[2.586s] Invoking command in '/home/palneel/ros2_ws/src/my_package': PYTHONPATH=/home/palneel/ros2_ws/build/my_package/prefix_override:/home/palneel/ros2_ws/install/my_package/lib/python3.10/site-packages:${PYTHONPATH} /usr/bin/python3 setup.py egg_info --egg-base ../../build/my_package build --build-base /home/palneel/ros2_ws/build/my_package/build install --record /home/palneel/ros2_ws/build/my_package/install.log --single-version-externally-managed
[2.881s] running egg_info
[2.882s] writing ../../build/my_package/my_package.egg-info/PKG-INFO
[2.882s] writing dependency_links to ../../build/my_package/my_package.egg-info/dependency_links.txt
[2.882s] writing entry points to ../../build/my_package/my_package.egg-info/entry_points.txt
[2.882s] writing requirements to ../../build/my_package/my_package.egg-info/requires.txt
[2.882s] writing top-level names to ../../build/my_package/my_package.egg-info/top_level.txt
[2.884s] reading manifest file '../../build/my_package/my_package.egg-info/SOURCES.txt'
[2.885s] writing manifest file '../../build/my_package/my_package.egg-info/SOURCES.txt'
[2.885s] running build
[2.885s] running build_py
[2.886s] running install
[2.886s] /usr/lib/python3/dist-packages/setuptools/command/install.py:34: SetuptoolsDeprecationWarning: setup.py install is deprecated. Use build and pip and other standards-based tools.
[2.886s]   warnings.warn(
[2.886s] running install_lib
[2.888s] running install_data
[2.889s] running install_egg_info
[2.891s] removing '/home/palneel/ros2_ws/install/my_package/lib/python3.10/site-packages/my_package-0.0.0-py3.10.egg-info' (and everything under it)
[2.891s] Copying ../../build/my_package/my_package.egg-info to /home/palneel/ros2_ws/install/my_package/lib/python3.10/site-packages/my_package-0.0.0-py3.10.egg-info
[2.892s] running install_scripts
[2.917s] Installing add_two_ints_client script to /home/palneel/ros2_ws/install/my_package/lib/my_package
[2.917s] Installing add_two_ints_server script to /home/palneel/ros2_ws/install/my_package/lib/my_package
[2.917s] Installing robot_publisher script to /home/palneel/ros2_ws/install/my_package/lib/my_package
[2.918s] Installing robot_subscriber script to /home/palneel/ros2_ws/install/my_package/lib/my_package
[2.918s] Installing sample script to /home/palneel/ros2_ws/install/my_package/lib/my_package
[2.918s] Installing turtlesim_chase script to /home/palneel/ros2_ws/install/my_package/lib/my_package
[2.918s] Installing turtlesim_controller script to /home/palneel/ros2_ws/install/my_package/lib/my_package
[2.918s] writing list of installed files to '/home/palneel/ros2_ws/build/my_package/install.log'
[2.953s] Invoked command in '/home/palneel/ros2_ws/src/my_package' returned '0': PYTHONPATH=/home/palneel/ros2_ws/build/my_package/prefix_override:/home/palneel/ros2_ws/install/my_package/lib/python3.10/site-packages:${PYTHONPATH} /usr/bin/python3 setup.py egg_info --egg-base ../../build/my_package build --build-base /home/palneel/ros2_ws/build/my_package/build install --record /home/palneel/ros2_ws/build/my_package/install.log --single-version-externally-managed
