[0.381s] Invoking command in '/home/palneel/ros2_ws/build/my_package': PYTHONPATH=/home/palneel/ros2_ws/build/my_package/prefix_override:/home/palneel/ros2_ws/install/my_package/lib/python3.10/site-packages:${PYTHONPATH} /usr/bin/python3 setup.py develop --editable --build-directory /home/palneel/ros2_ws/build/my_package/build --no-deps install_data
[0.543s] running develop
[0.543s] /usr/lib/python3/dist-packages/setuptools/command/easy_install.py:158: EasyInstallDeprecationWarning: easy_install command is deprecated. Use build and pip and other standards-based tools.
[0.543s]   warnings.warn(
[0.544s] /usr/lib/python3/dist-packages/setuptools/command/install.py:34: SetuptoolsDeprecationWarning: setup.py install is deprecated. Use build and pip and other standards-based tools.
[0.544s]   warnings.warn(
[0.639s] running egg_info
[0.639s] writing my_package.egg-info/PKG-INFO
[0.639s] writing dependency_links to my_package.egg-info/dependency_links.txt
[0.639s] writing entry points to my_package.egg-info/entry_points.txt
[0.639s] writing requirements to my_package.egg-info/requires.txt
[0.639s] writing top-level names to my_package.egg-info/top_level.txt
[0.640s] reading manifest file 'my_package.egg-info/SOURCES.txt'
[0.641s] writing manifest file 'my_package.egg-info/SOURCES.txt'
[0.642s] running build_ext
[0.642s] Creating /home/palneel/ros2_ws/install/my_package/lib/python3.10/site-packages/my-package.egg-link (link to .)
[0.642s] Installing robot_publisher script to /home/palneel/ros2_ws/install/my_package/lib/my_package
[0.642s] Installing robot_subscriber script to /home/palneel/ros2_ws/install/my_package/lib/my_package
[0.643s] Installing sample script to /home/palneel/ros2_ws/install/my_package/lib/my_package
[0.643s] Installing turtlesim_controller script to /home/palneel/ros2_ws/install/my_package/lib/my_package
[0.643s] 
[0.643s] Installed /home/palneel/ros2_ws/build/my_package
[0.643s] running install_data
[0.643s] error: can't copy 'pub_sub/my_package_pub_sub.launch.py': doesn't exist or not a regular file
[0.663s] Invoked command in '/home/palneel/ros2_ws/build/my_package' returned '1': PYTHONPATH=/home/palneel/ros2_ws/build/my_package/prefix_override:/home/palneel/ros2_ws/install/my_package/lib/python3.10/site-packages:${PYTHONPATH} /usr/bin/python3 setup.py develop --editable --build-directory /home/palneel/ros2_ws/build/my_package/build --no-deps install_data
